/home/lauren/preprocessed_images_20190315.pickle
Fold	1	TrainEpoch	0	ACC	0.581137	Loss	0.676428	AUC	0.525631	AUPRC	0.159867	TN	749	FP	491	FN	113	TP	89
Fold	1	ValEpoch	0	ACC	0.859116	Loss	0.563792	AUC	0.537324	AUPRC	0.152605	TN	311	FP	0	FN	51	TP	0
Fold	1	TestEpoch	0	ACC	0.901639	Loss	0.550690	AUC	0.342424	AUPRC	0.076285	TN	110	FP	0	FN	12	TP	0
Fold	1	TrainEpoch	1	ACC	0.859917	Loss	0.497535	AUC	0.481096	AUPRC	0.133512	TN	1240	FP	0	FN	202	TP	0
Fold	1	ValEpoch	1	ACC	0.859116	Loss	0.433920	AUC	0.463968	AUPRC	0.137616	TN	311	FP	0	FN	51	TP	0
Fold	1	TestEpoch	1	ACC	0.901639	Loss	0.384783	AUC	0.369697	AUPRC	0.079532	TN	110	FP	0	FN	12	TP	0
Fold	1	TrainEpoch	2	ACC	0.859917	Loss	0.418868	AUC	0.496714	AUPRC	0.151663	TN	1240	FP	0	FN	202	TP	0
Fold	1	ValEpoch	2	ACC	0.859116	Loss	0.423236	AUC	0.507282	AUPRC	0.141076	TN	311	FP	0	FN	51	TP	0
Fold	1	TestEpoch	2	ACC	0.901639	Loss	0.334368	AUC	0.459091	AUPRC	0.090362	TN	110	FP	0	FN	12	TP	0
Fold	1	TrainEpoch	3	ACC	0.859917	Loss	0.422549	AUC	0.532086	AUPRC	0.163223	TN	1240	FP	0	FN	202	TP	0
Fold	1	ValEpoch	3	ACC	0.859116	Loss	0.438522	AUC	0.494168	AUPRC	0.145361	TN	311	FP	0	FN	51	TP	0
Fold	1	TestEpoch	3	ACC	0.901639	Loss	0.337364	AUC	0.440152	AUPRC	0.102188	TN	110	FP	0	FN	12	TP	0
Fold	1	TrainEpoch	4	ACC	0.859917	Loss	0.413236	AUC	0.576844	AUPRC	0.189875	TN	1240	FP	0	FN	202	TP	0
Fold	1	ValEpoch	4	ACC	0.859116	Loss	0.405347	AUC	0.579156	AUPRC	0.238262	TN	311	FP	0	FN	51	TP	0
Fold	1	TestEpoch	4	ACC	0.901639	Loss	0.329539	AUC	0.509848	AUPRC	0.119391	TN	110	FP	0	FN	12	TP	0
Fold	1	TrainEpoch	5	ACC	0.859917	Loss	0.391888	AUC	0.644051	AUPRC	0.228523	TN	1240	FP	0	FN	202	TP	0
Fold	1	ValEpoch	5	ACC	0.859116	Loss	0.397809	AUC	0.614400	AUPRC	0.213455	TN	311	FP	0	FN	51	TP	0
Fold	1	TestEpoch	5	ACC	0.901639	Loss	0.314889	AUC	0.678030	AUPRC	0.234263	TN	110	FP	0	FN	12	TP	0
Fold	1	TrainEpoch	6	ACC	0.859917	Loss	0.380886	AUC	0.723235	AUPRC	0.290548	TN	1240	FP	0	FN	202	TP	0
Fold	1	ValEpoch	6	ACC	0.859116	Loss	0.392306	AUC	0.647689	AUPRC	0.273316	TN	311	FP	0	FN	51	TP	0
Fold	1	TestEpoch	6	ACC	0.901639	Loss	0.320328	AUC	0.688636	AUPRC	0.260247	TN	110	FP	0	FN	12	TP	0
Fold	1	TrainEpoch	7	ACC	0.859917	Loss	0.376194	AUC	0.740211	AUPRC	0.336638	TN	1240	FP	0	FN	202	TP	0
Fold	1	ValEpoch	7	ACC	0.859116	Loss	0.386044	AUC	0.691444	AUPRC	0.311871	TN	311	FP	0	FN	51	TP	0
Fold	1	TestEpoch	7	ACC	0.901639	Loss	0.322982	AUC	0.652273	AUPRC	0.218120	TN	110	FP	0	FN	12	TP	0
Fold	1	TrainEpoch	8	ACC	0.859917	Loss	0.368126	AUC	0.761793	AUPRC	0.398960	TN	1240	FP	0	FN	202	TP	0
Fold	1	ValEpoch	8	ACC	0.859116	Loss	0.383695	AUC	0.683122	AUPRC	0.267638	TN	311	FP	0	FN	51	TP	0
Fold	1	TestEpoch	8	ACC	0.901639	Loss	0.310324	AUC	0.704545	AUPRC	0.275514	TN	110	FP	0	FN	12	TP	0
Fold	1	TrainEpoch	9	ACC	0.859917	Loss	0.362783	AUC	0.762931	AUPRC	0.422203	TN	1240	FP	0	FN	202	TP	0
Fold	1	ValEpoch	9	ACC	0.859116	Loss	0.375823	AUC	0.716096	AUPRC	0.343480	TN	311	FP	0	FN	51	TP	0
Fold	1	TestEpoch	9	ACC	0.901639	Loss	0.297183	AUC	0.737879	AUPRC	0.368427	TN	110	FP	0	FN	12	TP	0
Fold	1	TrainEpoch	10	ACC	0.859917	Loss	0.358849	AUC	0.769107	AUPRC	0.422660	TN	1240	FP	0	FN	202	TP	0
Fold	1	ValEpoch	10	ACC	0.859116	Loss	0.380417	AUC	0.693462	AUPRC	0.314032	TN	311	FP	0	FN	51	TP	0
Fold	1	TestEpoch	10	ACC	0.901639	Loss	0.290669	AUC	0.766667	AUPRC	0.316278	TN	110	FP	0	FN	12	TP	0
Fold	1	TrainEpoch	11	ACC	0.859917	Loss	0.354677	AUC	0.782338	AUPRC	0.450634	TN	1240	FP	0	FN	202	TP	0
Fold	1	ValEpoch	11	ACC	0.859116	Loss	0.372516	AUC	0.726751	AUPRC	0.339114	TN	311	FP	0	FN	51	TP	0
Fold	1	TestEpoch	11	ACC	0.901639	Loss	0.293265	AUC	0.737879	AUPRC	0.357339	TN	110	FP	0	FN	12	TP	0
Fold	1	TrainEpoch	12	ACC	0.859917	Loss	0.348497	AUC	0.798231	AUPRC	0.470154	TN	1240	FP	0	FN	202	TP	0
Fold	1	ValEpoch	12	ACC	0.859116	Loss	0.372391	AUC	0.718555	AUPRC	0.335378	TN	311	FP	0	FN	51	TP	0
Fold	1	TestEpoch	12	ACC	0.901639	Loss	0.304294	AUC	0.671970	AUPRC	0.329325	TN	110	FP	0	FN	12	TP	0
Fold	1	TrainEpoch	13	ACC	0.859917	Loss	0.345802	AUC	0.795481	AUPRC	0.487481	TN	1240	FP	0	FN	202	TP	0
Fold	1	ValEpoch	13	ACC	0.859116	Loss	0.378224	AUC	0.700775	AUPRC	0.302172	TN	311	FP	0	FN	51	TP	0
Fold	1	TestEpoch	13	ACC	0.901639	Loss	0.291654	AUC	0.762879	AUPRC	0.340373	TN	110	FP	0	FN	12	TP	0
Fold	1	TrainEpoch	14	ACC	0.859917	Loss	0.342931	AUC	0.802371	AUPRC	0.486245	TN	1240	FP	0	FN	202	TP	0
Fold	1	ValEpoch	14	ACC	0.859116	Loss	0.371202	AUC	0.716096	AUPRC	0.330983	TN	311	FP	0	FN	51	TP	0
Fold	1	TestEpoch	14	ACC	0.901639	Loss	0.299259	AUC	0.728030	AUPRC	0.358777	TN	110	FP	0	FN	12	TP	0
Fold	1	TrainEpoch	15	ACC	0.859917	Loss	0.338460	AUC	0.812740	AUPRC	0.512473	TN	1240	FP	0	FN	202	TP	0
Fold	1	ValEpoch	15	ACC	0.859116	Loss	0.370378	AUC	0.720320	AUPRC	0.351444	TN	311	FP	0	FN	51	TP	0
Fold	1	TestEpoch	15	ACC	0.901639	Loss	0.303106	AUC	0.706061	AUPRC	0.341362	TN	110	FP	0	FN	12	TP	0
Fold	1	TrainEpoch	16	ACC	0.859917	Loss	0.332767	AUC	0.825763	AUPRC	0.537174	TN	1240	FP	0	FN	202	TP	0
Fold	1	ValEpoch	16	ACC	0.859116	Loss	0.365501	AUC	0.733308	AUPRC	0.384737	TN	311	FP	0	FN	51	TP	0
Fold	1	TestEpoch	16	ACC	0.901639	Loss	0.293939	AUC	0.727273	AUPRC	0.336878	TN	110	FP	0	FN	12	TP	0
Fold	1	TrainEpoch	17	ACC	0.859917	Loss	0.328536	AUC	0.834550	AUPRC	0.558971	TN	1240	FP	0	FN	202	TP	0
Fold	1	ValEpoch	17	ACC	0.859116	Loss	0.366729	AUC	0.733686	AUPRC	0.358222	TN	311	FP	0	FN	51	TP	0
Fold	1	TestEpoch	17	ACC	0.901639	Loss	0.290431	AUC	0.743182	AUPRC	0.262804	TN	110	FP	0	FN	12	TP	0
Fold	1	TrainEpoch	18	ACC	0.859917	Loss	0.326175	AUC	0.838163	AUPRC	0.557143	TN	1240	FP	0	FN	202	TP	0
Fold	1	ValEpoch	18	ACC	0.859116	Loss	0.363810	AUC	0.741441	AUPRC	0.353802	TN	311	FP	0	FN	51	TP	0
Fold	1	TestEpoch	18	ACC	0.901639	Loss	0.299854	AUC	0.705303	AUPRC	0.305957	TN	110	FP	0	FN	12	TP	0
Fold	1	TrainEpoch	19	ACC	0.859917	Loss	0.323150	AUC	0.844706	AUPRC	0.563938	TN	1240	FP	0	FN	202	TP	0
Fold	1	ValEpoch	19	ACC	0.859116	Loss	0.363618	AUC	0.743081	AUPRC	0.351898	TN	311	FP	0	FN	51	TP	0
Fold	1	TestEpoch	19	ACC	0.901639	Loss	0.287965	AUC	0.741667	AUPRC	0.328217	TN	110	FP	0	FN	12	TP	0
Fold	1	TrainEpoch	20	ACC	0.859917	Loss	0.318607	AUC	0.848211	AUPRC	0.592731	TN	1240	FP	0	FN	202	TP	0
Fold	1	ValEpoch	20	ACC	0.859116	Loss	0.355787	AUC	0.767480	AUPRC	0.361761	TN	311	FP	0	FN	51	TP	0
Fold	1	TestEpoch	20	ACC	0.901639	Loss	0.296049	AUC	0.727273	AUPRC	0.358721	TN	110	FP	0	FN	12	TP	0
Fold	1	TrainEpoch	21	ACC	0.859917	Loss	0.312783	AUC	0.864352	AUPRC	0.602851	TN	1240	FP	0	FN	202	TP	0
Fold	1	ValEpoch	21	ACC	0.859116	Loss	0.360434	AUC	0.748187	AUPRC	0.374896	TN	311	FP	0	FN	51	TP	0
Fold	1	TestEpoch	21	ACC	0.901639	Loss	0.291870	AUC	0.734091	AUPRC	0.349721	TN	110	FP	0	FN	12	TP	0
Fold	1	TrainEpoch	22	ACC	0.859917	Loss	0.310630	AUC	0.867874	AUPRC	0.618327	TN	1240	FP	0	FN	202	TP	0
Fold	1	ValEpoch	22	ACC	0.859116	Loss	0.360860	AUC	0.745602	AUPRC	0.332720	TN	311	FP	0	FN	51	TP	0
Fold	1	TestEpoch	22	ACC	0.901639	Loss	0.291207	AUC	0.746970	AUPRC	0.329002	TN	110	FP	0	FN	12	TP	0
Fold	1	TrainEpoch	23	ACC	0.859917	Loss	0.306430	AUC	0.873730	AUPRC	0.625473	TN	1240	FP	0	FN	202	TP	0
Fold	1	ValEpoch	23	ACC	0.859116	Loss	0.361724	AUC	0.749448	AUPRC	0.359294	TN	311	FP	0	FN	51	TP	0
Fold	1	TestEpoch	23	ACC	0.901639	Loss	0.299078	AUC	0.713636	AUPRC	0.276255	TN	110	FP	0	FN	12	TP	0
Fold	1	TrainEpoch	24	ACC	0.859917	Loss	0.301269	AUC	0.885691	AUPRC	0.645366	TN	1240	FP	0	FN	202	TP	0
Fold	1	ValEpoch	24	ACC	0.859116	Loss	0.367948	AUC	0.729651	AUPRC	0.345171	TN	311	FP	0	FN	51	TP	0
Fold	1	TestEpoch	24	ACC	0.901639	Loss	0.296527	AUC	0.708333	AUPRC	0.295521	TN	110	FP	0	FN	12	TP	0
Fold	1	TrainEpoch	25	ACC	0.859917	Loss	0.298340	AUC	0.889468	AUPRC	0.659361	TN	1240	FP	0	FN	202	TP	0
Fold	1	ValEpoch	25	ACC	0.859116	Loss	0.365342	AUC	0.734947	AUPRC	0.360369	TN	311	FP	0	FN	51	TP	0
Fold	1	TestEpoch	25	ACC	0.901639	Loss	0.285553	AUC	0.756818	AUPRC	0.385432	TN	110	FP	0	FN	12	TP	0
Fold	1	TrainEpoch	26	ACC	0.859917	Loss	0.292638	AUC	0.901102	AUPRC	0.671126	TN	1240	FP	0	FN	202	TP	0
Fold	1	ValEpoch	26	ACC	0.859116	Loss	0.365545	AUC	0.739109	AUPRC	0.358431	TN	311	FP	0	FN	51	TP	0
Fold	1	TestEpoch	26	ACC	0.901639	Loss	0.296142	AUC	0.712879	AUPRC	0.324357	TN	110	FP	0	FN	12	TP	0
Fold	1	TrainEpoch	27	ACC	0.859917	Loss	0.289513	AUC	0.905645	AUPRC	0.684919	TN	1240	FP	0	FN	202	TP	0
Fold	1	ValEpoch	27	ACC	0.859116	Loss	0.371127	AUC	0.726751	AUPRC	0.310718	TN	311	FP	0	FN	51	TP	0
Fold	1	TestEpoch	27	ACC	0.901639	Loss	0.286523	AUC	0.750758	AUPRC	0.275694	TN	110	FP	0	FN	12	TP	0
Fold	1	TrainEpoch	28	ACC	0.859917	Loss	0.284613	AUC	0.914644	AUPRC	0.707285	TN	1240	FP	0	FN	202	TP	0
Fold	1	ValEpoch	28	ACC	0.859116	Loss	0.371129	AUC	0.725364	AUPRC	0.335251	TN	311	FP	0	FN	51	TP	0
Fold	1	TestEpoch	28	ACC	0.901639	Loss	0.287504	AUC	0.742424	AUPRC	0.286773	TN	110	FP	0	FN	12	TP	0
Fold	1	TrainEpoch	29	ACC	0.859917	Loss	0.278780	AUC	0.920892	AUPRC	0.722098	TN	1240	FP	0	FN	202	TP	0
Fold	1	ValEpoch	29	ACC	0.859116	Loss	0.360088	AUC	0.756699	AUPRC	0.348865	TN	311	FP	0	FN	51	TP	0
Fold	1	TestEpoch	29	ACC	0.901639	Loss	0.281517	AUC	0.762879	AUPRC	0.291335	TN	110	FP	0	FN	12	TP	0
Fold	1	TrainEpoch	30	ACC	0.859917	Loss	0.274066	AUC	0.929587	AUPRC	0.743332	TN	1240	FP	0	FN	202	TP	0
Fold	1	ValEpoch	30	ACC	0.859116	Loss	0.363769	AUC	0.748313	AUPRC	0.337167	TN	311	FP	0	FN	51	TP	0
Fold	1	TestEpoch	30	ACC	0.901639	Loss	0.276181	AUC	0.781061	AUPRC	0.314086	TN	110	FP	0	FN	12	TP	0
Fold	1	TrainEpoch	31	ACC	0.859917	Loss	0.269849	AUC	0.937037	AUPRC	0.757688	TN	1240	FP	0	FN	202	TP	0
Fold	1	ValEpoch	31	ACC	0.859116	Loss	0.365832	AUC	0.741567	AUPRC	0.353554	TN	311	FP	0	FN	51	TP	0
Fold	1	TestEpoch	31	ACC	0.901639	Loss	0.287219	AUC	0.737879	AUPRC	0.291463	TN	110	FP	0	FN	12	TP	0
Fold	1	TrainEpoch	32	ACC	0.859917	Loss	0.263478	AUC	0.947189	AUPRC	0.782352	TN	1240	FP	0	FN	202	TP	0
Fold	1	ValEpoch	32	ACC	0.859116	Loss	0.370833	AUC	0.727129	AUPRC	0.343327	TN	311	FP	0	FN	51	TP	0
Fold	1	TestEpoch	32	ACC	0.901639	Loss	0.287615	AUC	0.743182	AUPRC	0.258260	TN	110	FP	0	FN	12	TP	0
Fold	1	TrainEpoch	33	ACC	0.859917	Loss	0.260005	AUC	0.951042	AUPRC	0.792429	TN	1240	FP	0	FN	202	TP	0
Fold	1	ValEpoch	33	ACC	0.859116	Loss	0.372059	AUC	0.730408	AUPRC	0.339581	TN	311	FP	0	FN	51	TP	0
Fold	1	TestEpoch	33	ACC	0.901639	Loss	0.285230	AUC	0.740152	AUPRC	0.328093	TN	110	FP	0	FN	12	TP	0
Fold	1	TrainEpoch	34	ACC	0.859917	Loss	0.252742	AUC	0.957066	AUPRC	0.817301	TN	1240	FP	0	FN	202	TP	0
Fold	1	ValEpoch	34	ACC	0.859116	Loss	0.373640	AUC	0.733371	AUPRC	0.324277	TN	311	FP	0	FN	51	TP	0
Fold	1	TestEpoch	34	ACC	0.901639	Loss	0.277867	AUC	0.773485	AUPRC	0.309080	TN	110	FP	0	FN	12	TP	0
Fold	1	TrainEpoch	35	ACC	0.859917	Loss	0.251681	AUC	0.959071	AUPRC	0.818024	TN	1240	FP	0	FN	202	TP	0
Fold	1	ValEpoch	35	ACC	0.859116	Loss	0.374436	AUC	0.725490	AUPRC	0.339913	TN	311	FP	0	FN	51	TP	0
Fold	1	TestEpoch	35	ACC	0.901639	Loss	0.275350	AUC	0.778030	AUPRC	0.256960	TN	110	FP	0	FN	12	TP	0
Fold	1	TrainEpoch	36	ACC	0.859917	Loss	0.249504	AUC	0.955801	AUPRC	0.814534	TN	1240	FP	0	FN	202	TP	0
Fold	1	ValEpoch	36	ACC	0.859116	Loss	0.365356	AUC	0.748061	AUPRC	0.368592	TN	311	FP	0	FN	51	TP	0
Fold	1	TestEpoch	36	ACC	0.901639	Loss	0.285548	AUC	0.750758	AUPRC	0.262022	TN	110	FP	0	FN	12	TP	0
Fold	1	TrainEpoch	37	ACC	0.859917	Loss	0.240430	AUC	0.972485	AUPRC	0.869988	TN	1240	FP	0	FN	202	TP	0
Fold	1	ValEpoch	37	ACC	0.859116	Loss	0.372612	AUC	0.735830	AUPRC	0.317186	TN	311	FP	0	FN	51	TP	0
Fold	1	TestEpoch	37	ACC	0.901639	Loss	0.280604	AUC	0.768939	AUPRC	0.286772	TN	110	FP	0	FN	12	TP	0
Fold	1	TrainEpoch	38	ACC	0.859917	Loss	0.231568	AUC	0.977882	AUPRC	0.889601	TN	1240	FP	0	FN	202	TP	0
Fold	1	ValEpoch	38	ACC	0.859116	Loss	0.377804	AUC	0.729904	AUPRC	0.316230	TN	311	FP	0	FN	51	TP	0
Fold	1	TestEpoch	38	ACC	0.901639	Loss	0.278118	AUC	0.767424	AUPRC	0.322445	TN	110	FP	0	FN	12	TP	0
Fold	1	TrainEpoch	39	ACC	0.859917	Loss	0.225045	AUC	0.982190	AUPRC	0.903766	TN	1240	FP	0	FN	202	TP	0
Fold	1	ValEpoch	39	ACC	0.859116	Loss	0.372351	AUC	0.742387	AUPRC	0.352684	TN	311	FP	0	FN	51	TP	0
Fold	1	TestEpoch	39	ACC	0.901639	Loss	0.266135	AUC	0.808333	AUPRC	0.373158	TN	110	FP	0	FN	12	TP	0
Fold	1	TrainEpoch	40	ACC	0.859917	Loss	0.220483	AUC	0.986725	AUPRC	0.925278	TN	1240	FP	0	FN	202	TP	0
Fold	1	ValEpoch	40	ACC	0.859116	Loss	0.375020	AUC	0.739298	AUPRC	0.349610	TN	311	FP	0	FN	51	TP	0
Fold	1	TestEpoch	40	ACC	0.901639	Loss	0.286145	AUC	0.746970	AUPRC	0.317553	TN	110	FP	0	FN	12	TP	0
Fold	1	TrainEpoch	41	ACC	0.859917	Loss	0.214122	AUC	0.988330	AUPRC	0.929002	TN	1240	FP	0	FN	202	TP	0
Fold	1	ValEpoch	41	ACC	0.859116	Loss	0.378942	AUC	0.734632	AUPRC	0.330132	TN	311	FP	0	FN	51	TP	0
Fold	1	TestEpoch	41	ACC	0.901639	Loss	0.282220	AUC	0.757576	AUPRC	0.261904	TN	110	FP	0	FN	12	TP	0
Fold	1	TrainEpoch	42	ACC	0.859917	Loss	0.208778	AUC	0.990323	AUPRC	0.943560	TN	1240	FP	0	FN	202	TP	0
Fold	1	ValEpoch	42	ACC	0.859116	Loss	0.393617	AUC	0.720068	AUPRC	0.310690	TN	311	FP	0	FN	51	TP	0
Fold	1	TestEpoch	42	ACC	0.901639	Loss	0.287801	AUC	0.748485	AUPRC	0.310444	TN	110	FP	0	FN	12	TP	0
Fold	1	TrainEpoch	43	ACC	0.859917	Loss	0.201573	AUC	0.993644	AUPRC	0.961968	TN	1240	FP	0	FN	202	TP	0
Fold	1	ValEpoch	43	ACC	0.859116	Loss	0.384284	AUC	0.733245	AUPRC	0.321637	TN	311	FP	0	FN	51	TP	0
Fold	1	TestEpoch	43	ACC	0.901639	Loss	0.294873	AUC	0.728030	AUPRC	0.264177	TN	110	FP	0	FN	12	TP	0
Fold	1	TrainEpoch	44	ACC	0.859917	Loss	0.196290	AUC	0.994008	AUPRC	0.957947	TN	1240	FP	0	FN	202	TP	0
Fold	1	ValEpoch	44	ACC	0.859116	Loss	0.372591	AUC	0.766030	AUPRC	0.358642	TN	311	FP	0	FN	51	TP	0
Fold	1	TestEpoch	44	ACC	0.901639	Loss	0.288174	AUC	0.743939	AUPRC	0.317584	TN	110	FP	0	FN	12	TP	0
Fold	1	TrainEpoch	45	ACC	0.859917	Loss	0.189025	AUC	0.995856	AUPRC	0.972459	TN	1240	FP	0	FN	202	TP	0
Fold	1	ValEpoch	45	ACC	0.859116	Loss	0.408457	AUC	0.721644	AUPRC	0.307841	TN	311	FP	0	FN	51	TP	0
Fold	1	TestEpoch	45	ACC	0.901639	Loss	0.282816	AUC	0.768939	AUPRC	0.316979	TN	110	FP	0	FN	12	TP	0
Fold	1	TrainEpoch	46	ACC	0.859917	Loss	0.181254	AUC	0.997161	AUPRC	0.979905	TN	1240	FP	0	FN	202	TP	0
Fold	1	ValEpoch	46	ACC	0.859116	Loss	0.402521	AUC	0.720194	AUPRC	0.310749	TN	311	FP	0	FN	51	TP	0
Fold	1	TestEpoch	46	ACC	0.901639	Loss	0.281111	AUC	0.764394	AUPRC	0.356197	TN	110	FP	0	FN	12	TP	0
Fold	1	TrainEpoch	47	ACC	0.859917	Loss	0.177619	AUC	0.997433	AUPRC	0.981793	TN	1240	FP	0	FN	202	TP	0
Fold	1	ValEpoch	47	ACC	0.859116	Loss	0.417572	AUC	0.708215	AUPRC	0.309522	TN	311	FP	0	FN	51	TP	0
Fold	1	TestEpoch	47	ACC	0.901639	Loss	0.288582	AUC	0.756061	AUPRC	0.359494	TN	110	FP	0	FN	12	TP	0
Fold	1	TrainEpoch	48	ACC	0.859917	Loss	0.169264	AUC	0.998072	AUPRC	0.986821	TN	1240	FP	0	FN	202	TP	0
Fold	1	ValEpoch	48	ACC	0.859116	Loss	0.420213	AUC	0.695416	AUPRC	0.296681	TN	311	FP	0	FN	51	TP	0
Fold	1	TestEpoch	48	ACC	0.901639	Loss	0.300983	AUC	0.728030	AUPRC	0.350167	TN	110	FP	0	FN	12	TP	0
Fold	1	TrainEpoch	49	ACC	0.859917	Loss	0.166461	AUC	0.999090	AUPRC	0.994231	TN	1240	FP	0	FN	202	TP	0
Fold	1	ValEpoch	49	ACC	0.859116	Loss	0.399255	AUC	0.737028	AUPRC	0.346016	TN	311	FP	0	FN	51	TP	0
Fold	1	TestEpoch	49	ACC	0.901639	Loss	0.288666	AUC	0.762879	AUPRC	0.268870	TN	110	FP	0	FN	12	TP	0
Fold	2	TrainEpoch	0	ACC	0.677062	Loss	0.661758	AUC	0.490885	AUPRC	0.143620	TN	927	FP	314	FN	152	TP	50
Fold	2	ValEpoch	0	ACC	0.858726	Loss	0.567898	AUC	0.508918	AUPRC	0.153287	TN	310	FP	0	FN	51	TP	0
Fold	2	TestEpoch	0	ACC	0.901639	Loss	0.551658	AUC	0.516667	AUPRC	0.106036	TN	110	FP	0	FN	12	TP	0
Fold	2	TrainEpoch	1	ACC	0.860014	Loss	0.514582	AUC	0.466555	AUPRC	0.133948	TN	1241	FP	0	FN	202	TP	0
Fold	2	ValEpoch	1	ACC	0.858726	Loss	0.437682	AUC	0.516129	AUPRC	0.164886	TN	310	FP	0	FN	51	TP	0
Fold	2	TestEpoch	1	ACC	0.901639	Loss	0.394842	AUC	0.412121	AUPRC	0.087982	TN	110	FP	0	FN	12	TP	0
Fold	2	TrainEpoch	2	ACC	0.860014	Loss	0.434862	AUC	0.446717	AUPRC	0.129114	TN	1241	FP	0	FN	202	TP	0
Fold	2	ValEpoch	2	ACC	0.858726	Loss	0.414010	AUC	0.526945	AUPRC	0.192028	TN	310	FP	0	FN	51	TP	0
Fold	2	TestEpoch	2	ACC	0.901639	Loss	0.343730	AUC	0.422727	AUPRC	0.088017	TN	110	FP	0	FN	12	TP	0
Fold	2	TrainEpoch	3	ACC	0.860014	Loss	0.426157	AUC	0.477422	AUPRC	0.139544	TN	1241	FP	0	FN	202	TP	0
Fold	2	ValEpoch	3	ACC	0.858726	Loss	0.418788	AUC	0.546237	AUPRC	0.190997	TN	310	FP	0	FN	51	TP	0
Fold	2	TestEpoch	3	ACC	0.901639	Loss	0.342704	AUC	0.428030	AUPRC	0.093592	TN	110	FP	0	FN	12	TP	0
Fold	2	TrainEpoch	4	ACC	0.860014	Loss	0.418349	AUC	0.508960	AUPRC	0.157041	TN	1241	FP	0	FN	202	TP	0
Fold	2	ValEpoch	4	ACC	0.858726	Loss	0.399636	AUC	0.615750	AUPRC	0.237466	TN	310	FP	0	FN	51	TP	0
Fold	2	TestEpoch	4	ACC	0.901639	Loss	0.321041	AUC	0.606061	AUPRC	0.124814	TN	110	FP	0	FN	12	TP	0
Fold	2	TrainEpoch	5	ACC	0.860014	Loss	0.398554	AUC	0.595380	AUPRC	0.210176	TN	1241	FP	0	FN	202	TP	0
Fold	2	ValEpoch	5	ACC	0.858726	Loss	0.399681	AUC	0.616129	AUPRC	0.246656	TN	310	FP	0	FN	51	TP	0
Fold	2	TestEpoch	5	ACC	0.901639	Loss	0.325809	AUC	0.598485	AUPRC	0.161873	TN	110	FP	0	FN	12	TP	0
Fold	2	TrainEpoch	6	ACC	0.860014	Loss	0.385860	AUC	0.693472	AUPRC	0.286428	TN	1241	FP	0	FN	202	TP	0
Fold	2	ValEpoch	6	ACC	0.858726	Loss	0.390944	AUC	0.658318	AUPRC	0.304073	TN	310	FP	0	FN	51	TP	0
Fold	2	TestEpoch	6	ACC	0.901639	Loss	0.318868	AUC	0.700758	AUPRC	0.238863	TN	110	FP	0	FN	12	TP	0
Fold	2	TrainEpoch	7	ACC	0.860014	Loss	0.384193	AUC	0.716031	AUPRC	0.307622	TN	1241	FP	0	FN	202	TP	0
Fold	2	ValEpoch	7	ACC	0.858726	Loss	0.385809	AUC	0.700190	AUPRC	0.345443	TN	310	FP	0	FN	51	TP	0
Fold	2	TestEpoch	7	ACC	0.901639	Loss	0.316041	AUC	0.750758	AUPRC	0.248835	TN	110	FP	0	FN	12	TP	0
Fold	2	TrainEpoch	8	ACC	0.860014	Loss	0.377102	AUC	0.735673	AUPRC	0.382062	TN	1241	FP	0	FN	202	TP	0
Fold	2	ValEpoch	8	ACC	0.858726	Loss	0.379471	AUC	0.708602	AUPRC	0.409369	TN	310	FP	0	FN	51	TP	0
Fold	2	TestEpoch	8	ACC	0.901639	Loss	0.319130	AUC	0.638636	AUPRC	0.170632	TN	110	FP	0	FN	12	TP	0
Fold	2	TrainEpoch	9	ACC	0.860014	Loss	0.369598	AUC	0.756133	AUPRC	0.402952	TN	1241	FP	0	FN	202	TP	0
Fold	2	ValEpoch	9	ACC	0.858726	Loss	0.378505	AUC	0.715876	AUPRC	0.392684	TN	310	FP	0	FN	51	TP	0
Fold	2	TestEpoch	9	ACC	0.901639	Loss	0.308593	AUC	0.699242	AUPRC	0.284717	TN	110	FP	0	FN	12	TP	0
Fold	2	TrainEpoch	10	ACC	0.860014	Loss	0.364728	AUC	0.773398	AUPRC	0.418029	TN	1241	FP	0	FN	202	TP	0
Fold	2	ValEpoch	10	ACC	0.858726	Loss	0.380229	AUC	0.694181	AUPRC	0.395135	TN	310	FP	0	FN	51	TP	0
Fold	2	TestEpoch	10	ACC	0.901639	Loss	0.296217	AUC	0.769697	AUPRC	0.253775	TN	110	FP	0	FN	12	TP	0
Fold	2	TrainEpoch	11	ACC	0.860014	Loss	0.360428	AUC	0.780319	AUPRC	0.427143	TN	1241	FP	0	FN	202	TP	0
Fold	2	ValEpoch	11	ACC	0.858726	Loss	0.377354	AUC	0.706199	AUPRC	0.431070	TN	310	FP	0	FN	51	TP	0
Fold	2	TestEpoch	11	ACC	0.901639	Loss	0.295913	AUC	0.747727	AUPRC	0.322498	TN	110	FP	0	FN	12	TP	0
Fold	2	TrainEpoch	12	ACC	0.860014	Loss	0.357868	AUC	0.780587	AUPRC	0.446322	TN	1241	FP	0	FN	202	TP	0
Fold	2	ValEpoch	12	ACC	0.858726	Loss	0.369881	AUC	0.734029	AUPRC	0.405420	TN	310	FP	0	FN	51	TP	0
Fold	2	TestEpoch	12	ACC	0.901639	Loss	0.297223	AUC	0.747727	AUPRC	0.241221	TN	110	FP	0	FN	12	TP	0
Fold	2	TrainEpoch	13	ACC	0.860014	Loss	0.353236	AUC	0.792350	AUPRC	0.469183	TN	1241	FP	0	FN	202	TP	0
Fold	2	ValEpoch	13	ACC	0.858726	Loss	0.365946	AUC	0.741240	AUPRC	0.433178	TN	310	FP	0	FN	51	TP	0
Fold	2	TestEpoch	13	ACC	0.901639	Loss	0.302430	AUC	0.733333	AUPRC	0.280069	TN	110	FP	0	FN	12	TP	0
Fold	2	TrainEpoch	14	ACC	0.860014	Loss	0.347758	AUC	0.799168	AUPRC	0.479162	TN	1241	FP	0	FN	202	TP	0
Fold	2	ValEpoch	14	ACC	0.858726	Loss	0.364864	AUC	0.742378	AUPRC	0.396139	TN	310	FP	0	FN	51	TP	0
Fold	2	TestEpoch	14	ACC	0.901639	Loss	0.305571	AUC	0.682576	AUPRC	0.237916	TN	110	FP	0	FN	12	TP	0
Fold	2	TrainEpoch	15	ACC	0.860014	Loss	0.342252	AUC	0.813457	AUPRC	0.516766	TN	1241	FP	0	FN	202	TP	0
Fold	2	ValEpoch	15	ACC	0.858726	Loss	0.366321	AUC	0.734978	AUPRC	0.430952	TN	310	FP	0	FN	51	TP	0
Fold	2	TestEpoch	15	ACC	0.901639	Loss	0.295948	AUC	0.734848	AUPRC	0.290669	TN	110	FP	0	FN	12	TP	0
Fold	2	TrainEpoch	16	ACC	0.860014	Loss	0.337230	AUC	0.822787	AUPRC	0.514282	TN	1241	FP	0	FN	202	TP	0
Fold	2	ValEpoch	16	ACC	0.858726	Loss	0.364928	AUC	0.731879	AUPRC	0.441756	TN	310	FP	0	FN	51	TP	0
Fold	2	TestEpoch	16	ACC	0.901639	Loss	0.295379	AUC	0.735606	AUPRC	0.300323	TN	110	FP	0	FN	12	TP	0
Fold	2	TrainEpoch	17	ACC	0.860014	Loss	0.334881	AUC	0.825265	AUPRC	0.521845	TN	1241	FP	0	FN	202	TP	0
Fold	2	ValEpoch	17	ACC	0.858726	Loss	0.357508	AUC	0.759393	AUPRC	0.451579	TN	310	FP	0	FN	51	TP	0
Fold	2	TestEpoch	17	ACC	0.901639	Loss	0.292560	AUC	0.744697	AUPRC	0.284471	TN	110	FP	0	FN	12	TP	0
Fold	2	TrainEpoch	18	ACC	0.860014	Loss	0.327781	AUC	0.839813	AUPRC	0.539433	TN	1241	FP	0	FN	202	TP	0
Fold	2	ValEpoch	18	ACC	0.858726	Loss	0.361552	AUC	0.737192	AUPRC	0.436521	TN	310	FP	0	FN	51	TP	0
Fold	2	TestEpoch	18	ACC	0.901639	Loss	0.286848	AUC	0.765909	AUPRC	0.410696	TN	110	FP	0	FN	12	TP	0
Fold	2	TrainEpoch	19	ACC	0.860014	Loss	0.324084	AUC	0.850576	AUPRC	0.573967	TN	1241	FP	0	FN	202	TP	0
Fold	2	ValEpoch	19	ACC	0.858726	Loss	0.361839	AUC	0.737824	AUPRC	0.448135	TN	310	FP	0	FN	51	TP	0
Fold	2	TestEpoch	19	ACC	0.901639	Loss	0.293111	AUC	0.743182	AUPRC	0.261202	TN	110	FP	0	FN	12	TP	0
Fold	2	TrainEpoch	20	ACC	0.860014	Loss	0.320090	AUC	0.855925	AUPRC	0.573050	TN	1241	FP	0	FN	202	TP	0
Fold	2	ValEpoch	20	ACC	0.858726	Loss	0.359335	AUC	0.735104	AUPRC	0.469675	TN	310	FP	0	FN	51	TP	0
Fold	2	TestEpoch	20	ACC	0.901639	Loss	0.295238	AUC	0.724242	AUPRC	0.247255	TN	110	FP	0	FN	12	TP	0
Fold	2	TrainEpoch	21	ACC	0.860014	Loss	0.317386	AUC	0.856719	AUPRC	0.598204	TN	1241	FP	0	FN	202	TP	0
Fold	2	ValEpoch	21	ACC	0.858726	Loss	0.361425	AUC	0.734978	AUPRC	0.462478	TN	310	FP	0	FN	51	TP	0
Fold	2	TestEpoch	21	ACC	0.901639	Loss	0.292767	AUC	0.732576	AUPRC	0.253933	TN	110	FP	0	FN	12	TP	0
Fold	2	TrainEpoch	22	ACC	0.860014	Loss	0.318291	AUC	0.854421	AUPRC	0.587195	TN	1241	FP	0	FN	202	TP	0
Fold	2	ValEpoch	22	ACC	0.858726	Loss	0.359501	AUC	0.737318	AUPRC	0.473663	TN	310	FP	0	FN	51	TP	0
Fold	2	TestEpoch	22	ACC	0.901639	Loss	0.297763	AUC	0.725000	AUPRC	0.280107	TN	110	FP	0	FN	12	TP	0
Fold	2	TrainEpoch	23	ACC	0.860014	Loss	0.308788	AUC	0.876928	AUPRC	0.606454	TN	1241	FP	0	FN	202	TP	0
Fold	2	ValEpoch	23	ACC	0.858726	Loss	0.355431	AUC	0.749336	AUPRC	0.486335	TN	310	FP	0	FN	51	TP	0
Fold	2	TestEpoch	23	ACC	0.901639	Loss	0.291342	AUC	0.753788	AUPRC	0.251316	TN	110	FP	0	FN	12	TP	0
Fold	2	TrainEpoch	24	ACC	0.860014	Loss	0.305294	AUC	0.881515	AUPRC	0.625131	TN	1241	FP	0	FN	202	TP	0
Fold	2	ValEpoch	24	ACC	0.858726	Loss	0.358142	AUC	0.740544	AUPRC	0.477709	TN	310	FP	0	FN	51	TP	0
Fold	2	TestEpoch	24	ACC	0.901639	Loss	0.283389	AUC	0.759848	AUPRC	0.269770	TN	110	FP	0	FN	12	TP	0
Fold	2	TrainEpoch	25	ACC	0.860014	Loss	0.302001	AUC	0.886230	AUPRC	0.638080	TN	1241	FP	0	FN	202	TP	0
Fold	2	ValEpoch	25	ACC	0.858726	Loss	0.353875	AUC	0.758381	AUPRC	0.464580	TN	310	FP	0	FN	51	TP	0
Fold	2	TestEpoch	25	ACC	0.901639	Loss	0.285330	AUC	0.765909	AUPRC	0.304312	TN	110	FP	0	FN	12	TP	0
Fold	2	TrainEpoch	26	ACC	0.860014	Loss	0.300150	AUC	0.889039	AUPRC	0.637654	TN	1241	FP	0	FN	202	TP	0
Fold	2	ValEpoch	26	ACC	0.858726	Loss	0.354258	AUC	0.754902	AUPRC	0.480285	TN	310	FP	0	FN	51	TP	0
Fold	2	TestEpoch	26	ACC	0.901639	Loss	0.291480	AUC	0.746970	AUPRC	0.332305	TN	110	FP	0	FN	12	TP	0
Fold	2	TrainEpoch	27	ACC	0.860014	Loss	0.295072	AUC	0.896044	AUPRC	0.665883	TN	1241	FP	0	FN	202	TP	0
Fold	2	ValEpoch	27	ACC	0.858726	Loss	0.355537	AUC	0.756420	AUPRC	0.470399	TN	310	FP	0	FN	51	TP	0
Fold	2	TestEpoch	27	ACC	0.901639	Loss	0.293354	AUC	0.728030	AUPRC	0.274441	TN	110	FP	0	FN	12	TP	0
Fold	2	TrainEpoch	28	ACC	0.860014	Loss	0.291172	AUC	0.904465	AUPRC	0.666079	TN	1241	FP	0	FN	202	TP	0
Fold	2	ValEpoch	28	ACC	0.858726	Loss	0.356468	AUC	0.744529	AUPRC	0.500059	TN	310	FP	0	FN	51	TP	0
Fold	2	TestEpoch	28	ACC	0.901639	Loss	0.284623	AUC	0.775000	AUPRC	0.338037	TN	110	FP	0	FN	12	TP	0
Fold	2	TrainEpoch	29	ACC	0.860014	Loss	0.286711	AUC	0.908015	AUPRC	0.696260	TN	1241	FP	0	FN	202	TP	0
Fold	2	ValEpoch	29	ACC	0.858726	Loss	0.360134	AUC	0.740481	AUPRC	0.445540	TN	310	FP	0	FN	51	TP	0
Fold	2	TestEpoch	29	ACC	0.901639	Loss	0.285363	AUC	0.781061	AUPRC	0.345058	TN	110	FP	0	FN	12	TP	0
Fold	2	TrainEpoch	30	ACC	0.860014	Loss	0.279686	AUC	0.918698	AUPRC	0.724781	TN	1241	FP	0	FN	202	TP	0
Fold	2	ValEpoch	30	ACC	0.858726	Loss	0.352143	AUC	0.762302	AUPRC	0.475818	TN	310	FP	0	FN	51	TP	0
Fold	2	TestEpoch	30	ACC	0.901639	Loss	0.277322	AUC	0.787121	AUPRC	0.366369	TN	110	FP	0	FN	12	TP	0
Fold	2	TrainEpoch	31	ACC	0.860014	Loss	0.277301	AUC	0.924873	AUPRC	0.727816	TN	1241	FP	0	FN	202	TP	0
Fold	2	ValEpoch	31	ACC	0.858726	Loss	0.352577	AUC	0.764263	AUPRC	0.454729	TN	310	FP	0	FN	51	TP	0
Fold	2	TestEpoch	31	ACC	0.901639	Loss	0.281226	AUC	0.770455	AUPRC	0.360229	TN	110	FP	0	FN	12	TP	0
Fold	2	TrainEpoch	32	ACC	0.860014	Loss	0.273191	AUC	0.928734	AUPRC	0.744081	TN	1241	FP	0	FN	202	TP	0
Fold	2	ValEpoch	32	ACC	0.858726	Loss	0.355798	AUC	0.750095	AUPRC	0.471270	TN	310	FP	0	FN	51	TP	0
Fold	2	TestEpoch	32	ACC	0.901639	Loss	0.284856	AUC	0.758333	AUPRC	0.307630	TN	110	FP	0	FN	12	TP	0
Fold	2	TrainEpoch	33	ACC	0.860014	Loss	0.268440	AUC	0.937794	AUPRC	0.758976	TN	1241	FP	0	FN	202	TP	0
Fold	2	ValEpoch	33	ACC	0.858726	Loss	0.354375	AUC	0.755534	AUPRC	0.473358	TN	310	FP	0	FN	51	TP	0
Fold	2	TestEpoch	33	ACC	0.901639	Loss	0.278761	AUC	0.771970	AUPRC	0.371287	TN	110	FP	0	FN	12	TP	0
Fold	2	TrainEpoch	34	ACC	0.860014	Loss	0.263383	AUC	0.942609	AUPRC	0.778503	TN	1241	FP	0	FN	202	TP	0
Fold	2	ValEpoch	34	ACC	0.858726	Loss	0.364370	AUC	0.721822	AUPRC	0.447864	TN	310	FP	0	FN	51	TP	0
Fold	2	TestEpoch	34	ACC	0.901639	Loss	0.285624	AUC	0.767424	AUPRC	0.350208	TN	110	FP	0	FN	12	TP	0
Fold	2	TrainEpoch	35	ACC	0.860014	Loss	0.256764	AUC	0.952087	AUPRC	0.800015	TN	1241	FP	0	FN	202	TP	0
Fold	2	ValEpoch	35	ACC	0.858726	Loss	0.354587	AUC	0.760784	AUPRC	0.469198	TN	310	FP	0	FN	51	TP	0
Fold	2	TestEpoch	35	ACC	0.901639	Loss	0.288793	AUC	0.749242	AUPRC	0.327652	TN	110	FP	0	FN	12	TP	0
Fold	2	TrainEpoch	36	ACC	0.860014	Loss	0.251497	AUC	0.958561	AUPRC	0.826990	TN	1241	FP	0	FN	202	TP	0
Fold	2	ValEpoch	36	ACC	0.858726	Loss	0.362230	AUC	0.736180	AUPRC	0.469048	TN	310	FP	0	FN	51	TP	0
Fold	2	TestEpoch	36	ACC	0.901639	Loss	0.282082	AUC	0.762121	AUPRC	0.322603	TN	110	FP	0	FN	12	TP	0
Fold	2	TrainEpoch	37	ACC	0.860014	Loss	0.245222	AUC	0.965861	AUPRC	0.843051	TN	1241	FP	0	FN	202	TP	0
Fold	2	ValEpoch	37	ACC	0.858726	Loss	0.359693	AUC	0.750917	AUPRC	0.445550	TN	310	FP	0	FN	51	TP	0
Fold	2	TestEpoch	37	ACC	0.901639	Loss	0.283612	AUC	0.770455	AUPRC	0.341508	TN	110	FP	0	FN	12	TP	0
Fold	2	TrainEpoch	38	ACC	0.860014	Loss	0.242856	AUC	0.966539	AUPRC	0.848952	TN	1241	FP	0	FN	202	TP	0
Fold	2	ValEpoch	38	ACC	0.858726	Loss	0.368584	AUC	0.724731	AUPRC	0.446056	TN	310	FP	0	FN	51	TP	0
Fold	2	TestEpoch	38	ACC	0.901639	Loss	0.273252	AUC	0.789394	AUPRC	0.355187	TN	110	FP	0	FN	12	TP	0
Fold	2	TrainEpoch	39	ACC	0.860014	Loss	0.237564	AUC	0.968945	AUPRC	0.861512	TN	1241	FP	0	FN	202	TP	0
Fold	2	ValEpoch	39	ACC	0.858726	Loss	0.362379	AUC	0.741619	AUPRC	0.451317	TN	310	FP	0	FN	51	TP	0
Fold	2	TestEpoch	39	ACC	0.901639	Loss	0.279216	AUC	0.771970	AUPRC	0.322514	TN	110	FP	0	FN	12	TP	0
Fold	2	TrainEpoch	40	ACC	0.860014	Loss	0.228942	AUC	0.980409	AUPRC	0.906873	TN	1241	FP	0	FN	202	TP	0
Fold	2	ValEpoch	40	ACC	0.858726	Loss	0.369906	AUC	0.732827	AUPRC	0.456593	TN	310	FP	0	FN	51	TP	0
Fold	2	TestEpoch	40	ACC	0.901639	Loss	0.277117	AUC	0.773485	AUPRC	0.337373	TN	110	FP	0	FN	12	TP	0
Fold	2	TrainEpoch	41	ACC	0.860014	Loss	0.225729	AUC	0.977653	AUPRC	0.896235	TN	1241	FP	0	FN	202	TP	0
Fold	2	ValEpoch	41	ACC	0.858726	Loss	0.365195	AUC	0.749399	AUPRC	0.446936	TN	310	FP	0	FN	51	TP	0
Fold	2	TestEpoch	41	ACC	0.901639	Loss	0.282171	AUC	0.764394	AUPRC	0.331460	TN	110	FP	0	FN	12	TP	0
Fold	2	TrainEpoch	42	ACC	0.860014	Loss	0.218792	AUC	0.986620	AUPRC	0.932567	TN	1241	FP	0	FN	202	TP	0
Fold	2	ValEpoch	42	ACC	0.858726	Loss	0.364596	AUC	0.747944	AUPRC	0.471487	TN	310	FP	0	FN	51	TP	0
Fold	2	TestEpoch	42	ACC	0.901639	Loss	0.289592	AUC	0.753788	AUPRC	0.341201	TN	110	FP	0	FN	12	TP	0
Fold	2	TrainEpoch	43	ACC	0.860014	Loss	0.211597	AUC	0.985743	AUPRC	0.925579	TN	1241	FP	0	FN	202	TP	0
Fold	2	ValEpoch	43	ACC	0.858726	Loss	0.369950	AUC	0.732511	AUPRC	0.442353	TN	310	FP	0	FN	51	TP	0
Fold	2	TestEpoch	43	ACC	0.901639	Loss	0.280268	AUC	0.786364	AUPRC	0.355516	TN	110	FP	0	FN	12	TP	0
Fold	2	TrainEpoch	44	ACC	0.860014	Loss	0.205475	AUC	0.990227	AUPRC	0.944164	TN	1241	FP	0	FN	202	TP	0
Fold	2	ValEpoch	44	ACC	0.858726	Loss	0.371627	AUC	0.752182	AUPRC	0.450195	TN	310	FP	0	FN	51	TP	0
Fold	2	TestEpoch	44	ACC	0.901639	Loss	0.283497	AUC	0.759848	AUPRC	0.346052	TN	110	FP	0	FN	12	TP	0
Fold	2	TrainEpoch	45	ACC	0.860014	Loss	0.198150	AUC	0.994770	AUPRC	0.967052	TN	1241	FP	0	FN	202	TP	0
Fold	2	ValEpoch	45	ACC	0.858726	Loss	0.364117	AUC	0.760658	AUPRC	0.464429	TN	310	FP	0	FN	51	TP	0
Fold	2	TestEpoch	45	ACC	0.901639	Loss	0.269426	AUC	0.788636	AUPRC	0.335302	TN	110	FP	0	FN	12	TP	0
Fold	2	TrainEpoch	46	ACC	0.860014	Loss	0.191610	AUC	0.993749	AUPRC	0.965705	TN	1241	FP	0	FN	202	TP	0
Fold	2	ValEpoch	46	ACC	0.858726	Loss	0.370746	AUC	0.766603	AUPRC	0.470298	TN	310	FP	0	FN	51	TP	0
Fold	2	TestEpoch	46	ACC	0.901639	Loss	0.286715	AUC	0.765909	AUPRC	0.348015	TN	110	FP	0	FN	12	TP	0
Fold	2	TrainEpoch	47	ACC	0.860014	Loss	0.186233	AUC	0.995963	AUPRC	0.973348	TN	1241	FP	0	FN	202	TP	0
Fold	2	ValEpoch	47	ACC	0.858726	Loss	0.390737	AUC	0.731436	AUPRC	0.445761	TN	310	FP	0	FN	51	TP	0
Fold	2	TestEpoch	47	ACC	0.901639	Loss	0.299584	AUC	0.740152	AUPRC	0.319898	TN	110	FP	0	FN	12	TP	0
Fold	2	TrainEpoch	48	ACC	0.860014	Loss	0.179061	AUC	0.998257	AUPRC	0.990876	TN	1241	FP	0	FN	202	TP	0
Fold	2	ValEpoch	48	ACC	0.858726	Loss	0.388028	AUC	0.717457	AUPRC	0.443520	TN	310	FP	0	FN	51	TP	0
Fold	2	TestEpoch	48	ACC	0.901639	Loss	0.288931	AUC	0.759091	AUPRC	0.317371	TN	110	FP	0	FN	12	TP	0
Fold	2	TrainEpoch	49	ACC	0.860014	Loss	0.172953	AUC	0.997774	AUPRC	0.987123	TN	1241	FP	0	FN	202	TP	0
Fold	2	ValEpoch	49	ACC	0.858726	Loss	0.391469	AUC	0.733966	AUPRC	0.440770	TN	310	FP	0	FN	51	TP	0
Fold	2	TestEpoch	49	ACC	0.901639	Loss	0.295675	AUC	0.756818	AUPRC	0.374542	TN	110	FP	0	FN	12	TP	0
Fold	3	TrainEpoch	0	ACC	0.639640	Loss	0.662376	AUC	0.500997	AUPRC	0.155431	TN	864	FP	377	FN	143	TP	59
Fold	3	ValEpoch	0	ACC	0.858726	Loss	0.561726	AUC	0.409361	AUPRC	0.126529	TN	310	FP	0	FN	51	TP	0
Fold	3	TestEpoch	0	ACC	0.901639	Loss	0.528985	AUC	0.490152	AUPRC	0.104415	TN	110	FP	0	FN	12	TP	0
Fold	3	TrainEpoch	1	ACC	0.860014	Loss	0.492173	AUC	0.491336	AUPRC	0.140614	TN	1241	FP	0	FN	202	TP	0
Fold	3	ValEpoch	1	ACC	0.858726	Loss	0.433684	AUC	0.462049	AUPRC	0.145706	TN	310	FP	0	FN	51	TP	0
Fold	3	TestEpoch	1	ACC	0.901639	Loss	0.372040	AUC	0.393939	AUPRC	0.081413	TN	110	FP	0	FN	12	TP	0
Fold	3	TrainEpoch	2	ACC	0.860014	Loss	0.425942	AUC	0.465015	AUPRC	0.142827	TN	1241	FP	0	FN	202	TP	0
Fold	3	ValEpoch	2	ACC	0.858726	Loss	0.430170	AUC	0.478242	AUPRC	0.157024	TN	310	FP	0	FN	51	TP	0
Fold	3	TestEpoch	2	ACC	0.901639	Loss	0.335816	AUC	0.444697	AUPRC	0.089298	TN	110	FP	0	FN	12	TP	0
Fold	3	TrainEpoch	3	ACC	0.860014	Loss	0.428171	AUC	0.495795	AUPRC	0.140570	TN	1241	FP	0	FN	202	TP	0
Fold	3	ValEpoch	3	ACC	0.858726	Loss	0.423890	AUC	0.537445	AUPRC	0.173345	TN	310	FP	0	FN	51	TP	0
Fold	3	TestEpoch	3	ACC	0.901639	Loss	0.337298	AUC	0.462879	AUPRC	0.091841	TN	110	FP	0	FN	12	TP	0
Fold	3	TrainEpoch	4	ACC	0.860014	Loss	0.420964	AUC	0.509482	AUPRC	0.156275	TN	1241	FP	0	FN	202	TP	0
Fold	3	ValEpoch	4	ACC	0.858726	Loss	0.411320	AUC	0.544149	AUPRC	0.204236	TN	310	FP	0	FN	51	TP	0
Fold	3	TestEpoch	4	ACC	0.901639	Loss	0.321953	AUC	0.584091	AUPRC	0.128766	TN	110	FP	0	FN	12	TP	0
Fold	3	TrainEpoch	5	ACC	0.860014	Loss	0.398889	AUC	0.596748	AUPRC	0.196947	TN	1241	FP	0	FN	202	TP	0
Fold	3	ValEpoch	5	ACC	0.858726	Loss	0.399846	AUC	0.591556	AUPRC	0.220747	TN	310	FP	0	FN	51	TP	0
Fold	3	TestEpoch	5	ACC	0.901639	Loss	0.334459	AUC	0.490152	AUPRC	0.212125	TN	110	FP	0	FN	12	TP	0
Fold	3	TrainEpoch	6	ACC	0.860014	Loss	0.388411	AUC	0.683156	AUPRC	0.265770	TN	1241	FP	0	FN	202	TP	0
Fold	3	ValEpoch	6	ACC	0.858726	Loss	0.395756	AUC	0.638014	AUPRC	0.263857	TN	310	FP	0	FN	51	TP	0
Fold	3	TestEpoch	6	ACC	0.901639	Loss	0.322291	AUC	0.665152	AUPRC	0.222997	TN	110	FP	0	FN	12	TP	0
Fold	3	TrainEpoch	7	ACC	0.860014	Loss	0.383153	AUC	0.726171	AUPRC	0.336716	TN	1241	FP	0	FN	202	TP	0
Fold	3	ValEpoch	7	ACC	0.858726	Loss	0.392384	AUC	0.650095	AUPRC	0.304915	TN	310	FP	0	FN	51	TP	0
Fold	3	TestEpoch	7	ACC	0.901639	Loss	0.318246	AUC	0.706061	AUPRC	0.274334	TN	110	FP	0	FN	12	TP	0
Fold	3	TrainEpoch	8	ACC	0.860014	Loss	0.376633	AUC	0.749392	AUPRC	0.356990	TN	1241	FP	0	FN	202	TP	0
Fold	3	ValEpoch	8	ACC	0.858726	Loss	0.385086	AUC	0.688109	AUPRC	0.343375	TN	310	FP	0	FN	51	TP	0
Fold	3	TestEpoch	8	ACC	0.901639	Loss	0.313149	AUC	0.706061	AUPRC	0.315755	TN	110	FP	0	FN	12	TP	0
Fold	3	TrainEpoch	9	ACC	0.860014	Loss	0.372168	AUC	0.748666	AUPRC	0.371764	TN	1241	FP	0	FN	202	TP	0
Fold	3	ValEpoch	9	ACC	0.858726	Loss	0.385426	AUC	0.679254	AUPRC	0.332620	TN	310	FP	0	FN	51	TP	0
Fold	3	TestEpoch	9	ACC	0.901639	Loss	0.307927	AUC	0.694697	AUPRC	0.225287	TN	110	FP	0	FN	12	TP	0
Fold	3	TrainEpoch	10	ACC	0.860014	Loss	0.365718	AUC	0.774527	AUPRC	0.409849	TN	1241	FP	0	FN	202	TP	0
Fold	3	ValEpoch	10	ACC	0.858726	Loss	0.383256	AUC	0.690196	AUPRC	0.320245	TN	310	FP	0	FN	51	TP	0
Fold	3	TestEpoch	10	ACC	0.901639	Loss	0.291427	AUC	0.791667	AUPRC	0.341733	TN	110	FP	0	FN	12	TP	0
Fold	3	TrainEpoch	11	ACC	0.860014	Loss	0.365881	AUC	0.756361	AUPRC	0.400503	TN	1241	FP	0	FN	202	TP	0
Fold	3	ValEpoch	11	ACC	0.858726	Loss	0.380143	AUC	0.680708	AUPRC	0.363064	TN	310	FP	0	FN	51	TP	0
Fold	3	TestEpoch	11	ACC	0.901639	Loss	0.304094	AUC	0.703030	AUPRC	0.304372	TN	110	FP	0	FN	12	TP	0
Fold	3	TrainEpoch	12	ACC	0.860014	Loss	0.352975	AUC	0.803205	AUPRC	0.464403	TN	1241	FP	0	FN	202	TP	0
Fold	3	ValEpoch	12	ACC	0.858726	Loss	0.377352	AUC	0.694497	AUPRC	0.398036	TN	310	FP	0	FN	51	TP	0
Fold	3	TestEpoch	12	ACC	0.901639	Loss	0.287421	AUC	0.788636	AUPRC	0.386743	TN	110	FP	0	FN	12	TP	0
Fold	3	TrainEpoch	13	ACC	0.860014	Loss	0.351958	AUC	0.797125	AUPRC	0.464530	TN	1241	FP	0	FN	202	TP	0
Fold	3	ValEpoch	13	ACC	0.858726	Loss	0.377096	AUC	0.693738	AUPRC	0.411970	TN	310	FP	0	FN	51	TP	0
Fold	3	TestEpoch	13	ACC	0.901639	Loss	0.291860	AUC	0.775758	AUPRC	0.364661	TN	110	FP	0	FN	12	TP	0
Fold	3	TrainEpoch	14	ACC	0.860014	Loss	0.347283	AUC	0.807373	AUPRC	0.472515	TN	1241	FP	0	FN	202	TP	0
Fold	3	ValEpoch	14	ACC	0.858726	Loss	0.373223	AUC	0.703858	AUPRC	0.407671	TN	310	FP	0	FN	51	TP	0
Fold	3	TestEpoch	14	ACC	0.901639	Loss	0.292685	AUC	0.760606	AUPRC	0.305433	TN	110	FP	0	FN	12	TP	0
Fold	3	TrainEpoch	15	ACC	0.860014	Loss	0.342278	AUC	0.809161	AUPRC	0.505946	TN	1241	FP	0	FN	202	TP	0
Fold	3	ValEpoch	15	ACC	0.858726	Loss	0.371113	AUC	0.717900	AUPRC	0.377557	TN	310	FP	0	FN	51	TP	0
Fold	3	TestEpoch	15	ACC	0.901639	Loss	0.287823	AUC	0.779545	AUPRC	0.346064	TN	110	FP	0	FN	12	TP	0
Fold	3	TrainEpoch	16	ACC	0.860014	Loss	0.335458	AUC	0.830762	AUPRC	0.519176	TN	1241	FP	0	FN	202	TP	0
Fold	3	ValEpoch	16	ACC	0.858726	Loss	0.364288	AUC	0.727451	AUPRC	0.432110	TN	310	FP	0	FN	51	TP	0
Fold	3	TestEpoch	16	ACC	0.901639	Loss	0.286528	AUC	0.779545	AUPRC	0.396035	TN	110	FP	0	FN	12	TP	0
Fold	3	TrainEpoch	17	ACC	0.860014	Loss	0.334236	AUC	0.825552	AUPRC	0.515064	TN	1241	FP	0	FN	202	TP	0
Fold	3	ValEpoch	17	ACC	0.858726	Loss	0.371847	AUC	0.707653	AUPRC	0.422744	TN	310	FP	0	FN	51	TP	0
Fold	3	TestEpoch	17	ACC	0.901639	Loss	0.287004	AUC	0.773485	AUPRC	0.368914	TN	110	FP	0	FN	12	TP	0
Fold	3	TrainEpoch	18	ACC	0.860014	Loss	0.328536	AUC	0.834627	AUPRC	0.539433	TN	1241	FP	0	FN	202	TP	0
Fold	3	ValEpoch	18	ACC	0.858726	Loss	0.363206	AUC	0.732005	AUPRC	0.424922	TN	310	FP	0	FN	51	TP	0
Fold	3	TestEpoch	18	ACC	0.901639	Loss	0.293236	AUC	0.741667	AUPRC	0.347245	TN	110	FP	0	FN	12	TP	0
Fold	3	TrainEpoch	19	ACC	0.860014	Loss	0.326609	AUC	0.836701	AUPRC	0.536174	TN	1241	FP	0	FN	202	TP	0
Fold	3	ValEpoch	19	ACC	0.858726	Loss	0.369852	AUC	0.711195	AUPRC	0.427534	TN	310	FP	0	FN	51	TP	0
Fold	3	TestEpoch	19	ACC	0.901639	Loss	0.289400	AUC	0.759091	AUPRC	0.325496	TN	110	FP	0	FN	12	TP	0
Fold	3	TrainEpoch	20	ACC	0.860014	Loss	0.321941	AUC	0.847257	AUPRC	0.564376	TN	1241	FP	0	FN	202	TP	0
Fold	3	ValEpoch	20	ACC	0.858726	Loss	0.368793	AUC	0.712524	AUPRC	0.399713	TN	310	FP	0	FN	51	TP	0
Fold	3	TestEpoch	20	ACC	0.901639	Loss	0.281145	AUC	0.778030	AUPRC	0.327596	TN	110	FP	0	FN	12	TP	0
Fold	3	TrainEpoch	21	ACC	0.860014	Loss	0.316952	AUC	0.856288	AUPRC	0.581791	TN	1241	FP	0	FN	202	TP	0
Fold	3	ValEpoch	21	ACC	0.858726	Loss	0.368600	AUC	0.712397	AUPRC	0.424374	TN	310	FP	0	FN	51	TP	0
Fold	3	TestEpoch	21	ACC	0.901639	Loss	0.284483	AUC	0.762879	AUPRC	0.385123	TN	110	FP	0	FN	12	TP	0
Fold	3	TrainEpoch	22	ACC	0.860014	Loss	0.314074	AUC	0.859423	AUPRC	0.583104	TN	1241	FP	0	FN	202	TP	0
Fold	3	ValEpoch	22	ACC	0.858726	Loss	0.366688	AUC	0.725617	AUPRC	0.430351	TN	310	FP	0	FN	51	TP	0
Fold	3	TestEpoch	22	ACC	0.901639	Loss	0.275890	AUC	0.801515	AUPRC	0.372835	TN	110	FP	0	FN	12	TP	0
Fold	3	TrainEpoch	23	ACC	0.860014	Loss	0.309667	AUC	0.865280	AUPRC	0.606961	TN	1241	FP	0	FN	202	TP	0
Fold	3	ValEpoch	23	ACC	0.858726	Loss	0.361178	AUC	0.732005	AUPRC	0.431905	TN	310	FP	0	FN	51	TP	0
Fold	3	TestEpoch	23	ACC	0.901639	Loss	0.282087	AUC	0.779545	AUPRC	0.363131	TN	110	FP	0	FN	12	TP	0
Fold	3	TrainEpoch	24	ACC	0.860014	Loss	0.306728	AUC	0.872540	AUPRC	0.601817	TN	1241	FP	0	FN	202	TP	0
Fold	3	ValEpoch	24	ACC	0.858726	Loss	0.364111	AUC	0.729602	AUPRC	0.433452	TN	310	FP	0	FN	51	TP	0
Fold	3	TestEpoch	24	ACC	0.901639	Loss	0.290657	AUC	0.756061	AUPRC	0.348524	TN	110	FP	0	FN	12	TP	0
Fold	3	TrainEpoch	25	ACC	0.860014	Loss	0.301540	AUC	0.883921	AUPRC	0.618555	TN	1241	FP	0	FN	202	TP	0
Fold	3	ValEpoch	25	ACC	0.858726	Loss	0.358701	AUC	0.741556	AUPRC	0.427630	TN	310	FP	0	FN	51	TP	0
Fold	3	TestEpoch	25	ACC	0.901639	Loss	0.283415	AUC	0.768939	AUPRC	0.330504	TN	110	FP	0	FN	12	TP	0
Fold	3	TrainEpoch	26	ACC	0.860014	Loss	0.299546	AUC	0.885137	AUPRC	0.627913	TN	1241	FP	0	FN	202	TP	0
Fold	3	ValEpoch	26	ACC	0.858726	Loss	0.364726	AUC	0.728463	AUPRC	0.445626	TN	310	FP	0	FN	51	TP	0
Fold	3	TestEpoch	26	ACC	0.901639	Loss	0.284051	AUC	0.768939	AUPRC	0.357942	TN	110	FP	0	FN	12	TP	0
Fold	3	TrainEpoch	27	ACC	0.860014	Loss	0.293121	AUC	0.895146	AUPRC	0.656848	TN	1241	FP	0	FN	202	TP	0
Fold	3	ValEpoch	27	ACC	0.858726	Loss	0.365933	AUC	0.724731	AUPRC	0.429091	TN	310	FP	0	FN	51	TP	0
Fold	3	TestEpoch	27	ACC	0.901639	Loss	0.286238	AUC	0.758333	AUPRC	0.377206	TN	110	FP	0	FN	12	TP	0
Fold	3	TrainEpoch	28	ACC	0.860014	Loss	0.289022	AUC	0.901158	AUPRC	0.671173	TN	1241	FP	0	FN	202	TP	0
Fold	3	ValEpoch	28	ACC	0.858726	Loss	0.357567	AUC	0.748640	AUPRC	0.414180	TN	310	FP	0	FN	51	TP	0
Fold	3	TestEpoch	28	ACC	0.901639	Loss	0.273038	AUC	0.794697	AUPRC	0.396102	TN	110	FP	0	FN	12	TP	0
Fold	3	TrainEpoch	29	ACC	0.860014	Loss	0.285925	AUC	0.907644	AUPRC	0.685136	TN	1241	FP	0	FN	202	TP	0
Fold	3	ValEpoch	29	ACC	0.858726	Loss	0.363054	AUC	0.741493	AUPRC	0.450742	TN	310	FP	0	FN	51	TP	0
Fold	3	TestEpoch	29	ACC	0.901639	Loss	0.290362	AUC	0.753788	AUPRC	0.271698	TN	110	FP	0	FN	12	TP	0
Fold	3	TrainEpoch	30	ACC	0.860014	Loss	0.282576	AUC	0.912144	AUPRC	0.685394	TN	1241	FP	0	FN	202	TP	0
Fold	3	ValEpoch	30	ACC	0.858726	Loss	0.367083	AUC	0.723466	AUPRC	0.437063	TN	310	FP	0	FN	51	TP	0
Fold	3	TestEpoch	30	ACC	0.901639	Loss	0.291393	AUC	0.749242	AUPRC	0.332667	TN	110	FP	0	FN	12	TP	0
Fold	3	TrainEpoch	31	ACC	0.860014	Loss	0.279929	AUC	0.914050	AUPRC	0.699876	TN	1241	FP	0	FN	202	TP	0
Fold	3	ValEpoch	31	ACC	0.858726	Loss	0.365401	AUC	0.730171	AUPRC	0.427102	TN	310	FP	0	FN	51	TP	0
Fold	3	TestEpoch	31	ACC	0.901639	Loss	0.282836	AUC	0.761364	AUPRC	0.335127	TN	110	FP	0	FN	12	TP	0
Fold	3	TrainEpoch	32	ACC	0.860014	Loss	0.271919	AUC	0.929756	AUPRC	0.734287	TN	1241	FP	0	FN	202	TP	0
Fold	3	ValEpoch	32	ACC	0.858726	Loss	0.370639	AUC	0.718722	AUPRC	0.439303	TN	310	FP	0	FN	51	TP	0
Fold	3	TestEpoch	32	ACC	0.901639	Loss	0.281419	AUC	0.774242	AUPRC	0.334085	TN	110	FP	0	FN	12	TP	0
Fold	3	TrainEpoch	33	ACC	0.860014	Loss	0.267652	AUC	0.935967	AUPRC	0.742416	TN	1241	FP	0	FN	202	TP	0
Fold	3	ValEpoch	33	ACC	0.858726	Loss	0.364438	AUC	0.729791	AUPRC	0.434249	TN	310	FP	0	FN	51	TP	0
Fold	3	TestEpoch	33	ACC	0.901639	Loss	0.278213	AUC	0.784091	AUPRC	0.417655	TN	110	FP	0	FN	12	TP	0
Fold	3	TrainEpoch	34	ACC	0.860014	Loss	0.266266	AUC	0.932197	AUPRC	0.744268	TN	1241	FP	0	FN	202	TP	0
Fold	3	ValEpoch	34	ACC	0.858726	Loss	0.369812	AUC	0.723656	AUPRC	0.447834	TN	310	FP	0	FN	51	TP	0
Fold	3	TestEpoch	34	ACC	0.901639	Loss	0.283594	AUC	0.765909	AUPRC	0.307826	TN	110	FP	0	FN	12	TP	0
Fold	3	TrainEpoch	35	ACC	0.860014	Loss	0.258024	AUC	0.948800	AUPRC	0.779475	TN	1241	FP	0	FN	202	TP	0
Fold	3	ValEpoch	35	ACC	0.858726	Loss	0.372248	AUC	0.721948	AUPRC	0.420527	TN	310	FP	0	FN	51	TP	0
Fold	3	TestEpoch	35	ACC	0.901639	Loss	0.282494	AUC	0.777273	AUPRC	0.362819	TN	110	FP	0	FN	12	TP	0
Fold	3	TrainEpoch	36	ACC	0.860014	Loss	0.253160	AUC	0.955047	AUPRC	0.806257	TN	1241	FP	0	FN	202	TP	0
Fold	3	ValEpoch	36	ACC	0.858726	Loss	0.368173	AUC	0.734282	AUPRC	0.440406	TN	310	FP	0	FN	51	TP	0
Fold	3	TestEpoch	36	ACC	0.901639	Loss	0.282760	AUC	0.762121	AUPRC	0.348226	TN	110	FP	0	FN	12	TP	0
Fold	3	TrainEpoch	37	ACC	0.860014	Loss	0.249121	AUC	0.954971	AUPRC	0.814072	TN	1241	FP	0	FN	202	TP	0
Fold	3	ValEpoch	37	ACC	0.858726	Loss	0.367577	AUC	0.731120	AUPRC	0.440244	TN	310	FP	0	FN	51	TP	0
Fold	3	TestEpoch	37	ACC	0.901639	Loss	0.275687	AUC	0.784848	AUPRC	0.351114	TN	110	FP	0	FN	12	TP	0
Fold	3	TrainEpoch	38	ACC	0.860014	Loss	0.243545	AUC	0.962347	AUPRC	0.829809	TN	1241	FP	0	FN	202	TP	0
Fold	3	ValEpoch	38	ACC	0.858726	Loss	0.373200	AUC	0.730171	AUPRC	0.431084	TN	310	FP	0	FN	51	TP	0
Fold	3	TestEpoch	38	ACC	0.901639	Loss	0.270508	AUC	0.789394	AUPRC	0.391972	TN	110	FP	0	FN	12	TP	0
Fold	3	TrainEpoch	39	ACC	0.860014	Loss	0.238506	AUC	0.966930	AUPRC	0.844857	TN	1241	FP	0	FN	202	TP	0
Fold	3	ValEpoch	39	ACC	0.858726	Loss	0.369346	AUC	0.739279	AUPRC	0.457219	TN	310	FP	0	FN	51	TP	0
Fold	3	TestEpoch	39	ACC	0.901639	Loss	0.277862	AUC	0.771212	AUPRC	0.353194	TN	110	FP	0	FN	12	TP	0
Fold	3	TrainEpoch	40	ACC	0.860014	Loss	0.229569	AUC	0.975535	AUPRC	0.870333	TN	1241	FP	0	FN	202	TP	0
Fold	3	ValEpoch	40	ACC	0.858726	Loss	0.371917	AUC	0.732321	AUPRC	0.444460	TN	310	FP	0	FN	51	TP	0
Fold	3	TestEpoch	40	ACC	0.901639	Loss	0.284793	AUC	0.763636	AUPRC	0.349187	TN	110	FP	0	FN	12	TP	0
Fold	3	TrainEpoch	41	ACC	0.860014	Loss	0.226687	AUC	0.977370	AUPRC	0.884622	TN	1241	FP	0	FN	202	TP	0
Fold	3	ValEpoch	41	ACC	0.858726	Loss	0.384634	AUC	0.700127	AUPRC	0.416794	TN	310	FP	0	FN	51	TP	0
Fold	3	TestEpoch	41	ACC	0.901639	Loss	0.277046	AUC	0.776515	AUPRC	0.340526	TN	110	FP	0	FN	12	TP	0
Fold	3	TrainEpoch	42	ACC	0.860014	Loss	0.218457	AUC	0.983126	AUPRC	0.904052	TN	1241	FP	0	FN	202	TP	0
Fold	3	ValEpoch	42	ACC	0.858726	Loss	0.385275	AUC	0.717015	AUPRC	0.438507	TN	310	FP	0	FN	51	TP	0
Fold	3	TestEpoch	42	ACC	0.901639	Loss	0.280250	AUC	0.768939	AUPRC	0.321341	TN	110	FP	0	FN	12	TP	0
Fold	3	TrainEpoch	43	ACC	0.860014	Loss	0.210162	AUC	0.988719	AUPRC	0.930523	TN	1241	FP	0	FN	202	TP	0
Fold	3	ValEpoch	43	ACC	0.858726	Loss	0.386267	AUC	0.709614	AUPRC	0.447770	TN	310	FP	0	FN	51	TP	0
Fold	3	TestEpoch	43	ACC	0.901639	Loss	0.280808	AUC	0.764394	AUPRC	0.350945	TN	110	FP	0	FN	12	TP	0
Fold	3	TrainEpoch	44	ACC	0.860014	Loss	0.207398	AUC	0.987035	AUPRC	0.925366	TN	1241	FP	0	FN	202	TP	0
Fold	3	ValEpoch	44	ACC	0.858726	Loss	0.390570	AUC	0.712207	AUPRC	0.436449	TN	310	FP	0	FN	51	TP	0
Fold	3	TestEpoch	44	ACC	0.901639	Loss	0.275845	AUC	0.781818	AUPRC	0.349081	TN	110	FP	0	FN	12	TP	0
Fold	3	TrainEpoch	45	ACC	0.860014	Loss	0.202879	AUC	0.990909	AUPRC	0.940823	TN	1241	FP	0	FN	202	TP	0
Fold	3	ValEpoch	45	ACC	0.858726	Loss	0.373353	AUC	0.723593	AUPRC	0.397246	TN	310	FP	0	FN	51	TP	0
Fold	3	TestEpoch	45	ACC	0.901639	Loss	0.280201	AUC	0.771212	AUPRC	0.304577	TN	110	FP	0	FN	12	TP	0
Fold	3	TrainEpoch	46	ACC	0.860014	Loss	0.200668	AUC	0.989110	AUPRC	0.942550	TN	1241	FP	0	FN	202	TP	0
Fold	3	ValEpoch	46	ACC	0.858726	Loss	0.398176	AUC	0.702404	AUPRC	0.425931	TN	310	FP	0	FN	51	TP	0
Fold	3	TestEpoch	46	ACC	0.901639	Loss	0.282862	AUC	0.757576	AUPRC	0.329187	TN	110	FP	0	FN	12	TP	0
Fold	3	TrainEpoch	47	ACC	0.860014	Loss	0.197675	AUC	0.991336	AUPRC	0.948483	TN	1241	FP	0	FN	202	TP	0
Fold	3	ValEpoch	47	ACC	0.858726	Loss	0.376410	AUC	0.730803	AUPRC	0.439742	TN	310	FP	0	FN	51	TP	0
Fold	3	TestEpoch	47	ACC	0.901639	Loss	0.265969	AUC	0.799242	AUPRC	0.353990	TN	110	FP	0	FN	12	TP	0
Fold	3	TrainEpoch	48	ACC	0.860014	Loss	0.184455	AUC	0.995931	AUPRC	0.969404	TN	1241	FP	0	FN	202	TP	0
Fold	3	ValEpoch	48	ACC	0.858726	Loss	0.398113	AUC	0.707211	AUPRC	0.455446	TN	310	FP	0	FN	51	TP	0
Fold	3	TestEpoch	48	ACC	0.901639	Loss	0.276434	AUC	0.768182	AUPRC	0.285701	TN	110	FP	0	FN	12	TP	0
Fold	3	TrainEpoch	49	ACC	0.860707	Loss	0.180280	AUC	0.996047	AUPRC	0.974694	TN	1241	FP	0	FN	201	TP	1
Fold	3	ValEpoch	49	ACC	0.858726	Loss	0.392942	AUC	0.723403	AUPRC	0.409394	TN	310	FP	0	FN	51	TP	0
Fold	3	TestEpoch	49	ACC	0.901639	Loss	0.279149	AUC	0.770455	AUPRC	0.353011	TN	110	FP	0	FN	12	TP	0
Fold	4	TrainEpoch	0	ACC	0.726454	Loss	0.641232	AUC	0.465626	AUPRC	0.133763	TN	1013	FP	228	FN	167	TP	36
Fold	4	ValEpoch	0	ACC	0.861111	Loss	0.528592	AUC	0.492581	AUPRC	0.137954	TN	310	FP	0	FN	50	TP	0
Fold	4	TestEpoch	0	ACC	0.901639	Loss	0.494528	AUC	0.495455	AUPRC	0.099306	TN	110	FP	0	FN	12	TP	0
Fold	4	TrainEpoch	1	ACC	0.859418	Loss	0.478765	AUC	0.459748	AUPRC	0.125380	TN	1241	FP	0	FN	203	TP	0
Fold	4	ValEpoch	1	ACC	0.861111	Loss	0.429537	AUC	0.427032	AUPRC	0.135663	TN	310	FP	0	FN	50	TP	0
Fold	4	TestEpoch	1	ACC	0.901639	Loss	0.372910	AUC	0.349242	AUPRC	0.076526	TN	110	FP	0	FN	12	TP	0
Fold	4	TrainEpoch	2	ACC	0.859418	Loss	0.433461	AUC	0.432934	AUPRC	0.133927	TN	1241	FP	0	FN	203	TP	0
Fold	4	ValEpoch	2	ACC	0.861111	Loss	0.430185	AUC	0.455032	AUPRC	0.150495	TN	310	FP	0	FN	50	TP	0
Fold	4	TestEpoch	2	ACC	0.901639	Loss	0.344622	AUC	0.409091	AUPRC	0.083896	TN	110	FP	0	FN	12	TP	0
Fold	4	TrainEpoch	3	ACC	0.859418	Loss	0.425109	AUC	0.517198	AUPRC	0.147356	TN	1241	FP	0	FN	203	TP	0
Fold	4	ValEpoch	3	ACC	0.861111	Loss	0.414628	AUC	0.534581	AUPRC	0.180864	TN	310	FP	0	FN	50	TP	0
Fold	4	TestEpoch	3	ACC	0.901639	Loss	0.325678	AUC	0.507576	AUPRC	0.143817	TN	110	FP	0	FN	12	TP	0
Fold	4	TrainEpoch	4	ACC	0.859418	Loss	0.410388	AUC	0.561287	AUPRC	0.180653	TN	1241	FP	0	FN	203	TP	0
Fold	4	ValEpoch	4	ACC	0.861111	Loss	0.394967	AUC	0.602839	AUPRC	0.208051	TN	310	FP	0	FN	50	TP	0
Fold	4	TestEpoch	4	ACC	0.901639	Loss	0.324900	AUC	0.577273	AUPRC	0.125703	TN	110	FP	0	FN	12	TP	0
Fold	4	TrainEpoch	5	ACC	0.859418	Loss	0.394157	AUC	0.633960	AUPRC	0.221549	TN	1241	FP	0	FN	203	TP	0
Fold	4	ValEpoch	5	ACC	0.861111	Loss	0.393613	AUC	0.604774	AUPRC	0.230235	TN	310	FP	0	FN	50	TP	0
Fold	4	TestEpoch	5	ACC	0.901639	Loss	0.326683	AUC	0.612879	AUPRC	0.160020	TN	110	FP	0	FN	12	TP	0
Fold	4	TrainEpoch	6	ACC	0.859418	Loss	0.383764	AUC	0.706367	AUPRC	0.292840	TN	1241	FP	0	FN	203	TP	0
Fold	4	ValEpoch	6	ACC	0.861111	Loss	0.390016	AUC	0.636323	AUPRC	0.247947	TN	310	FP	0	FN	50	TP	0
Fold	4	TestEpoch	6	ACC	0.901639	Loss	0.334122	AUC	0.596212	AUPRC	0.172023	TN	110	FP	0	FN	12	TP	0
Fold	4	TrainEpoch	7	ACC	0.859418	Loss	0.377301	AUC	0.733772	AUPRC	0.344796	TN	1241	FP	0	FN	203	TP	0
Fold	4	ValEpoch	7	ACC	0.861111	Loss	0.382253	AUC	0.678774	AUPRC	0.261546	TN	310	FP	0	FN	50	TP	0
Fold	4	TestEpoch	7	ACC	0.901639	Loss	0.302945	AUC	0.791667	AUPRC	0.276397	TN	110	FP	0	FN	12	TP	0
Fold	4	TrainEpoch	8	ACC	0.859418	Loss	0.369889	AUC	0.746855	AUPRC	0.387462	TN	1241	FP	0	FN	203	TP	0
Fold	4	ValEpoch	8	ACC	0.861111	Loss	0.381408	AUC	0.677935	AUPRC	0.292765	TN	310	FP	0	FN	50	TP	0
Fold	4	TestEpoch	8	ACC	0.901639	Loss	0.308946	AUC	0.706061	AUPRC	0.299394	TN	110	FP	0	FN	12	TP	0
Fold	4	TrainEpoch	9	ACC	0.859418	Loss	0.363256	AUC	0.766377	AUPRC	0.397126	TN	1241	FP	0	FN	203	TP	0
Fold	4	ValEpoch	9	ACC	0.861111	Loss	0.384668	AUC	0.670968	AUPRC	0.263133	TN	310	FP	0	FN	50	TP	0
Fold	4	TestEpoch	9	ACC	0.901639	Loss	0.296805	AUC	0.733333	AUPRC	0.271625	TN	110	FP	0	FN	12	TP	0
Fold	4	TrainEpoch	10	ACC	0.859418	Loss	0.360881	AUC	0.766794	AUPRC	0.407329	TN	1241	FP	0	FN	203	TP	0
Fold	4	ValEpoch	10	ACC	0.861111	Loss	0.367972	AUC	0.724710	AUPRC	0.337239	TN	310	FP	0	FN	50	TP	0
Fold	4	TestEpoch	10	ACC	0.901639	Loss	0.293905	AUC	0.750758	AUPRC	0.281053	TN	110	FP	0	FN	12	TP	0
Fold	4	TrainEpoch	11	ACC	0.859418	Loss	0.356904	AUC	0.771085	AUPRC	0.427214	TN	1241	FP	0	FN	203	TP	0
Fold	4	ValEpoch	11	ACC	0.861111	Loss	0.373705	AUC	0.694129	AUPRC	0.306835	TN	310	FP	0	FN	50	TP	0
Fold	4	TestEpoch	11	ACC	0.901639	Loss	0.293363	AUC	0.767424	AUPRC	0.253912	TN	110	FP	0	FN	12	TP	0
Fold	4	TrainEpoch	12	ACC	0.859418	Loss	0.349710	AUC	0.793687	AUPRC	0.456216	TN	1241	FP	0	FN	203	TP	0
Fold	4	ValEpoch	12	ACC	0.861111	Loss	0.373162	AUC	0.680774	AUPRC	0.322665	TN	310	FP	0	FN	50	TP	0
Fold	4	TestEpoch	12	ACC	0.901639	Loss	0.292753	AUC	0.751515	AUPRC	0.353386	TN	110	FP	0	FN	12	TP	0
Fold	4	TrainEpoch	13	ACC	0.859418	Loss	0.343825	AUC	0.803984	AUPRC	0.497887	TN	1241	FP	0	FN	203	TP	0
Fold	4	ValEpoch	13	ACC	0.861111	Loss	0.370440	AUC	0.702129	AUPRC	0.315189	TN	310	FP	0	FN	50	TP	0
Fold	4	TestEpoch	13	ACC	0.901639	Loss	0.305996	AUC	0.689394	AUPRC	0.236321	TN	110	FP	0	FN	12	TP	0
Fold	4	TrainEpoch	14	ACC	0.859418	Loss	0.343553	AUC	0.798724	AUPRC	0.491467	TN	1241	FP	0	FN	203	TP	0
Fold	4	ValEpoch	14	ACC	0.861111	Loss	0.372404	AUC	0.696968	AUPRC	0.307856	TN	310	FP	0	FN	50	TP	0
Fold	4	TestEpoch	14	ACC	0.901639	Loss	0.298744	AUC	0.720455	AUPRC	0.353497	TN	110	FP	0	FN	12	TP	0
Fold	4	TrainEpoch	15	ACC	0.859418	Loss	0.336592	AUC	0.820493	AUPRC	0.504961	TN	1241	FP	0	FN	203	TP	0
Fold	4	ValEpoch	15	ACC	0.861111	Loss	0.367920	AUC	0.703161	AUPRC	0.345288	TN	310	FP	0	FN	50	TP	0
Fold	4	TestEpoch	15	ACC	0.901639	Loss	0.294810	AUC	0.740152	AUPRC	0.348666	TN	110	FP	0	FN	12	TP	0
Fold	4	TrainEpoch	16	ACC	0.859418	Loss	0.332440	AUC	0.826800	AUPRC	0.524545	TN	1241	FP	0	FN	203	TP	0
Fold	4	ValEpoch	16	ACC	0.861111	Loss	0.360933	AUC	0.725871	AUPRC	0.355559	TN	310	FP	0	FN	50	TP	0
Fold	4	TestEpoch	16	ACC	0.901639	Loss	0.292892	AUC	0.746212	AUPRC	0.331126	TN	110	FP	0	FN	12	TP	0
Fold	4	TrainEpoch	17	ACC	0.859418	Loss	0.328795	AUC	0.831647	AUPRC	0.539644	TN	1241	FP	0	FN	203	TP	0
Fold	4	ValEpoch	17	ACC	0.861111	Loss	0.362590	AUC	0.729806	AUPRC	0.365469	TN	310	FP	0	FN	50	TP	0
Fold	4	TestEpoch	17	ACC	0.901639	Loss	0.305415	AUC	0.700758	AUPRC	0.329504	TN	110	FP	0	FN	12	TP	0
Fold	4	TrainEpoch	18	ACC	0.859418	Loss	0.326293	AUC	0.840082	AUPRC	0.538300	TN	1241	FP	0	FN	203	TP	0
Fold	4	ValEpoch	18	ACC	0.861111	Loss	0.360852	AUC	0.729742	AUPRC	0.363555	TN	310	FP	0	FN	50	TP	0
Fold	4	TestEpoch	18	ACC	0.901639	Loss	0.296131	AUC	0.730303	AUPRC	0.330637	TN	110	FP	0	FN	12	TP	0
Fold	4	TrainEpoch	19	ACC	0.859418	Loss	0.322316	AUC	0.844087	AUPRC	0.559346	TN	1241	FP	0	FN	203	TP	0
Fold	4	ValEpoch	19	ACC	0.861111	Loss	0.361237	AUC	0.722903	AUPRC	0.368467	TN	310	FP	0	FN	50	TP	0
Fold	4	TestEpoch	19	ACC	0.901639	Loss	0.298567	AUC	0.721212	AUPRC	0.269223	TN	110	FP	0	FN	12	TP	0
Fold	4	TrainEpoch	20	ACC	0.859418	Loss	0.317380	AUC	0.850823	AUPRC	0.582887	TN	1241	FP	0	FN	203	TP	0
Fold	4	ValEpoch	20	ACC	0.861111	Loss	0.365077	AUC	0.713677	AUPRC	0.360076	TN	310	FP	0	FN	50	TP	0
Fold	4	TestEpoch	20	ACC	0.901639	Loss	0.287807	AUC	0.753788	AUPRC	0.340027	TN	110	FP	0	FN	12	TP	0
Fold	4	TrainEpoch	21	ACC	0.859418	Loss	0.313920	AUC	0.857766	AUPRC	0.596897	TN	1241	FP	0	FN	203	TP	0
Fold	4	ValEpoch	21	ACC	0.861111	Loss	0.356969	AUC	0.739806	AUPRC	0.377569	TN	310	FP	0	FN	50	TP	0
Fold	4	TestEpoch	21	ACC	0.901639	Loss	0.287852	AUC	0.745455	AUPRC	0.358162	TN	110	FP	0	FN	12	TP	0
Fold	4	TrainEpoch	22	ACC	0.859418	Loss	0.307886	AUC	0.869996	AUPRC	0.610241	TN	1241	FP	0	FN	203	TP	0
Fold	4	ValEpoch	22	ACC	0.861111	Loss	0.365981	AUC	0.710000	AUPRC	0.352189	TN	310	FP	0	FN	50	TP	0
Fold	4	TestEpoch	22	ACC	0.901639	Loss	0.290800	AUC	0.744697	AUPRC	0.333459	TN	110	FP	0	FN	12	TP	0
Fold	4	TrainEpoch	23	ACC	0.859418	Loss	0.304189	AUC	0.876573	AUPRC	0.625264	TN	1241	FP	0	FN	203	TP	0
Fold	4	ValEpoch	23	ACC	0.861111	Loss	0.362306	AUC	0.725484	AUPRC	0.361818	TN	310	FP	0	FN	50	TP	0
Fold	4	TestEpoch	23	ACC	0.901639	Loss	0.298880	AUC	0.717424	AUPRC	0.260886	TN	110	FP	0	FN	12	TP	0
Fold	4	TrainEpoch	24	ACC	0.859418	Loss	0.300265	AUC	0.880003	AUPRC	0.635108	TN	1241	FP	0	FN	203	TP	0
Fold	4	ValEpoch	24	ACC	0.861111	Loss	0.365893	AUC	0.715548	AUPRC	0.356797	TN	310	FP	0	FN	50	TP	0
Fold	4	TestEpoch	24	ACC	0.901639	Loss	0.285663	AUC	0.755303	AUPRC	0.335746	TN	110	FP	0	FN	12	TP	0
Fold	4	TrainEpoch	25	ACC	0.859418	Loss	0.298356	AUC	0.882778	AUPRC	0.643061	TN	1241	FP	0	FN	203	TP	0
Fold	4	ValEpoch	25	ACC	0.861111	Loss	0.364913	AUC	0.714839	AUPRC	0.337493	TN	310	FP	0	FN	50	TP	0
Fold	4	TestEpoch	25	ACC	0.901639	Loss	0.291363	AUC	0.740909	AUPRC	0.279009	TN	110	FP	0	FN	12	TP	0
Fold	4	TrainEpoch	26	ACC	0.859418	Loss	0.291178	AUC	0.895901	AUPRC	0.672290	TN	1241	FP	0	FN	203	TP	0
Fold	4	ValEpoch	26	ACC	0.861111	Loss	0.366726	AUC	0.714129	AUPRC	0.378063	TN	310	FP	0	FN	50	TP	0
Fold	4	TestEpoch	26	ACC	0.901639	Loss	0.281373	AUC	0.765152	AUPRC	0.378027	TN	110	FP	0	FN	12	TP	0
Fold	4	TrainEpoch	27	ACC	0.859418	Loss	0.291297	AUC	0.891574	AUPRC	0.657840	TN	1241	FP	0	FN	203	TP	0
Fold	4	ValEpoch	27	ACC	0.861111	Loss	0.362795	AUC	0.733290	AUPRC	0.339741	TN	310	FP	0	FN	50	TP	0
Fold	4	TestEpoch	27	ACC	0.901639	Loss	0.287800	AUC	0.738636	AUPRC	0.286924	TN	110	FP	0	FN	12	TP	0
Fold	4	TrainEpoch	28	ACC	0.859418	Loss	0.283501	AUC	0.909496	AUPRC	0.679839	TN	1241	FP	0	FN	203	TP	0
Fold	4	ValEpoch	28	ACC	0.861111	Loss	0.364144	AUC	0.723548	AUPRC	0.350907	TN	310	FP	0	FN	50	TP	0
Fold	4	TestEpoch	28	ACC	0.901639	Loss	0.288361	AUC	0.743182	AUPRC	0.269149	TN	110	FP	0	FN	12	TP	0
Fold	4	TrainEpoch	29	ACC	0.859418	Loss	0.279712	AUC	0.914009	AUPRC	0.694367	TN	1241	FP	0	FN	203	TP	0
Fold	4	ValEpoch	29	ACC	0.861111	Loss	0.362241	AUC	0.723032	AUPRC	0.352733	TN	310	FP	0	FN	50	TP	0
Fold	4	TestEpoch	29	ACC	0.901639	Loss	0.283927	AUC	0.763636	AUPRC	0.339574	TN	110	FP	0	FN	12	TP	0
Fold	4	TrainEpoch	30	ACC	0.859418	Loss	0.275946	AUC	0.915863	AUPRC	0.723203	TN	1241	FP	0	FN	203	TP	0
Fold	4	ValEpoch	30	ACC	0.861111	Loss	0.371068	AUC	0.712258	AUPRC	0.331432	TN	310	FP	0	FN	50	TP	0
Fold	4	TestEpoch	30	ACC	0.901639	Loss	0.282457	AUC	0.765152	AUPRC	0.359102	TN	110	FP	0	FN	12	TP	0
Fold	4	TrainEpoch	31	ACC	0.859418	Loss	0.269689	AUC	0.926521	AUPRC	0.737936	TN	1241	FP	0	FN	203	TP	0
Fold	4	ValEpoch	31	ACC	0.861111	Loss	0.368529	AUC	0.718645	AUPRC	0.350417	TN	310	FP	0	FN	50	TP	0
Fold	4	TestEpoch	31	ACC	0.901639	Loss	0.284042	AUC	0.752273	AUPRC	0.265027	TN	110	FP	0	FN	12	TP	0
Fold	4	TrainEpoch	32	ACC	0.859418	Loss	0.266514	AUC	0.930094	AUPRC	0.751684	TN	1241	FP	0	FN	203	TP	0
Fold	4	ValEpoch	32	ACC	0.861111	Loss	0.368087	AUC	0.717161	AUPRC	0.359286	TN	310	FP	0	FN	50	TP	0
Fold	4	TestEpoch	32	ACC	0.901639	Loss	0.282837	AUC	0.743182	AUPRC	0.338389	TN	110	FP	0	FN	12	TP	0
Fold	4	TrainEpoch	33	ACC	0.859418	Loss	0.258518	AUC	0.942689	AUPRC	0.763773	TN	1241	FP	0	FN	203	TP	0
Fold	4	ValEpoch	33	ACC	0.861111	Loss	0.368655	AUC	0.719355	AUPRC	0.344748	TN	310	FP	0	FN	50	TP	0
Fold	4	TestEpoch	33	ACC	0.901639	Loss	0.278587	AUC	0.767424	AUPRC	0.286165	TN	110	FP	0	FN	12	TP	0
Fold	4	TrainEpoch	34	ACC	0.859418	Loss	0.254897	AUC	0.947738	AUPRC	0.791594	TN	1241	FP	0	FN	203	TP	0
Fold	4	ValEpoch	34	ACC	0.861111	Loss	0.369615	AUC	0.711032	AUPRC	0.339732	TN	310	FP	0	FN	50	TP	0
Fold	4	TestEpoch	34	ACC	0.901639	Loss	0.286553	AUC	0.747727	AUPRC	0.287243	TN	110	FP	0	FN	12	TP	0
Fold	4	TrainEpoch	35	ACC	0.859418	Loss	0.249260	AUC	0.953605	AUPRC	0.809850	TN	1241	FP	0	FN	203	TP	0
Fold	4	ValEpoch	35	ACC	0.861111	Loss	0.365804	AUC	0.725484	AUPRC	0.349726	TN	310	FP	0	FN	50	TP	0
Fold	4	TestEpoch	35	ACC	0.901639	Loss	0.293092	AUC	0.721970	AUPRC	0.275147	TN	110	FP	0	FN	12	TP	0
Fold	4	TrainEpoch	36	ACC	0.859418	Loss	0.240213	AUC	0.963481	AUPRC	0.840868	TN	1241	FP	0	FN	203	TP	0
Fold	4	ValEpoch	36	ACC	0.861111	Loss	0.371779	AUC	0.714903	AUPRC	0.350330	TN	310	FP	0	FN	50	TP	0
Fold	4	TestEpoch	36	ACC	0.901639	Loss	0.285772	AUC	0.750000	AUPRC	0.299761	TN	110	FP	0	FN	12	TP	0
Fold	4	TrainEpoch	37	ACC	0.859418	Loss	0.233037	AUC	0.969443	AUPRC	0.853689	TN	1241	FP	0	FN	203	TP	0
Fold	4	ValEpoch	37	ACC	0.861111	Loss	0.381007	AUC	0.700516	AUPRC	0.337830	TN	310	FP	0	FN	50	TP	0
Fold	4	TestEpoch	37	ACC	0.901639	Loss	0.291138	AUC	0.738636	AUPRC	0.302883	TN	110	FP	0	FN	12	TP	0
Fold	4	TrainEpoch	38	ACC	0.859418	Loss	0.229354	AUC	0.973933	AUPRC	0.873732	TN	1241	FP	0	FN	203	TP	0
Fold	4	ValEpoch	38	ACC	0.861111	Loss	0.377586	AUC	0.699097	AUPRC	0.355764	TN	310	FP	0	FN	50	TP	0
Fold	4	TestEpoch	38	ACC	0.901639	Loss	0.286511	AUC	0.751515	AUPRC	0.259484	TN	110	FP	0	FN	12	TP	0
Fold	4	TrainEpoch	39	ACC	0.860111	Loss	0.220999	AUC	0.980157	AUPRC	0.904101	TN	1241	FP	0	FN	202	TP	1
Fold	4	ValEpoch	39	ACC	0.861111	Loss	0.377216	AUC	0.712645	AUPRC	0.340263	TN	310	FP	0	FN	50	TP	0
Fold	4	TestEpoch	39	ACC	0.901639	Loss	0.288484	AUC	0.739394	AUPRC	0.278098	TN	110	FP	0	FN	12	TP	0
Fold	4	TrainEpoch	40	ACC	0.860803	Loss	0.215396	AUC	0.983213	AUPRC	0.906823	TN	1241	FP	0	FN	201	TP	2
Fold	4	ValEpoch	40	ACC	0.861111	Loss	0.391286	AUC	0.686645	AUPRC	0.317808	TN	310	FP	0	FN	50	TP	0
Fold	4	TestEpoch	40	ACC	0.901639	Loss	0.297038	AUC	0.729545	AUPRC	0.260612	TN	110	FP	0	FN	12	TP	0
Fold	4	TrainEpoch	41	ACC	0.862188	Loss	0.210327	AUC	0.985583	AUPRC	0.919991	TN	1241	FP	0	FN	199	TP	4
Fold	4	ValEpoch	41	ACC	0.861111	Loss	0.380707	AUC	0.715742	AUPRC	0.333200	TN	310	FP	0	FN	50	TP	0
Fold	4	TestEpoch	41	ACC	0.901639	Loss	0.296429	AUC	0.715152	AUPRC	0.331206	TN	110	FP	0	FN	12	TP	0
Fold	4	TrainEpoch	42	ACC	0.860803	Loss	0.201679	AUC	0.988477	AUPRC	0.930500	TN	1241	FP	0	FN	201	TP	2
Fold	4	ValEpoch	42	ACC	0.861111	Loss	0.383965	AUC	0.716194	AUPRC	0.331456	TN	310	FP	0	FN	50	TP	0
Fold	4	TestEpoch	42	ACC	0.901639	Loss	0.303379	AUC	0.715152	AUPRC	0.327438	TN	109	FP	1	FN	11	TP	1
Fold	4	TrainEpoch	43	ACC	0.861496	Loss	0.198399	AUC	0.988925	AUPRC	0.935314	TN	1241	FP	0	FN	200	TP	3
Fold	4	ValEpoch	43	ACC	0.861111	Loss	0.386555	AUC	0.706710	AUPRC	0.335081	TN	310	FP	0	FN	50	TP	0
Fold	4	TestEpoch	43	ACC	0.901639	Loss	0.291371	AUC	0.739394	AUPRC	0.258182	TN	110	FP	0	FN	12	TP	0
Fold	4	TrainEpoch	44	ACC	0.864266	Loss	0.190616	AUC	0.993319	AUPRC	0.964291	TN	1241	FP	0	FN	196	TP	7
Fold	4	ValEpoch	44	ACC	0.858333	Loss	0.404021	AUC	0.695613	AUPRC	0.306437	TN	309	FP	1	FN	50	TP	0
Fold	4	TestEpoch	44	ACC	0.901639	Loss	0.296296	AUC	0.731818	AUPRC	0.288985	TN	110	FP	0	FN	12	TP	0
Fold	4	TrainEpoch	45	ACC	0.867036	Loss	0.182688	AUC	0.994709	AUPRC	0.969265	TN	1241	FP	0	FN	192	TP	11
Fold	4	ValEpoch	45	ACC	0.861111	Loss	0.394597	AUC	0.696903	AUPRC	0.329270	TN	310	FP	0	FN	50	TP	0
Fold	4	TestEpoch	45	ACC	0.901639	Loss	0.284998	AUC	0.750000	AUPRC	0.307307	TN	110	FP	0	FN	12	TP	0
Fold	4	TrainEpoch	46	ACC	0.873269	Loss	0.173852	AUC	0.997257	AUPRC	0.982631	TN	1241	FP	0	FN	183	TP	20
Fold	4	ValEpoch	46	ACC	0.863889	Loss	0.395641	AUC	0.706452	AUPRC	0.333632	TN	310	FP	0	FN	49	TP	1
Fold	4	TestEpoch	46	ACC	0.901639	Loss	0.291048	AUC	0.756818	AUPRC	0.346152	TN	110	FP	0	FN	12	TP	0
Fold	4	TrainEpoch	47	ACC	0.878116	Loss	0.168718	AUC	0.996832	AUPRC	0.980447	TN	1241	FP	0	FN	176	TP	27
Fold	4	ValEpoch	47	ACC	0.863889	Loss	0.405702	AUC	0.694323	AUPRC	0.328640	TN	310	FP	0	FN	49	TP	1
Fold	4	TestEpoch	47	ACC	0.901639	Loss	0.297537	AUC	0.719697	AUPRC	0.371982	TN	110	FP	0	FN	12	TP	0
Fold	4	TrainEpoch	48	ACC	0.886427	Loss	0.161177	AUC	0.998623	AUPRC	0.990515	TN	1241	FP	0	FN	164	TP	39
Fold	4	ValEpoch	48	ACC	0.866667	Loss	0.400514	AUC	0.692774	AUPRC	0.361106	TN	310	FP	0	FN	48	TP	2
Fold	4	TestEpoch	48	ACC	0.909836	Loss	0.294367	AUC	0.751515	AUPRC	0.330711	TN	110	FP	0	FN	11	TP	1
Fold	4	TrainEpoch	49	ACC	0.899584	Loss	0.151953	AUC	0.998638	AUPRC	0.989860	TN	1241	FP	0	FN	145	TP	58
Fold	4	ValEpoch	49	ACC	0.866667	Loss	0.417086	AUC	0.702516	AUPRC	0.329298	TN	310	FP	0	FN	48	TP	2
Fold	4	TestEpoch	49	ACC	0.909836	Loss	0.314136	AUC	0.703788	AUPRC	0.352582	TN	110	FP	0	FN	11	TP	1
Fold	5	TrainEpoch	0	ACC	0.527701	Loss	0.683487	AUC	0.472323	AUPRC	0.139303	TN	692	FP	549	FN	133	TP	70
Fold	5	ValEpoch	0	ACC	0.861111	Loss	0.566206	AUC	0.401290	AUPRC	0.115514	TN	310	FP	0	FN	50	TP	0
Fold	5	TestEpoch	0	ACC	0.901639	Loss	0.546912	AUC	0.443939	AUPRC	0.122240	TN	110	FP	0	FN	12	TP	0
Fold	5	TrainEpoch	1	ACC	0.859418	Loss	0.491877	AUC	0.512847	AUPRC	0.158983	TN	1241	FP	0	FN	203	TP	0
Fold	5	ValEpoch	1	ACC	0.861111	Loss	0.444864	AUC	0.367355	AUPRC	0.125315	TN	310	FP	0	FN	50	TP	0
Fold	5	TestEpoch	1	ACC	0.901639	Loss	0.374366	AUC	0.434848	AUPRC	0.088908	TN	110	FP	0	FN	12	TP	0
Fold	5	TrainEpoch	2	ACC	0.859418	Loss	0.419514	AUC	0.502546	AUPRC	0.143699	TN	1241	FP	0	FN	203	TP	0
Fold	5	ValEpoch	2	ACC	0.861111	Loss	0.440508	AUC	0.414581	AUPRC	0.126413	TN	310	FP	0	FN	50	TP	0
Fold	5	TestEpoch	2	ACC	0.901639	Loss	0.339070	AUC	0.453788	AUPRC	0.094942	TN	110	FP	0	FN	12	TP	0
Fold	5	TrainEpoch	3	ACC	0.859418	Loss	0.421053	AUC	0.538724	AUPRC	0.162692	TN	1241	FP	0	FN	203	TP	0
Fold	5	ValEpoch	3	ACC	0.861111	Loss	0.443612	AUC	0.419806	AUPRC	0.114201	TN	310	FP	0	FN	50	TP	0
Fold	5	TestEpoch	3	ACC	0.901639	Loss	0.321466	AUC	0.578030	AUPRC	0.120785	TN	110	FP	0	FN	12	TP	0
Fold	5	TrainEpoch	4	ACC	0.859418	Loss	0.411997	AUC	0.569555	AUPRC	0.174381	TN	1241	FP	0	FN	203	TP	0
Fold	5	ValEpoch	4	ACC	0.861111	Loss	0.410036	AUC	0.533935	AUPRC	0.155260	TN	310	FP	0	FN	50	TP	0
Fold	5	TestEpoch	4	ACC	0.901639	Loss	0.326198	AUC	0.546212	AUPRC	0.123076	TN	110	FP	0	FN	12	TP	0
Fold	5	TrainEpoch	5	ACC	0.859418	Loss	0.387690	AUC	0.670304	AUPRC	0.251285	TN	1241	FP	0	FN	203	TP	0
Fold	5	ValEpoch	5	ACC	0.861111	Loss	0.394795	AUC	0.602839	AUPRC	0.195271	TN	310	FP	0	FN	50	TP	0
Fold	5	TestEpoch	5	ACC	0.901639	Loss	0.318569	AUC	0.672727	AUPRC	0.184660	TN	110	FP	0	FN	12	TP	0
Fold	5	TrainEpoch	6	ACC	0.859418	Loss	0.380224	AUC	0.716167	AUPRC	0.298021	TN	1241	FP	0	FN	203	TP	0
Fold	5	ValEpoch	6	ACC	0.861111	Loss	0.387377	AUC	0.660323	AUPRC	0.237319	TN	310	FP	0	FN	50	TP	0
Fold	5	TestEpoch	6	ACC	0.901639	Loss	0.316748	AUC	0.723485	AUPRC	0.229204	TN	110	FP	0	FN	12	TP	0
Fold	5	TrainEpoch	7	ACC	0.859418	Loss	0.373847	AUC	0.741338	AUPRC	0.358896	TN	1241	FP	0	FN	203	TP	0
Fold	5	ValEpoch	7	ACC	0.861111	Loss	0.388769	AUC	0.639677	AUPRC	0.237314	TN	310	FP	0	FN	50	TP	0
Fold	5	TestEpoch	7	ACC	0.901639	Loss	0.316458	AUC	0.727273	AUPRC	0.229256	TN	110	FP	0	FN	12	TP	0
Fold	5	TrainEpoch	8	ACC	0.859418	Loss	0.368860	AUC	0.751642	AUPRC	0.387180	TN	1241	FP	0	FN	203	TP	0
Fold	5	ValEpoch	8	ACC	0.861111	Loss	0.383105	AUC	0.664387	AUPRC	0.254680	TN	310	FP	0	FN	50	TP	0
Fold	5	TestEpoch	8	ACC	0.901639	Loss	0.312391	AUC	0.700000	AUPRC	0.243178	TN	110	FP	0	FN	12	TP	0
Fold	5	TrainEpoch	9	ACC	0.859418	Loss	0.363191	AUC	0.766127	AUPRC	0.385920	TN	1241	FP	0	FN	203	TP	0
Fold	5	ValEpoch	9	ACC	0.861111	Loss	0.382733	AUC	0.670258	AUPRC	0.247315	TN	310	FP	0	FN	50	TP	0
Fold	5	TestEpoch	9	ACC	0.901639	Loss	0.304278	AUC	0.718182	AUPRC	0.246095	TN	110	FP	0	FN	12	TP	0
Fold	5	TrainEpoch	10	ACC	0.859418	Loss	0.360189	AUC	0.767659	AUPRC	0.393755	TN	1241	FP	0	FN	203	TP	0
Fold	5	ValEpoch	10	ACC	0.861111	Loss	0.367852	AUC	0.733226	AUPRC	0.315186	TN	310	FP	0	FN	50	TP	0
Fold	5	TestEpoch	10	ACC	0.901639	Loss	0.288420	AUC	0.789394	AUPRC	0.307933	TN	110	FP	0	FN	12	TP	0
Fold	5	TrainEpoch	11	ACC	0.859418	Loss	0.356244	AUC	0.772919	AUPRC	0.413953	TN	1241	FP	0	FN	203	TP	0
Fold	5	ValEpoch	11	ACC	0.861111	Loss	0.379725	AUC	0.683419	AUPRC	0.259628	TN	310	FP	0	FN	50	TP	0
Fold	5	TestEpoch	11	ACC	0.901639	Loss	0.295116	AUC	0.756061	AUPRC	0.248606	TN	110	FP	0	FN	12	TP	0
Fold	5	TrainEpoch	12	ACC	0.859418	Loss	0.352567	AUC	0.776876	AUPRC	0.450940	TN	1241	FP	0	FN	203	TP	0
Fold	5	ValEpoch	12	ACC	0.861111	Loss	0.366284	AUC	0.725355	AUPRC	0.304177	TN	310	FP	0	FN	50	TP	0
Fold	5	TestEpoch	12	ACC	0.901639	Loss	0.297350	AUC	0.734091	AUPRC	0.247496	TN	110	FP	0	FN	12	TP	0
Fold	5	TrainEpoch	13	ACC	0.859418	Loss	0.345101	AUC	0.799772	AUPRC	0.471098	TN	1241	FP	0	FN	203	TP	0
Fold	5	ValEpoch	13	ACC	0.861111	Loss	0.370700	AUC	0.706387	AUPRC	0.298470	TN	310	FP	0	FN	50	TP	0
Fold	5	TestEpoch	13	ACC	0.901639	Loss	0.295080	AUC	0.737121	AUPRC	0.302595	TN	110	FP	0	FN	12	TP	0
Fold	5	TrainEpoch	14	ACC	0.859418	Loss	0.343685	AUC	0.804623	AUPRC	0.457340	TN	1241	FP	0	FN	203	TP	0
Fold	5	ValEpoch	14	ACC	0.861111	Loss	0.364232	AUC	0.730839	AUPRC	0.313566	TN	310	FP	0	FN	50	TP	0
Fold	5	TestEpoch	14	ACC	0.901639	Loss	0.295461	AUC	0.733333	AUPRC	0.271538	TN	110	FP	0	FN	12	TP	0
Fold	5	TrainEpoch	15	ACC	0.859418	Loss	0.342294	AUC	0.799689	AUPRC	0.480317	TN	1241	FP	0	FN	203	TP	0
Fold	5	ValEpoch	15	ACC	0.861111	Loss	0.368992	AUC	0.708387	AUPRC	0.307340	TN	310	FP	0	FN	50	TP	0
Fold	5	TestEpoch	15	ACC	0.901639	Loss	0.290142	AUC	0.747727	AUPRC	0.334647	TN	110	FP	0	FN	12	TP	0
Fold	5	TrainEpoch	16	ACC	0.859418	Loss	0.337240	AUC	0.811629	AUPRC	0.502483	TN	1241	FP	0	FN	203	TP	0
Fold	5	ValEpoch	16	ACC	0.861111	Loss	0.365671	AUC	0.727290	AUPRC	0.303874	TN	310	FP	0	FN	50	TP	0
Fold	5	TestEpoch	16	ACC	0.901639	Loss	0.298077	AUC	0.713636	AUPRC	0.269456	TN	110	FP	0	FN	12	TP	0
Fold	5	TrainEpoch	17	ACC	0.859418	Loss	0.336495	AUC	0.808422	AUPRC	0.510102	TN	1241	FP	0	FN	203	TP	0
Fold	5	ValEpoch	17	ACC	0.861111	Loss	0.352262	AUC	0.769710	AUPRC	0.345712	TN	310	FP	0	FN	50	TP	0
Fold	5	TestEpoch	17	ACC	0.901639	Loss	0.288619	AUC	0.769697	AUPRC	0.288655	TN	110	FP	0	FN	12	TP	0
Fold	5	TrainEpoch	18	ACC	0.859418	Loss	0.331347	AUC	0.823248	AUPRC	0.515731	TN	1241	FP	0	FN	203	TP	0
Fold	5	ValEpoch	18	ACC	0.861111	Loss	0.357370	AUC	0.751677	AUPRC	0.323640	TN	310	FP	0	FN	50	TP	0
Fold	5	TestEpoch	18	ACC	0.901639	Loss	0.297173	AUC	0.723485	AUPRC	0.297931	TN	110	FP	0	FN	12	TP	0
Fold	5	TrainEpoch	19	ACC	0.859418	Loss	0.325455	AUC	0.838085	AUPRC	0.543715	TN	1241	FP	0	FN	203	TP	0
Fold	5	ValEpoch	19	ACC	0.861111	Loss	0.362930	AUC	0.736258	AUPRC	0.314335	TN	310	FP	0	FN	50	TP	0
Fold	5	TestEpoch	19	ACC	0.901639	Loss	0.280598	AUC	0.782576	AUPRC	0.278185	TN	110	FP	0	FN	12	TP	0
Fold	5	TrainEpoch	20	ACC	0.859418	Loss	0.325112	AUC	0.837542	AUPRC	0.539674	TN	1241	FP	0	FN	203	TP	0
Fold	5	ValEpoch	20	ACC	0.861111	Loss	0.351551	AUC	0.767484	AUPRC	0.346173	TN	310	FP	0	FN	50	TP	0
Fold	5	TestEpoch	20	ACC	0.901639	Loss	0.294041	AUC	0.731818	AUPRC	0.348522	TN	110	FP	0	FN	12	TP	0
Fold	5	TrainEpoch	21	ACC	0.859418	Loss	0.319452	AUC	0.847775	AUPRC	0.563680	TN	1241	FP	0	FN	203	TP	0
Fold	5	ValEpoch	21	ACC	0.861111	Loss	0.350483	AUC	0.769871	AUPRC	0.352815	TN	310	FP	0	FN	50	TP	0
Fold	5	TestEpoch	21	ACC	0.901639	Loss	0.291794	AUC	0.740909	AUPRC	0.278015	TN	110	FP	0	FN	12	TP	0
Fold	5	TrainEpoch	22	ACC	0.859418	Loss	0.315366	AUC	0.856539	AUPRC	0.579116	TN	1241	FP	0	FN	203	TP	0
Fold	5	ValEpoch	22	ACC	0.861111	Loss	0.362248	AUC	0.726968	AUPRC	0.322990	TN	310	FP	0	FN	50	TP	0
Fold	5	TestEpoch	22	ACC	0.901639	Loss	0.288695	AUC	0.753030	AUPRC	0.314466	TN	110	FP	0	FN	12	TP	0
Fold	5	TrainEpoch	23	ACC	0.859418	Loss	0.312783	AUC	0.857865	AUPRC	0.608592	TN	1241	FP	0	FN	203	TP	0
Fold	5	ValEpoch	23	ACC	0.861111	Loss	0.349889	AUC	0.764129	AUPRC	0.369264	TN	310	FP	0	FN	50	TP	0
Fold	5	TestEpoch	23	ACC	0.901639	Loss	0.288474	AUC	0.740909	AUPRC	0.283101	TN	110	FP	0	FN	12	TP	0
Fold	5	TrainEpoch	24	ACC	0.859418	Loss	0.310476	AUC	0.864792	AUPRC	0.600246	TN	1241	FP	0	FN	203	TP	0
Fold	5	ValEpoch	24	ACC	0.861111	Loss	0.353698	AUC	0.755677	AUPRC	0.367774	TN	310	FP	0	FN	50	TP	0
Fold	5	TestEpoch	24	ACC	0.901639	Loss	0.295905	AUC	0.737879	AUPRC	0.336846	TN	110	FP	0	FN	12	TP	0
Fold	5	TrainEpoch	25	ACC	0.859418	Loss	0.306123	AUC	0.872683	AUPRC	0.616268	TN	1241	FP	0	FN	203	TP	0
Fold	5	ValEpoch	25	ACC	0.861111	Loss	0.350269	AUC	0.764258	AUPRC	0.331403	TN	310	FP	0	FN	50	TP	0
Fold	5	TestEpoch	25	ACC	0.901639	Loss	0.286616	AUC	0.758333	AUPRC	0.278302	TN	110	FP	0	FN	12	TP	0
Fold	5	TrainEpoch	26	ACC	0.859418	Loss	0.301233	AUC	0.885219	AUPRC	0.628692	TN	1241	FP	0	FN	203	TP	0
Fold	5	ValEpoch	26	ACC	0.861111	Loss	0.349098	AUC	0.769613	AUPRC	0.358354	TN	310	FP	0	FN	50	TP	0
Fold	5	TestEpoch	26	ACC	0.901639	Loss	0.281695	AUC	0.773485	AUPRC	0.322607	TN	110	FP	0	FN	12	TP	0
Fold	5	TrainEpoch	27	ACC	0.859418	Loss	0.298663	AUC	0.888899	AUPRC	0.633065	TN	1241	FP	0	FN	203	TP	0
Fold	5	ValEpoch	27	ACC	0.861111	Loss	0.349862	AUC	0.768774	AUPRC	0.352133	TN	310	FP	0	FN	50	TP	0
Fold	5	TestEpoch	27	ACC	0.901639	Loss	0.289223	AUC	0.747727	AUPRC	0.355539	TN	110	FP	0	FN	12	TP	0
Fold	5	TrainEpoch	28	ACC	0.859418	Loss	0.293988	AUC	0.896357	AUPRC	0.656762	TN	1241	FP	0	FN	203	TP	0
Fold	5	ValEpoch	28	ACC	0.861111	Loss	0.344513	AUC	0.785935	AUPRC	0.388085	TN	310	FP	0	FN	50	TP	0
Fold	5	TestEpoch	28	ACC	0.901639	Loss	0.272196	AUC	0.800000	AUPRC	0.310549	TN	110	FP	0	FN	12	TP	0
Fold	5	TrainEpoch	29	ACC	0.859418	Loss	0.293176	AUC	0.896194	AUPRC	0.661744	TN	1241	FP	0	FN	203	TP	0
Fold	5	ValEpoch	29	ACC	0.861111	Loss	0.346191	AUC	0.778258	AUPRC	0.351050	TN	310	FP	0	FN	50	TP	0
Fold	5	TestEpoch	29	ACC	0.901639	Loss	0.290517	AUC	0.739394	AUPRC	0.295716	TN	110	FP	0	FN	12	TP	0
Fold	5	TrainEpoch	30	ACC	0.859418	Loss	0.289105	AUC	0.901549	AUPRC	0.666734	TN	1241	FP	0	FN	203	TP	0
Fold	5	ValEpoch	30	ACC	0.861111	Loss	0.358192	AUC	0.736516	AUPRC	0.358132	TN	310	FP	0	FN	50	TP	0
Fold	5	TestEpoch	30	ACC	0.901639	Loss	0.286837	AUC	0.758333	AUPRC	0.319300	TN	110	FP	0	FN	12	TP	0
Fold	5	TrainEpoch	31	ACC	0.859418	Loss	0.284895	AUC	0.913771	AUPRC	0.699063	TN	1241	FP	0	FN	203	TP	0
Fold	5	ValEpoch	31	ACC	0.861111	Loss	0.344558	AUC	0.780452	AUPRC	0.385363	TN	310	FP	0	FN	50	TP	0
Fold	5	TestEpoch	31	ACC	0.901639	Loss	0.287947	AUC	0.758333	AUPRC	0.406503	TN	110	FP	0	FN	12	TP	0
Fold	5	TrainEpoch	32	ACC	0.859418	Loss	0.278333	AUC	0.922337	AUPRC	0.728256	TN	1241	FP	0	FN	203	TP	0
Fold	5	ValEpoch	32	ACC	0.861111	Loss	0.352638	AUC	0.759290	AUPRC	0.377109	TN	310	FP	0	FN	50	TP	0
Fold	5	TestEpoch	32	ACC	0.901639	Loss	0.279639	AUC	0.763636	AUPRC	0.325852	TN	110	FP	0	FN	12	TP	0
Fold	5	TrainEpoch	33	ACC	0.859418	Loss	0.275323	AUC	0.925160	AUPRC	0.728916	TN	1241	FP	0	FN	203	TP	0
Fold	5	ValEpoch	33	ACC	0.861111	Loss	0.350930	AUC	0.759226	AUPRC	0.378509	TN	310	FP	0	FN	50	TP	0
Fold	5	TestEpoch	33	ACC	0.901639	Loss	0.286692	AUC	0.744697	AUPRC	0.326399	TN	110	FP	0	FN	12	TP	0
Fold	5	TrainEpoch	34	ACC	0.859418	Loss	0.270543	AUC	0.933952	AUPRC	0.756068	TN	1241	FP	0	FN	203	TP	0
Fold	5	ValEpoch	34	ACC	0.861111	Loss	0.350005	AUC	0.771484	AUPRC	0.391985	TN	310	FP	0	FN	50	TP	0
Fold	5	TestEpoch	34	ACC	0.901639	Loss	0.284140	AUC	0.748485	AUPRC	0.276114	TN	110	FP	0	FN	12	TP	0
Fold	5	TrainEpoch	35	ACC	0.859418	Loss	0.265981	AUC	0.938406	AUPRC	0.755392	TN	1241	FP	0	FN	203	TP	0
Fold	5	ValEpoch	35	ACC	0.861111	Loss	0.358240	AUC	0.748323	AUPRC	0.351184	TN	310	FP	0	FN	50	TP	0
Fold	5	TestEpoch	35	ACC	0.901639	Loss	0.274281	AUC	0.782576	AUPRC	0.314099	TN	110	FP	0	FN	12	TP	0
Fold	5	TrainEpoch	36	ACC	0.859418	Loss	0.261034	AUC	0.947536	AUPRC	0.785879	TN	1241	FP	0	FN	203	TP	0
Fold	5	ValEpoch	36	ACC	0.861111	Loss	0.351963	AUC	0.763871	AUPRC	0.384237	TN	310	FP	0	FN	50	TP	0
Fold	5	TestEpoch	36	ACC	0.901639	Loss	0.285522	AUC	0.752273	AUPRC	0.288997	TN	110	FP	0	FN	12	TP	0
Fold	5	TrainEpoch	37	ACC	0.859418	Loss	0.253809	AUC	0.956626	AUPRC	0.808181	TN	1241	FP	0	FN	203	TP	0
Fold	5	ValEpoch	37	ACC	0.861111	Loss	0.350433	AUC	0.771290	AUPRC	0.375296	TN	310	FP	0	FN	50	TP	0
Fold	5	TestEpoch	37	ACC	0.901639	Loss	0.287975	AUC	0.752273	AUPRC	0.312020	TN	110	FP	0	FN	12	TP	0
Fold	5	TrainEpoch	38	ACC	0.859418	Loss	0.248042	AUC	0.964346	AUPRC	0.834244	TN	1241	FP	0	FN	203	TP	0
Fold	5	ValEpoch	38	ACC	0.861111	Loss	0.350877	AUC	0.768323	AUPRC	0.371751	TN	310	FP	0	FN	50	TP	0
Fold	5	TestEpoch	38	ACC	0.901639	Loss	0.286622	AUC	0.750758	AUPRC	0.294700	TN	110	FP	0	FN	12	TP	0
Fold	5	TrainEpoch	39	ACC	0.859418	Loss	0.243227	AUC	0.967176	AUPRC	0.845367	TN	1241	FP	0	FN	203	TP	0
Fold	5	ValEpoch	39	ACC	0.861111	Loss	0.352591	AUC	0.775484	AUPRC	0.370007	TN	310	FP	0	FN	50	TP	0
Fold	5	TestEpoch	39	ACC	0.901639	Loss	0.281328	AUC	0.772727	AUPRC	0.373118	TN	110	FP	0	FN	12	TP	0
Fold	5	TrainEpoch	40	ACC	0.859418	Loss	0.238581	AUC	0.971813	AUPRC	0.861127	TN	1241	FP	0	FN	203	TP	0
Fold	5	ValEpoch	40	ACC	0.861111	Loss	0.359775	AUC	0.750065	AUPRC	0.374111	TN	310	FP	0	FN	50	TP	0
Fold	5	TestEpoch	40	ACC	0.901639	Loss	0.277897	AUC	0.772727	AUPRC	0.309409	TN	110	FP	0	FN	12	TP	0
Fold	5	TrainEpoch	41	ACC	0.859418	Loss	0.235159	AUC	0.975608	AUPRC	0.876887	TN	1241	FP	0	FN	203	TP	0
Fold	5	ValEpoch	41	ACC	0.861111	Loss	0.354127	AUC	0.767032	AUPRC	0.388298	TN	310	FP	0	FN	50	TP	0
Fold	5	TestEpoch	41	ACC	0.901639	Loss	0.279703	AUC	0.778030	AUPRC	0.369668	TN	110	FP	0	FN	12	TP	0
Fold	5	TrainEpoch	42	ACC	0.859418	Loss	0.227773	AUC	0.977465	AUPRC	0.887052	TN	1241	FP	0	FN	203	TP	0
Fold	5	ValEpoch	42	ACC	0.861111	Loss	0.352697	AUC	0.775097	AUPRC	0.372711	TN	310	FP	0	FN	50	TP	0
Fold	5	TestEpoch	42	ACC	0.901639	Loss	0.261916	AUC	0.824242	AUPRC	0.357847	TN	110	FP	0	FN	12	TP	0
Fold	5	TrainEpoch	43	ACC	0.859418	Loss	0.220206	AUC	0.984019	AUPRC	0.917023	TN	1241	FP	0	FN	203	TP	0
Fold	5	ValEpoch	43	ACC	0.861111	Loss	0.362182	AUC	0.763742	AUPRC	0.340975	TN	310	FP	0	FN	50	TP	0
Fold	5	TestEpoch	43	ACC	0.901639	Loss	0.288037	AUC	0.742424	AUPRC	0.307088	TN	110	FP	0	FN	12	TP	0
Fold	5	TrainEpoch	44	ACC	0.859418	Loss	0.214605	AUC	0.987568	AUPRC	0.923507	TN	1241	FP	0	FN	203	TP	0
Fold	5	ValEpoch	44	ACC	0.861111	Loss	0.356297	AUC	0.767290	AUPRC	0.377582	TN	310	FP	0	FN	50	TP	0
Fold	5	TestEpoch	44	ACC	0.901639	Loss	0.277557	AUC	0.775758	AUPRC	0.385110	TN	110	FP	0	FN	12	TP	0
Fold	5	TrainEpoch	45	ACC	0.859418	Loss	0.209091	AUC	0.989195	AUPRC	0.938082	TN	1241	FP	0	FN	203	TP	0
Fold	5	ValEpoch	45	ACC	0.861111	Loss	0.359724	AUC	0.764581	AUPRC	0.381853	TN	310	FP	0	FN	50	TP	0
Fold	5	TestEpoch	45	ACC	0.901639	Loss	0.276136	AUC	0.769697	AUPRC	0.332921	TN	110	FP	0	FN	12	TP	0
Fold	5	TrainEpoch	46	ACC	0.859418	Loss	0.201018	AUC	0.992549	AUPRC	0.953813	TN	1241	FP	0	FN	203	TP	0
Fold	5	ValEpoch	46	ACC	0.861111	Loss	0.366115	AUC	0.762774	AUPRC	0.358951	TN	310	FP	0	FN	50	TP	0
Fold	5	TestEpoch	46	ACC	0.901639	Loss	0.277949	AUC	0.769697	AUPRC	0.317726	TN	110	FP	0	FN	12	TP	0
Fold	5	TrainEpoch	47	ACC	0.859418	Loss	0.195809	AUC	0.993673	AUPRC	0.960898	TN	1241	FP	0	FN	203	TP	0
Fold	5	ValEpoch	47	ACC	0.861111	Loss	0.369345	AUC	0.754065	AUPRC	0.379380	TN	310	FP	0	FN	50	TP	0
Fold	5	TestEpoch	47	ACC	0.901639	Loss	0.277723	AUC	0.770455	AUPRC	0.368563	TN	110	FP	0	FN	12	TP	0
Fold	5	TrainEpoch	48	ACC	0.859418	Loss	0.188221	AUC	0.996300	AUPRC	0.975610	TN	1241	FP	0	FN	203	TP	0
Fold	5	ValEpoch	48	ACC	0.861111	Loss	0.373853	AUC	0.756710	AUPRC	0.361918	TN	310	FP	0	FN	50	TP	0
Fold	5	TestEpoch	48	ACC	0.901639	Loss	0.277210	AUC	0.771970	AUPRC	0.311323	TN	110	FP	0	FN	12	TP	0
Fold	5	TrainEpoch	49	ACC	0.861496	Loss	0.185691	AUC	0.995991	AUPRC	0.973745	TN	1241	FP	0	FN	200	TP	3
Fold	5	ValEpoch	49	ACC	0.861111	Loss	0.376135	AUC	0.754452	AUPRC	0.343767	TN	310	FP	0	FN	50	TP	0
Fold	5	TestEpoch	49	ACC	0.901639	Loss	0.280824	AUC	0.762879	AUPRC	0.306360	TN	110	FP	0	FN	12	TP	0
