/home/lauren/target_data/preprocessed_images_20190315.pickle
Fold	1	TrainEpoch	0	ACC	0.716102	Loss	0.567370	AUC	0.495851	AUPRC	0.152107	TN	974	FP	242	FN	160	TP	40
Fold	1	ValEpoch	0	ACC	0.858757	Loss	0.445491	AUC	0.396250	AUPRC	0.162628	TN	304	FP	0	FN	50	TP	0
Fold	1	TestEpoch	0	ACC	0.901639	Loss	0.334407	AUC	0.427273	AUPRC	0.090025	TN	110	FP	0	FN	12	TP	0
Fold	1	TrainEpoch	1	ACC	0.858757	Loss	0.455530	AUC	0.513660	AUPRC	0.150097	TN	1216	FP	0	FN	200	TP	0
Fold	1	ValEpoch	1	ACC	0.858757	Loss	0.414406	AUC	0.577763	AUPRC	0.233828	TN	304	FP	0	FN	50	TP	0
Fold	1	TestEpoch	1	ACC	0.901639	Loss	0.307585	AUC	0.696970	AUPRC	0.194685	TN	110	FP	0	FN	12	TP	0
Fold	1	TrainEpoch	2	ACC	0.858757	Loss	0.384178	AUC	0.678993	AUPRC	0.298999	TN	1216	FP	0	FN	200	TP	0
Fold	1	ValEpoch	2	ACC	0.858757	Loss	0.384820	AUC	0.725395	AUPRC	0.356044	TN	304	FP	0	FN	50	TP	0
Fold	1	TestEpoch	2	ACC	0.901639	Loss	0.326263	AUC	0.741667	AUPRC	0.272619	TN	110	FP	0	FN	12	TP	0
Fold	1	TrainEpoch	3	ACC	0.858757	Loss	0.366384	AUC	0.756859	AUPRC	0.394024	TN	1216	FP	0	FN	200	TP	0
Fold	1	ValEpoch	3	ACC	0.858757	Loss	0.373788	AUC	0.720197	AUPRC	0.360107	TN	304	FP	0	FN	50	TP	0
Fold	1	TestEpoch	3	ACC	0.901639	Loss	0.277728	AUC	0.789394	AUPRC	0.257723	TN	110	FP	0	FN	12	TP	0
Fold	1	TrainEpoch	4	ACC	0.858757	Loss	0.357229	AUC	0.777418	AUPRC	0.418417	TN	1216	FP	0	FN	200	TP	0
Fold	1	ValEpoch	4	ACC	0.858757	Loss	0.371115	AUC	0.722105	AUPRC	0.342995	TN	304	FP	0	FN	50	TP	0
Fold	1	TestEpoch	4	ACC	0.901639	Loss	0.280065	AUC	0.769697	AUPRC	0.263067	TN	110	FP	0	FN	12	TP	0
Fold	1	TrainEpoch	5	ACC	0.858757	Loss	0.341487	AUC	0.794618	AUPRC	0.447874	TN	1216	FP	0	FN	200	TP	0
Fold	1	ValEpoch	5	ACC	0.858757	Loss	0.359268	AUC	0.744934	AUPRC	0.364380	TN	304	FP	0	FN	50	TP	0
Fold	1	TestEpoch	5	ACC	0.901639	Loss	0.295004	AUC	0.765909	AUPRC	0.251823	TN	110	FP	0	FN	12	TP	0
Fold	1	TrainEpoch	6	ACC	0.858757	Loss	0.338888	AUC	0.795461	AUPRC	0.437217	TN	1216	FP	0	FN	200	TP	0
Fold	1	ValEpoch	6	ACC	0.858757	Loss	0.356995	AUC	0.752237	AUPRC	0.387942	TN	304	FP	0	FN	50	TP	0
Fold	1	TestEpoch	6	ACC	0.901639	Loss	0.269129	AUC	0.804545	AUPRC	0.296265	TN	110	FP	0	FN	12	TP	0
Fold	1	TrainEpoch	7	ACC	0.858757	Loss	0.324208	AUC	0.823532	AUPRC	0.474272	TN	1216	FP	0	FN	200	TP	0
Fold	1	ValEpoch	7	ACC	0.858757	Loss	0.355374	AUC	0.759934	AUPRC	0.401178	TN	304	FP	0	FN	50	TP	0
Fold	1	TestEpoch	7	ACC	0.901639	Loss	0.267278	AUC	0.814394	AUPRC	0.284582	TN	110	FP	0	FN	12	TP	0
Fold	1	TrainEpoch	8	ACC	0.858757	Loss	0.318564	AUC	0.835263	AUPRC	0.527584	TN	1216	FP	0	FN	200	TP	0
Fold	1	ValEpoch	8	ACC	0.858757	Loss	0.356310	AUC	0.749474	AUPRC	0.400018	TN	304	FP	0	FN	50	TP	0
Fold	1	TestEpoch	8	ACC	0.901639	Loss	0.265328	AUC	0.812121	AUPRC	0.306009	TN	110	FP	0	FN	12	TP	0
Fold	1	TrainEpoch	9	ACC	0.858757	Loss	0.312129	AUC	0.847048	AUPRC	0.534941	TN	1216	FP	0	FN	200	TP	0
Fold	1	ValEpoch	9	ACC	0.858757	Loss	0.353746	AUC	0.773355	AUPRC	0.397947	TN	304	FP	0	FN	50	TP	0
Fold	1	TestEpoch	9	ACC	0.901639	Loss	0.265753	AUC	0.809091	AUPRC	0.298300	TN	110	FP	0	FN	12	TP	0
Fold	1	TrainEpoch	10	ACC	0.858757	Loss	0.304753	AUC	0.859930	AUPRC	0.556072	TN	1216	FP	0	FN	200	TP	0
Fold	1	ValEpoch	10	ACC	0.858757	Loss	0.349437	AUC	0.774145	AUPRC	0.436847	TN	304	FP	0	FN	50	TP	0
Fold	1	TestEpoch	10	ACC	0.901639	Loss	0.267493	AUC	0.809848	AUPRC	0.305327	TN	110	FP	0	FN	12	TP	0
Fold	1	TrainEpoch	11	ACC	0.858757	Loss	0.295153	AUC	0.875728	AUPRC	0.578892	TN	1216	FP	0	FN	200	TP	0
Fold	1	ValEpoch	11	ACC	0.858757	Loss	0.356399	AUC	0.761316	AUPRC	0.410331	TN	304	FP	0	FN	50	TP	0
Fold	1	TestEpoch	11	ACC	0.901639	Loss	0.263322	AUC	0.815152	AUPRC	0.320025	TN	110	FP	0	FN	12	TP	0
Fold	1	TrainEpoch	12	ACC	0.858757	Loss	0.285871	AUC	0.888528	AUPRC	0.613723	TN	1216	FP	0	FN	200	TP	0
Fold	1	ValEpoch	12	ACC	0.858757	Loss	0.357264	AUC	0.760987	AUPRC	0.406569	TN	304	FP	0	FN	50	TP	0
Fold	1	TestEpoch	12	ACC	0.901639	Loss	0.276889	AUC	0.800758	AUPRC	0.333273	TN	110	FP	0	FN	12	TP	0
Fold	1	TrainEpoch	13	ACC	0.858757	Loss	0.278289	AUC	0.898923	AUPRC	0.619827	TN	1216	FP	0	FN	200	TP	0
Fold	1	ValEpoch	13	ACC	0.858757	Loss	0.357593	AUC	0.762039	AUPRC	0.429805	TN	304	FP	0	FN	50	TP	0
Fold	1	TestEpoch	13	ACC	0.901639	Loss	0.246154	AUC	0.858333	AUPRC	0.388001	TN	110	FP	0	FN	12	TP	0
Fold	1	TrainEpoch	14	ACC	0.858757	Loss	0.274886	AUC	0.904383	AUPRC	0.639401	TN	1216	FP	0	FN	200	TP	0
Fold	1	ValEpoch	14	ACC	0.858757	Loss	0.352295	AUC	0.768092	AUPRC	0.418165	TN	304	FP	0	FN	50	TP	0
Fold	1	TestEpoch	14	ACC	0.901639	Loss	0.275887	AUC	0.797727	AUPRC	0.307765	TN	110	FP	0	FN	12	TP	0
Fold	1	TrainEpoch	15	ACC	0.858757	Loss	0.260835	AUC	0.920662	AUPRC	0.673690	TN	1216	FP	0	FN	200	TP	0
Fold	1	ValEpoch	15	ACC	0.858757	Loss	0.361836	AUC	0.766053	AUPRC	0.464191	TN	304	FP	0	FN	50	TP	0
Fold	1	TestEpoch	15	ACC	0.901639	Loss	0.255498	AUC	0.822727	AUPRC	0.380368	TN	110	FP	0	FN	12	TP	0
Fold	1	TrainEpoch	16	ACC	0.858757	Loss	0.256905	AUC	0.929391	AUPRC	0.683884	TN	1216	FP	0	FN	200	TP	0
Fold	1	ValEpoch	16	ACC	0.858757	Loss	0.352257	AUC	0.771974	AUPRC	0.428309	TN	304	FP	0	FN	50	TP	0
Fold	1	TestEpoch	16	ACC	0.901639	Loss	0.262149	AUC	0.813636	AUPRC	0.410559	TN	110	FP	0	FN	12	TP	0
Fold	1	TrainEpoch	17	ACC	0.858757	Loss	0.235141	AUC	0.953816	AUPRC	0.755601	TN	1216	FP	0	FN	200	TP	0
Fold	1	ValEpoch	17	ACC	0.858757	Loss	0.371682	AUC	0.762434	AUPRC	0.374873	TN	304	FP	0	FN	50	TP	0
Fold	1	TestEpoch	17	ACC	0.901639	Loss	0.285546	AUC	0.793182	AUPRC	0.308272	TN	110	FP	0	FN	12	TP	0
Fold	1	TrainEpoch	18	ACC	0.858757	Loss	0.220626	AUC	0.966509	AUPRC	0.815707	TN	1216	FP	0	FN	200	TP	0
Fold	1	ValEpoch	18	ACC	0.858757	Loss	0.359806	AUC	0.767500	AUPRC	0.385526	TN	304	FP	0	FN	50	TP	0
Fold	1	TestEpoch	18	ACC	0.901639	Loss	0.273909	AUC	0.803788	AUPRC	0.308839	TN	110	FP	0	FN	12	TP	0
Fold	1	TrainEpoch	19	ACC	0.858757	Loss	0.203342	AUC	0.978668	AUPRC	0.875982	TN	1216	FP	0	FN	200	TP	0
Fold	1	ValEpoch	19	ACC	0.858757	Loss	0.386530	AUC	0.747039	AUPRC	0.430548	TN	304	FP	0	FN	50	TP	0
Fold	1	TestEpoch	19	ACC	0.901639	Loss	0.260843	AUC	0.815909	AUPRC	0.405627	TN	110	FP	0	FN	12	TP	0
Fold	1	TrainEpoch	20	ACC	0.858757	Loss	0.202474	AUC	0.973923	AUPRC	0.861117	TN	1216	FP	0	FN	200	TP	0
Fold	1	ValEpoch	20	ACC	0.858757	Loss	0.394118	AUC	0.778882	AUPRC	0.386891	TN	304	FP	0	FN	50	TP	0
Fold	1	TestEpoch	20	ACC	0.901639	Loss	0.287636	AUC	0.791667	AUPRC	0.304104	TN	110	FP	0	FN	12	TP	0
Fold	1	TrainEpoch	21	ACC	0.860876	Loss	0.188942	AUC	0.979502	AUPRC	0.880101	TN	1216	FP	0	FN	197	TP	3
Fold	1	ValEpoch	21	ACC	0.858757	Loss	0.405168	AUC	0.746447	AUPRC	0.339705	TN	303	FP	1	FN	49	TP	1
Fold	1	TestEpoch	21	ACC	0.901639	Loss	0.297322	AUC	0.788636	AUPRC	0.366865	TN	110	FP	0	FN	12	TP	0
Fold	1	TrainEpoch	22	ACC	0.875706	Loss	0.197998	AUC	0.967574	AUPRC	0.840807	TN	1216	FP	0	FN	176	TP	24
Fold	1	ValEpoch	22	ACC	0.861582	Loss	0.341964	AUC	0.783421	AUPRC	0.427099	TN	304	FP	0	FN	49	TP	1
Fold	1	TestEpoch	22	ACC	0.901639	Loss	0.306679	AUC	0.770455	AUPRC	0.265345	TN	110	FP	0	FN	12	TP	0
Fold	1	TrainEpoch	23	ACC	0.881356	Loss	0.180313	AUC	0.983602	AUPRC	0.909339	TN	1216	FP	0	FN	168	TP	32
Fold	1	ValEpoch	23	ACC	0.867232	Loss	0.363509	AUC	0.790066	AUPRC	0.440233	TN	303	FP	1	FN	46	TP	4
Fold	1	TestEpoch	23	ACC	0.893443	Loss	0.280023	AUC	0.804545	AUPRC	0.392819	TN	108	FP	2	FN	11	TP	1
Fold	1	TrainEpoch	24	ACC	0.897599	Loss	0.153830	AUC	0.995300	AUPRC	0.966612	TN	1216	FP	0	FN	145	TP	55
Fold	1	ValEpoch	24	ACC	0.867232	Loss	0.435244	AUC	0.777434	AUPRC	0.434446	TN	303	FP	1	FN	46	TP	4
Fold	1	TestEpoch	24	ACC	0.909836	Loss	0.304661	AUC	0.796970	AUPRC	0.417053	TN	108	FP	2	FN	9	TP	3
Fold	1	TrainEpoch	25	ACC	0.906780	Loss	0.135107	AUC	0.997652	AUPRC	0.979592	TN	1215	FP	1	FN	131	TP	69
Fold	1	ValEpoch	25	ACC	0.867232	Loss	0.483713	AUC	0.754539	AUPRC	0.444433	TN	304	FP	0	FN	47	TP	3
Fold	1	TestEpoch	25	ACC	0.901639	Loss	0.307895	AUC	0.802273	AUPRC	0.363955	TN	108	FP	2	FN	10	TP	2
Fold	1	TrainEpoch	26	ACC	0.944209	Loss	0.123380	AUC	0.998368	AUPRC	0.988381	TN	1215	FP	1	FN	78	TP	122
Fold	1	ValEpoch	26	ACC	0.858757	Loss	0.520978	AUC	0.742237	AUPRC	0.343838	TN	299	FP	5	FN	45	TP	5
Fold	1	TestEpoch	26	ACC	0.893443	Loss	0.330237	AUC	0.788636	AUPRC	0.308010	TN	107	FP	3	FN	10	TP	2
Fold	1	TrainEpoch	27	ACC	0.951977	Loss	0.139597	AUC	0.991538	AUPRC	0.959657	TN	1212	FP	4	FN	64	TP	136
Fold	1	ValEpoch	27	ACC	0.867232	Loss	0.390272	AUC	0.786908	AUPRC	0.441635	TN	298	FP	6	FN	41	TP	9
Fold	1	TestEpoch	27	ACC	0.868852	Loss	0.339942	AUC	0.764394	AUPRC	0.294682	TN	103	FP	7	FN	9	TP	3
Fold	1	TrainEpoch	28	ACC	0.945621	Loss	0.136990	AUC	0.991801	AUPRC	0.950376	TN	1206	FP	10	FN	67	TP	133
Fold	1	ValEpoch	28	ACC	0.858757	Loss	0.383507	AUC	0.768947	AUPRC	0.394138	TN	290	FP	14	FN	36	TP	14
Fold	1	TestEpoch	28	ACC	0.827869	Loss	0.347827	AUC	0.773485	AUPRC	0.341513	TN	95	FP	15	FN	6	TP	6
Fold	1	TrainEpoch	29	ACC	0.950565	Loss	0.150272	AUC	0.987718	AUPRC	0.931075	TN	1204	FP	12	FN	58	TP	142
Fold	1	ValEpoch	29	ACC	0.867232	Loss	0.411664	AUC	0.729868	AUPRC	0.346419	TN	296	FP	8	FN	39	TP	11
Fold	1	TestEpoch	29	ACC	0.836066	Loss	0.334223	AUC	0.740909	AUPRC	0.244902	TN	100	FP	10	FN	10	TP	2
Fold	1	TrainEpoch	30	ACC	0.950565	Loss	0.140911	AUC	0.990214	AUPRC	0.952217	TN	1211	FP	5	FN	65	TP	135
Fold	1	ValEpoch	30	ACC	0.870056	Loss	0.495456	AUC	0.731513	AUPRC	0.409037	TN	301	FP	3	FN	43	TP	7
Fold	1	TestEpoch	30	ACC	0.885246	Loss	0.289264	AUC	0.821970	AUPRC	0.345307	TN	104	FP	6	FN	8	TP	4
Fold	1	TrainEpoch	31	ACC	0.966808	Loss	0.117858	AUC	0.997558	AUPRC	0.984405	TN	1214	FP	2	FN	45	TP	155
Fold	1	ValEpoch	31	ACC	0.870056	Loss	0.450729	AUC	0.772434	AUPRC	0.430473	TN	302	FP	2	FN	44	TP	6
Fold	1	TestEpoch	31	ACC	0.877049	Loss	0.335196	AUC	0.775758	AUPRC	0.286273	TN	104	FP	6	FN	9	TP	3
Fold	1	TrainEpoch	32	ACC	0.977401	Loss	0.100444	AUC	0.998886	AUPRC	0.992368	TN	1213	FP	3	FN	29	TP	171
Fold	1	ValEpoch	32	ACC	0.867232	Loss	0.461798	AUC	0.781447	AUPRC	0.422651	TN	294	FP	10	FN	37	TP	13
Fold	1	TestEpoch	32	ACC	0.877049	Loss	0.365075	AUC	0.790909	AUPRC	0.377767	TN	101	FP	9	FN	6	TP	6
Fold	1	TrainEpoch	33	ACC	0.988701	Loss	0.088735	AUC	0.999441	AUPRC	0.996262	TN	1213	FP	3	FN	13	TP	187
Fold	1	ValEpoch	33	ACC	0.867232	Loss	0.518295	AUC	0.764605	AUPRC	0.356089	TN	297	FP	7	FN	40	TP	10
Fold	1	TestEpoch	33	ACC	0.893443	Loss	0.386601	AUC	0.782576	AUPRC	0.331620	TN	104	FP	6	FN	7	TP	5
Fold	1	TrainEpoch	34	ACC	0.994350	Loss	0.079593	AUC	0.999646	AUPRC	0.997680	TN	1213	FP	3	FN	5	TP	195
Fold	1	ValEpoch	34	ACC	0.870056	Loss	0.485796	AUC	0.766053	AUPRC	0.454770	TN	298	FP	6	FN	40	TP	10
Fold	1	TestEpoch	34	ACC	0.885246	Loss	0.318012	AUC	0.797727	AUPRC	0.375877	TN	105	FP	5	FN	9	TP	3
Fold	1	TrainEpoch	35	ACC	0.997881	Loss	0.070981	AUC	0.999918	AUPRC	0.999483	TN	1213	FP	3	FN	0	TP	200
Fold	1	ValEpoch	35	ACC	0.870056	Loss	0.592026	AUC	0.770395	AUPRC	0.431701	TN	298	FP	6	FN	40	TP	10
Fold	1	TestEpoch	35	ACC	0.860656	Loss	0.379476	AUC	0.793939	AUPRC	0.397813	TN	101	FP	9	FN	8	TP	4
Fold	1	TrainEpoch	36	ACC	0.997881	Loss	0.065139	AUC	0.999922	AUPRC	0.999519	TN	1214	FP	2	FN	1	TP	199
Fold	1	ValEpoch	36	ACC	0.867232	Loss	0.658176	AUC	0.744803	AUPRC	0.398838	TN	302	FP	2	FN	45	TP	5
Fold	1	TestEpoch	36	ACC	0.877049	Loss	0.402473	AUC	0.781818	AUPRC	0.327484	TN	104	FP	6	FN	9	TP	3
Fold	1	TrainEpoch	37	ACC	0.998588	Loss	0.060459	AUC	0.999996	AUPRC	0.999975	TN	1214	FP	2	FN	0	TP	200
Fold	1	ValEpoch	37	ACC	0.867232	Loss	0.657242	AUC	0.781711	AUPRC	0.390474	TN	297	FP	7	FN	40	TP	10
Fold	1	TestEpoch	37	ACC	0.860656	Loss	0.434082	AUC	0.790152	AUPRC	0.422096	TN	101	FP	9	FN	8	TP	4
Fold	1	TrainEpoch	38	ACC	0.998588	Loss	0.055390	AUC	0.999992	AUPRC	0.999950	TN	1215	FP	1	FN	1	TP	199
Fold	1	ValEpoch	38	ACC	0.872881	Loss	0.655770	AUC	0.781118	AUPRC	0.426245	TN	300	FP	4	FN	41	TP	9
Fold	1	TestEpoch	38	ACC	0.860656	Loss	0.379790	AUC	0.806061	AUPRC	0.326391	TN	102	FP	8	FN	9	TP	3
Fold	1	TrainEpoch	39	ACC	0.999294	Loss	0.053683	AUC	1.000000	AUPRC	1.000000	TN	1215	FP	1	FN	0	TP	200
Fold	1	ValEpoch	39	ACC	0.867232	Loss	0.648320	AUC	0.767895	AUPRC	0.388009	TN	299	FP	5	FN	42	TP	8
Fold	1	TestEpoch	39	ACC	0.868852	Loss	0.405403	AUC	0.800758	AUPRC	0.316939	TN	103	FP	7	FN	9	TP	3
Fold	1	TrainEpoch	40	ACC	0.999294	Loss	0.049590	AUC	0.999992	AUPRC	0.999950	TN	1215	FP	1	FN	0	TP	200
Fold	1	ValEpoch	40	ACC	0.875706	Loss	0.662629	AUC	0.772632	AUPRC	0.430191	TN	298	FP	6	FN	38	TP	12
Fold	1	TestEpoch	40	ACC	0.836066	Loss	0.429938	AUC	0.778030	AUPRC	0.357853	TN	99	FP	11	FN	9	TP	3
Fold	1	TrainEpoch	41	ACC	0.999294	Loss	0.046004	AUC	0.999988	AUPRC	0.999925	TN	1215	FP	1	FN	0	TP	200
Fold	1	ValEpoch	41	ACC	0.861582	Loss	0.637004	AUC	0.770789	AUPRC	0.378296	TN	295	FP	9	FN	40	TP	10
Fold	1	TestEpoch	41	ACC	0.868852	Loss	0.434431	AUC	0.786364	AUPRC	0.300942	TN	102	FP	8	FN	8	TP	4
Fold	1	TrainEpoch	42	ACC	0.999294	Loss	0.041948	AUC	1.000000	AUPRC	1.000000	TN	1215	FP	1	FN	0	TP	200
Fold	1	ValEpoch	42	ACC	0.870056	Loss	0.730715	AUC	0.766974	AUPRC	0.438234	TN	300	FP	4	FN	42	TP	8
Fold	1	TestEpoch	42	ACC	0.860656	Loss	0.444091	AUC	0.785606	AUPRC	0.318072	TN	102	FP	8	FN	9	TP	3
Fold	1	TrainEpoch	43	ACC	0.999294	Loss	0.038846	AUC	1.000000	AUPRC	1.000000	TN	1215	FP	1	FN	0	TP	200
Fold	1	ValEpoch	43	ACC	0.872881	Loss	0.663120	AUC	0.785987	AUPRC	0.430808	TN	300	FP	4	FN	41	TP	9
Fold	1	TestEpoch	43	ACC	0.860656	Loss	0.455704	AUC	0.781818	AUPRC	0.347559	TN	102	FP	8	FN	9	TP	3
Fold	1	TrainEpoch	44	ACC	0.999294	Loss	0.031078	AUC	1.000000	AUPRC	1.000000	TN	1215	FP	1	FN	0	TP	200
Fold	1	ValEpoch	44	ACC	0.872881	Loss	0.666781	AUC	0.768355	AUPRC	0.420329	TN	297	FP	7	FN	38	TP	12
Fold	1	TestEpoch	44	ACC	0.844262	Loss	0.441793	AUC	0.794697	AUPRC	0.394875	TN	99	FP	11	FN	8	TP	4
Fold	1	TrainEpoch	45	ACC	0.999294	Loss	0.026858	AUC	1.000000	AUPRC	1.000000	TN	1215	FP	1	FN	0	TP	200
Fold	1	ValEpoch	45	ACC	0.867232	Loss	0.666705	AUC	0.791250	AUPRC	0.407713	TN	297	FP	7	FN	40	TP	10
Fold	1	TestEpoch	45	ACC	0.844262	Loss	0.493816	AUC	0.793182	AUPRC	0.283067	TN	98	FP	12	FN	7	TP	5
Fold	1	TrainEpoch	46	ACC	0.999294	Loss	0.020155	AUC	1.000000	AUPRC	1.000000	TN	1215	FP	1	FN	0	TP	200
Fold	1	ValEpoch	46	ACC	0.864407	Loss	0.717620	AUC	0.774474	AUPRC	0.400436	TN	297	FP	7	FN	41	TP	9
Fold	1	TestEpoch	46	ACC	0.852459	Loss	0.509021	AUC	0.805303	AUPRC	0.324931	TN	99	FP	11	FN	7	TP	5
Fold	1	TrainEpoch	47	ACC	0.999294	Loss	0.017522	AUC	1.000000	AUPRC	1.000000	TN	1215	FP	1	FN	0	TP	200
Fold	1	ValEpoch	47	ACC	0.867232	Loss	0.746217	AUC	0.764276	AUPRC	0.393337	TN	299	FP	5	FN	42	TP	8
Fold	1	TestEpoch	47	ACC	0.836066	Loss	0.482801	AUC	0.822727	AUPRC	0.405484	TN	97	FP	13	FN	7	TP	5
Fold	1	TrainEpoch	48	ACC	0.999294	Loss	0.015928	AUC	0.999942	AUPRC	0.999640	TN	1215	FP	1	FN	0	TP	200
Fold	1	ValEpoch	48	ACC	0.875706	Loss	0.752798	AUC	0.738882	AUPRC	0.454051	TN	296	FP	8	FN	36	TP	14
Fold	1	TestEpoch	48	ACC	0.860656	Loss	0.506341	AUC	0.789394	AUPRC	0.481970	TN	99	FP	11	FN	6	TP	6
Fold	1	TrainEpoch	49	ACC	0.999294	Loss	0.013371	AUC	0.999992	AUPRC	0.999950	TN	1215	FP	1	FN	0	TP	200
Fold	1	ValEpoch	49	ACC	0.853107	Loss	0.763194	AUC	0.766645	AUPRC	0.383826	TN	290	FP	14	FN	38	TP	12
Fold	1	TestEpoch	49	ACC	0.852459	Loss	0.562119	AUC	0.790909	AUPRC	0.268280	TN	100	FP	10	FN	8	TP	4
Fold	2	TrainEpoch	0	ACC	0.821328	Loss	0.541762	AUC	0.524708	AUPRC	0.154902	TN	1152	FP	64	FN	189	TP	11
Fold	2	ValEpoch	0	ACC	0.858757	Loss	0.437129	AUC	0.452566	AUPRC	0.133969	TN	304	FP	0	FN	50	TP	0
Fold	2	TestEpoch	0	ACC	0.901639	Loss	0.345237	AUC	0.396970	AUPRC	0.082268	TN	110	FP	0	FN	12	TP	0
Fold	2	TrainEpoch	1	ACC	0.858757	Loss	0.469139	AUC	0.483220	AUPRC	0.137250	TN	1216	FP	0	FN	200	TP	0
Fold	2	ValEpoch	1	ACC	0.858757	Loss	0.425450	AUC	0.560987	AUPRC	0.175924	TN	304	FP	0	FN	50	TP	0
Fold	2	TestEpoch	1	ACC	0.901639	Loss	0.318730	AUC	0.581061	AUPRC	0.132117	TN	110	FP	0	FN	12	TP	0
Fold	2	TrainEpoch	2	ACC	0.858757	Loss	0.397614	AUC	0.607521	AUPRC	0.229950	TN	1216	FP	0	FN	200	TP	0
Fold	2	ValEpoch	2	ACC	0.858757	Loss	0.401623	AUC	0.711316	AUPRC	0.356831	TN	304	FP	0	FN	50	TP	0
Fold	2	TestEpoch	2	ACC	0.901639	Loss	0.347618	AUC	0.757576	AUPRC	0.227707	TN	110	FP	0	FN	12	TP	0
Fold	2	TrainEpoch	3	ACC	0.858757	Loss	0.384260	AUC	0.731653	AUPRC	0.382381	TN	1216	FP	0	FN	200	TP	0
Fold	2	ValEpoch	3	ACC	0.858757	Loss	0.381637	AUC	0.691842	AUPRC	0.349961	TN	304	FP	0	FN	50	TP	0
Fold	2	TestEpoch	3	ACC	0.901639	Loss	0.300974	AUC	0.712879	AUPRC	0.238801	TN	110	FP	0	FN	12	TP	0
Fold	2	TrainEpoch	4	ACC	0.858757	Loss	0.363501	AUC	0.762775	AUPRC	0.388675	TN	1216	FP	0	FN	200	TP	0
Fold	2	ValEpoch	4	ACC	0.858757	Loss	0.381416	AUC	0.704342	AUPRC	0.322476	TN	304	FP	0	FN	50	TP	0
Fold	2	TestEpoch	4	ACC	0.901639	Loss	0.290553	AUC	0.743939	AUPRC	0.306127	TN	110	FP	0	FN	12	TP	0
Fold	2	TrainEpoch	5	ACC	0.858757	Loss	0.348236	AUC	0.780572	AUPRC	0.435727	TN	1216	FP	0	FN	200	TP	0
Fold	2	ValEpoch	5	ACC	0.858757	Loss	0.367922	AUC	0.726382	AUPRC	0.352534	TN	304	FP	0	FN	50	TP	0
Fold	2	TestEpoch	5	ACC	0.901639	Loss	0.305002	AUC	0.728788	AUPRC	0.233532	TN	110	FP	0	FN	12	TP	0
Fold	2	TrainEpoch	6	ACC	0.858757	Loss	0.335229	AUC	0.813137	AUPRC	0.492234	TN	1216	FP	0	FN	200	TP	0
Fold	2	ValEpoch	6	ACC	0.858757	Loss	0.366407	AUC	0.737303	AUPRC	0.370845	TN	304	FP	0	FN	50	TP	0
Fold	2	TestEpoch	6	ACC	0.901639	Loss	0.277011	AUC	0.784091	AUPRC	0.276226	TN	110	FP	0	FN	12	TP	0
Fold	2	TrainEpoch	7	ACC	0.858757	Loss	0.323891	AUC	0.831028	AUPRC	0.505173	TN	1216	FP	0	FN	200	TP	0
Fold	2	ValEpoch	7	ACC	0.858757	Loss	0.373185	AUC	0.728421	AUPRC	0.318449	TN	304	FP	0	FN	50	TP	0
Fold	2	TestEpoch	7	ACC	0.901639	Loss	0.281453	AUC	0.773485	AUPRC	0.292582	TN	110	FP	0	FN	12	TP	0
Fold	2	TrainEpoch	8	ACC	0.858757	Loss	0.319514	AUC	0.833487	AUPRC	0.510835	TN	1216	FP	0	FN	200	TP	0
Fold	2	ValEpoch	8	ACC	0.858757	Loss	0.359099	AUC	0.742829	AUPRC	0.350967	TN	304	FP	0	FN	50	TP	0
Fold	2	TestEpoch	8	ACC	0.901639	Loss	0.279170	AUC	0.798485	AUPRC	0.325664	TN	110	FP	0	FN	12	TP	0
Fold	2	TrainEpoch	9	ACC	0.858757	Loss	0.312088	AUC	0.848158	AUPRC	0.563996	TN	1216	FP	0	FN	200	TP	0
Fold	2	ValEpoch	9	ACC	0.858757	Loss	0.373992	AUC	0.730066	AUPRC	0.312700	TN	304	FP	0	FN	50	TP	0
Fold	2	TestEpoch	9	ACC	0.901639	Loss	0.280686	AUC	0.777273	AUPRC	0.286266	TN	110	FP	0	FN	12	TP	0
Fold	2	TrainEpoch	10	ACC	0.858757	Loss	0.306640	AUC	0.852985	AUPRC	0.566792	TN	1216	FP	0	FN	200	TP	0
Fold	2	ValEpoch	10	ACC	0.858757	Loss	0.368591	AUC	0.730526	AUPRC	0.366746	TN	304	FP	0	FN	50	TP	0
Fold	2	TestEpoch	10	ACC	0.901639	Loss	0.268055	AUC	0.806818	AUPRC	0.315433	TN	110	FP	0	FN	12	TP	0
Fold	2	TrainEpoch	11	ACC	0.858757	Loss	0.299068	AUC	0.868158	AUPRC	0.576871	TN	1216	FP	0	FN	200	TP	0
Fold	2	ValEpoch	11	ACC	0.858757	Loss	0.358357	AUC	0.751776	AUPRC	0.355279	TN	304	FP	0	FN	50	TP	0
Fold	2	TestEpoch	11	ACC	0.901639	Loss	0.286142	AUC	0.782576	AUPRC	0.368356	TN	110	FP	0	FN	12	TP	0
Fold	2	TrainEpoch	12	ACC	0.858757	Loss	0.290699	AUC	0.882138	AUPRC	0.611687	TN	1216	FP	0	FN	200	TP	0
Fold	2	ValEpoch	12	ACC	0.858757	Loss	0.373408	AUC	0.736513	AUPRC	0.360796	TN	304	FP	0	FN	50	TP	0
Fold	2	TestEpoch	12	ACC	0.901639	Loss	0.268458	AUC	0.797727	AUPRC	0.288792	TN	110	FP	0	FN	12	TP	0
Fold	2	TrainEpoch	13	ACC	0.858757	Loss	0.279355	AUC	0.900066	AUPRC	0.640249	TN	1216	FP	0	FN	200	TP	0
Fold	2	ValEpoch	13	ACC	0.858757	Loss	0.360010	AUC	0.747171	AUPRC	0.363931	TN	304	FP	0	FN	50	TP	0
Fold	2	TestEpoch	13	ACC	0.901639	Loss	0.282917	AUC	0.800758	AUPRC	0.404791	TN	110	FP	0	FN	12	TP	0
Fold	2	TrainEpoch	14	ACC	0.858757	Loss	0.268721	AUC	0.917471	AUPRC	0.687873	TN	1216	FP	0	FN	200	TP	0
Fold	2	ValEpoch	14	ACC	0.858757	Loss	0.367214	AUC	0.748750	AUPRC	0.341930	TN	304	FP	0	FN	50	TP	0
Fold	2	TestEpoch	14	ACC	0.901639	Loss	0.275316	AUC	0.788636	AUPRC	0.302066	TN	110	FP	0	FN	12	TP	0
Fold	2	TrainEpoch	15	ACC	0.858757	Loss	0.261440	AUC	0.923614	AUPRC	0.714185	TN	1216	FP	0	FN	200	TP	0
Fold	2	ValEpoch	15	ACC	0.858757	Loss	0.362280	AUC	0.758618	AUPRC	0.372324	TN	304	FP	0	FN	50	TP	0
Fold	2	TestEpoch	15	ACC	0.901639	Loss	0.283617	AUC	0.767424	AUPRC	0.269301	TN	110	FP	0	FN	12	TP	0
Fold	2	TrainEpoch	16	ACC	0.858757	Loss	0.248579	AUC	0.943758	AUPRC	0.723167	TN	1216	FP	0	FN	200	TP	0
Fold	2	ValEpoch	16	ACC	0.858757	Loss	0.372660	AUC	0.745921	AUPRC	0.386679	TN	304	FP	0	FN	50	TP	0
Fold	2	TestEpoch	16	ACC	0.901639	Loss	0.275638	AUC	0.795455	AUPRC	0.303068	TN	110	FP	0	FN	12	TP	0
Fold	2	TrainEpoch	17	ACC	0.858757	Loss	0.242228	AUC	0.940280	AUPRC	0.756021	TN	1216	FP	0	FN	200	TP	0
Fold	2	ValEpoch	17	ACC	0.858757	Loss	0.434698	AUC	0.695395	AUPRC	0.303770	TN	304	FP	0	FN	50	TP	0
Fold	2	TestEpoch	17	ACC	0.901639	Loss	0.299361	AUC	0.760606	AUPRC	0.279484	TN	110	FP	0	FN	12	TP	0
Fold	2	TrainEpoch	18	ACC	0.858757	Loss	0.235541	AUC	0.945477	AUPRC	0.749712	TN	1216	FP	0	FN	200	TP	0
Fold	2	ValEpoch	18	ACC	0.858757	Loss	0.377530	AUC	0.705132	AUPRC	0.264278	TN	304	FP	0	FN	50	TP	0
Fold	2	TestEpoch	18	ACC	0.901639	Loss	0.303650	AUC	0.724242	AUPRC	0.262675	TN	110	FP	0	FN	12	TP	0
Fold	2	TrainEpoch	19	ACC	0.858757	Loss	0.221642	AUC	0.968890	AUPRC	0.848900	TN	1216	FP	0	FN	200	TP	0
Fold	2	ValEpoch	19	ACC	0.858757	Loss	0.386363	AUC	0.768158	AUPRC	0.364127	TN	304	FP	0	FN	50	TP	0
Fold	2	TestEpoch	19	ACC	0.901639	Loss	0.280503	AUC	0.791667	AUPRC	0.281090	TN	110	FP	0	FN	12	TP	0
Fold	2	TrainEpoch	20	ACC	0.858757	Loss	0.213545	AUC	0.969482	AUPRC	0.839289	TN	1216	FP	0	FN	200	TP	0
Fold	2	ValEpoch	20	ACC	0.858757	Loss	0.428348	AUC	0.715395	AUPRC	0.333478	TN	304	FP	0	FN	50	TP	0
Fold	2	TestEpoch	20	ACC	0.901639	Loss	0.338639	AUC	0.752273	AUPRC	0.335082	TN	110	FP	0	FN	12	TP	0
Fold	2	TrainEpoch	21	ACC	0.858757	Loss	0.206922	AUC	0.967924	AUPRC	0.833189	TN	1216	FP	0	FN	200	TP	0
Fold	2	ValEpoch	21	ACC	0.858757	Loss	0.421935	AUC	0.731974	AUPRC	0.357648	TN	304	FP	0	FN	50	TP	0
Fold	2	TestEpoch	21	ACC	0.901639	Loss	0.307845	AUC	0.760606	AUPRC	0.276851	TN	110	FP	0	FN	12	TP	0
Fold	2	TrainEpoch	22	ACC	0.862994	Loss	0.187518	AUC	0.982714	AUPRC	0.896432	TN	1216	FP	0	FN	194	TP	6
Fold	2	ValEpoch	22	ACC	0.861582	Loss	0.461512	AUC	0.703421	AUPRC	0.290685	TN	303	FP	1	FN	48	TP	2
Fold	2	TestEpoch	22	ACC	0.901639	Loss	0.357810	AUC	0.746212	AUPRC	0.332629	TN	109	FP	1	FN	11	TP	1
Fold	2	TrainEpoch	23	ACC	0.877825	Loss	0.192866	AUC	0.974552	AUPRC	0.863160	TN	1215	FP	1	FN	172	TP	28
Fold	2	ValEpoch	23	ACC	0.861582	Loss	0.413937	AUC	0.725263	AUPRC	0.345897	TN	301	FP	3	FN	46	TP	4
Fold	2	TestEpoch	23	ACC	0.885246	Loss	0.337222	AUC	0.744697	AUPRC	0.268255	TN	107	FP	3	FN	11	TP	1
Fold	2	TrainEpoch	24	ACC	0.899718	Loss	0.163586	AUC	0.989889	AUPRC	0.935303	TN	1216	FP	0	FN	142	TP	58
Fold	2	ValEpoch	24	ACC	0.861582	Loss	0.435716	AUC	0.713553	AUPRC	0.333378	TN	303	FP	1	FN	48	TP	2
Fold	2	TestEpoch	24	ACC	0.901639	Loss	0.352018	AUC	0.715909	AUPRC	0.326251	TN	109	FP	1	FN	11	TP	1
Fold	2	TrainEpoch	25	ACC	0.914548	Loss	0.158867	AUC	0.986690	AUPRC	0.913528	TN	1213	FP	3	FN	118	TP	82
Fold	2	ValEpoch	25	ACC	0.864407	Loss	0.368714	AUC	0.771645	AUPRC	0.378513	TN	302	FP	2	FN	46	TP	4
Fold	2	TestEpoch	25	ACC	0.885246	Loss	0.304072	AUC	0.765152	AUPRC	0.268384	TN	105	FP	5	FN	9	TP	3
Fold	2	TrainEpoch	26	ACC	0.920198	Loss	0.146742	AUC	0.993824	AUPRC	0.962087	TN	1214	FP	2	FN	111	TP	89
Fold	2	ValEpoch	26	ACC	0.847458	Loss	0.393988	AUC	0.759737	AUPRC	0.331054	TN	299	FP	5	FN	49	TP	1
Fold	2	TestEpoch	26	ACC	0.901639	Loss	0.300332	AUC	0.787879	AUPRC	0.437510	TN	107	FP	3	FN	9	TP	3
Fold	2	TrainEpoch	27	ACC	0.937853	Loss	0.152198	AUC	0.988035	AUPRC	0.933867	TN	1209	FP	7	FN	81	TP	119
Fold	2	ValEpoch	27	ACC	0.858757	Loss	0.460313	AUC	0.728026	AUPRC	0.372303	TN	302	FP	2	FN	48	TP	2
Fold	2	TestEpoch	27	ACC	0.877049	Loss	0.294486	AUC	0.796212	AUPRC	0.299983	TN	106	FP	4	FN	11	TP	1
Fold	2	TrainEpoch	28	ACC	0.944915	Loss	0.135248	AUC	0.994424	AUPRC	0.956684	TN	1212	FP	4	FN	74	TP	126
Fold	2	ValEpoch	28	ACC	0.836158	Loss	0.413468	AUC	0.718421	AUPRC	0.273423	TN	289	FP	15	FN	43	TP	7
Fold	2	TestEpoch	28	ACC	0.844262	Loss	0.362894	AUC	0.677273	AUPRC	0.210877	TN	100	FP	10	FN	9	TP	3
Fold	2	TrainEpoch	29	ACC	0.952684	Loss	0.147113	AUC	0.989453	AUPRC	0.945419	TN	1212	FP	4	FN	63	TP	137
Fold	2	ValEpoch	29	ACC	0.858757	Loss	0.406290	AUC	0.783816	AUPRC	0.402358	TN	294	FP	10	FN	40	TP	10
Fold	2	TestEpoch	29	ACC	0.844262	Loss	0.301999	AUC	0.806061	AUPRC	0.405058	TN	98	FP	12	FN	7	TP	5
Fold	2	TrainEpoch	30	ACC	0.942797	Loss	0.147725	AUC	0.987796	AUPRC	0.930809	TN	1208	FP	8	FN	73	TP	127
Fold	2	ValEpoch	30	ACC	0.850282	Loss	0.459013	AUC	0.740329	AUPRC	0.302789	TN	293	FP	11	FN	42	TP	8
Fold	2	TestEpoch	30	ACC	0.868852	Loss	0.349690	AUC	0.751515	AUPRC	0.259064	TN	102	FP	8	FN	8	TP	4
Fold	2	TrainEpoch	31	ACC	0.975989	Loss	0.116967	AUC	0.998495	AUPRC	0.989868	TN	1214	FP	2	FN	32	TP	168
Fold	2	ValEpoch	31	ACC	0.855932	Loss	0.669710	AUC	0.709934	AUPRC	0.294198	TN	298	FP	6	FN	45	TP	5
Fold	2	TestEpoch	31	ACC	0.877049	Loss	0.426762	AUC	0.747727	AUPRC	0.323758	TN	104	FP	6	FN	9	TP	3
Fold	2	TrainEpoch	32	ACC	0.975282	Loss	0.099124	AUC	0.999391	AUPRC	0.995493	TN	1215	FP	1	FN	34	TP	166
Fold	2	ValEpoch	32	ACC	0.850282	Loss	0.534504	AUC	0.749737	AUPRC	0.357297	TN	291	FP	13	FN	40	TP	10
Fold	2	TestEpoch	32	ACC	0.868852	Loss	0.384223	AUC	0.789394	AUPRC	0.352347	TN	101	FP	9	FN	7	TP	5
Fold	2	TrainEpoch	33	ACC	0.988701	Loss	0.086105	AUC	0.999560	AUPRC	0.997206	TN	1213	FP	3	FN	13	TP	187
Fold	2	ValEpoch	33	ACC	0.850282	Loss	0.498519	AUC	0.748553	AUPRC	0.314269	TN	293	FP	11	FN	42	TP	8
Fold	2	TestEpoch	33	ACC	0.877049	Loss	0.427670	AUC	0.719697	AUPRC	0.286645	TN	103	FP	7	FN	8	TP	4
Fold	2	TrainEpoch	34	ACC	0.995763	Loss	0.073351	AUC	0.999749	AUPRC	0.998208	TN	1215	FP	1	FN	5	TP	195
Fold	2	ValEpoch	34	ACC	0.861582	Loss	0.546916	AUC	0.764934	AUPRC	0.366235	TN	290	FP	14	FN	35	TP	15
Fold	2	TestEpoch	34	ACC	0.852459	Loss	0.450243	AUC	0.765909	AUPRC	0.356818	TN	98	FP	12	FN	6	TP	6
Fold	2	TrainEpoch	35	ACC	0.994350	Loss	0.068153	AUC	0.999819	AUPRC	0.998846	TN	1214	FP	2	FN	6	TP	194
Fold	2	ValEpoch	35	ACC	0.844633	Loss	0.654277	AUC	0.731184	AUPRC	0.313210	TN	293	FP	11	FN	44	TP	6
Fold	2	TestEpoch	35	ACC	0.877049	Loss	0.475941	AUC	0.713636	AUPRC	0.382186	TN	103	FP	7	FN	8	TP	4
Fold	2	TrainEpoch	36	ACC	0.995056	Loss	0.066439	AUC	0.999720	AUPRC	0.998284	TN	1214	FP	2	FN	5	TP	195
Fold	2	ValEpoch	36	ACC	0.867232	Loss	0.601504	AUC	0.776513	AUPRC	0.392246	TN	298	FP	6	FN	41	TP	9
Fold	2	TestEpoch	36	ACC	0.852459	Loss	0.417590	AUC	0.776515	AUPRC	0.254914	TN	100	FP	10	FN	8	TP	4
Fold	2	TrainEpoch	37	ACC	0.995763	Loss	0.051275	AUC	0.999864	AUPRC	0.999106	TN	1215	FP	1	FN	5	TP	195
Fold	2	ValEpoch	37	ACC	0.855932	Loss	0.763238	AUC	0.724342	AUPRC	0.326106	TN	295	FP	9	FN	42	TP	8
Fold	2	TestEpoch	37	ACC	0.877049	Loss	0.508827	AUC	0.723485	AUPRC	0.262168	TN	104	FP	6	FN	9	TP	3
Fold	2	TrainEpoch	38	ACC	0.997881	Loss	0.038462	AUC	0.999930	AUPRC	0.999562	TN	1214	FP	2	FN	1	TP	199
Fold	2	ValEpoch	38	ACC	0.838983	Loss	0.735116	AUC	0.734934	AUPRC	0.324742	TN	287	FP	17	FN	40	TP	10
Fold	2	TestEpoch	38	ACC	0.811475	Loss	0.564726	AUC	0.749242	AUPRC	0.345304	TN	95	FP	15	FN	8	TP	4
Fold	2	TrainEpoch	39	ACC	0.999294	Loss	0.024305	AUC	0.999992	AUPRC	0.999950	TN	1215	FP	1	FN	0	TP	200
Fold	2	ValEpoch	39	ACC	0.841808	Loss	0.601001	AUC	0.767632	AUPRC	0.358156	TN	285	FP	19	FN	37	TP	13
Fold	2	TestEpoch	39	ACC	0.836066	Loss	0.515850	AUC	0.755303	AUPRC	0.292046	TN	98	FP	12	FN	8	TP	4
Fold	2	TrainEpoch	40	ACC	0.999294	Loss	0.016733	AUC	0.999984	AUPRC	0.999900	TN	1215	FP	1	FN	0	TP	200
Fold	2	ValEpoch	40	ACC	0.858757	Loss	0.827925	AUC	0.721908	AUPRC	0.323857	TN	294	FP	10	FN	40	TP	10
Fold	2	TestEpoch	40	ACC	0.844262	Loss	0.638136	AUC	0.706818	AUPRC	0.257970	TN	99	FP	11	FN	8	TP	4
Fold	2	TrainEpoch	41	ACC	0.999294	Loss	0.011000	AUC	0.999992	AUPRC	0.999950	TN	1215	FP	1	FN	0	TP	200
Fold	2	ValEpoch	41	ACC	0.858757	Loss	0.771313	AUC	0.742434	AUPRC	0.357829	TN	292	FP	12	FN	38	TP	12
Fold	2	TestEpoch	41	ACC	0.811475	Loss	0.671614	AUC	0.735606	AUPRC	0.272292	TN	94	FP	16	FN	7	TP	5
Fold	2	TrainEpoch	42	ACC	0.999294	Loss	0.007458	AUC	1.000000	AUPRC	1.000000	TN	1215	FP	1	FN	0	TP	200
Fold	2	ValEpoch	42	ACC	0.833333	Loss	0.851106	AUC	0.737039	AUPRC	0.316512	TN	285	FP	19	FN	40	TP	10
Fold	2	TestEpoch	42	ACC	0.827869	Loss	0.695475	AUC	0.732576	AUPRC	0.249797	TN	96	FP	14	FN	7	TP	5
Fold	2	TrainEpoch	43	ACC	0.999294	Loss	0.005800	AUC	0.999996	AUPRC	0.999975	TN	1215	FP	1	FN	0	TP	200
Fold	2	ValEpoch	43	ACC	0.855932	Loss	0.831191	AUC	0.755263	AUPRC	0.340365	TN	287	FP	17	FN	34	TP	16
Fold	2	TestEpoch	43	ACC	0.827869	Loss	0.689992	AUC	0.766667	AUPRC	0.310670	TN	95	FP	15	FN	6	TP	6
Fold	2	TrainEpoch	44	ACC	0.999294	Loss	0.004798	AUC	1.000000	AUPRC	1.000000	TN	1215	FP	1	FN	0	TP	200
Fold	2	ValEpoch	44	ACC	0.861582	Loss	0.862104	AUC	0.748684	AUPRC	0.377349	TN	290	FP	14	FN	35	TP	15
Fold	2	TestEpoch	44	ACC	0.852459	Loss	0.706060	AUC	0.728030	AUPRC	0.417214	TN	99	FP	11	FN	7	TP	5
Fold	2	TrainEpoch	45	ACC	0.999294	Loss	0.004255	AUC	0.999996	AUPRC	0.999975	TN	1215	FP	1	FN	0	TP	200
Fold	2	ValEpoch	45	ACC	0.847458	Loss	1.011624	AUC	0.706250	AUPRC	0.300946	TN	290	FP	14	FN	40	TP	10
Fold	2	TestEpoch	45	ACC	0.844262	Loss	0.758715	AUC	0.725000	AUPRC	0.272735	TN	98	FP	12	FN	7	TP	5
Fold	2	TrainEpoch	46	ACC	0.999294	Loss	0.004491	AUC	0.999984	AUPRC	0.999900	TN	1215	FP	1	FN	0	TP	200
Fold	2	ValEpoch	46	ACC	0.855932	Loss	0.872949	AUC	0.746053	AUPRC	0.334798	TN	287	FP	17	FN	34	TP	16
Fold	2	TestEpoch	46	ACC	0.827869	Loss	0.842893	AUC	0.702273	AUPRC	0.344453	TN	96	FP	14	FN	7	TP	5
Fold	2	TrainEpoch	47	ACC	0.999294	Loss	0.004507	AUC	0.999996	AUPRC	0.999975	TN	1215	FP	1	FN	0	TP	200
Fold	2	ValEpoch	47	ACC	0.853107	Loss	1.004394	AUC	0.721316	AUPRC	0.301825	TN	293	FP	11	FN	41	TP	9
Fold	2	TestEpoch	47	ACC	0.836066	Loss	0.643478	AUC	0.753030	AUPRC	0.301582	TN	99	FP	11	FN	9	TP	3
Fold	2	TrainEpoch	48	ACC	0.999294	Loss	0.004138	AUC	1.000000	AUPRC	1.000000	TN	1215	FP	1	FN	0	TP	200
Fold	2	ValEpoch	48	ACC	0.858757	Loss	0.903862	AUC	0.755592	AUPRC	0.381465	TN	288	FP	16	FN	34	TP	16
Fold	2	TestEpoch	48	ACC	0.827869	Loss	0.854240	AUC	0.712879	AUPRC	0.353422	TN	97	FP	13	FN	8	TP	4
Fold	2	TrainEpoch	49	ACC	0.999294	Loss	0.003312	AUC	1.000000	AUPRC	1.000000	TN	1215	FP	1	FN	0	TP	200
Fold	2	ValEpoch	49	ACC	0.844633	Loss	1.123444	AUC	0.694868	AUPRC	0.277381	TN	291	FP	13	FN	42	TP	8
Fold	2	TestEpoch	49	ACC	0.852459	Loss	0.750262	AUC	0.721970	AUPRC	0.365752	TN	101	FP	9	FN	9	TP	3
Fold	3	TrainEpoch	0	ACC	0.778955	Loss	0.548850	AUC	0.486563	AUPRC	0.136424	TN	1086	FP	130	FN	183	TP	17
Fold	3	ValEpoch	0	ACC	0.858757	Loss	0.439717	AUC	0.454868	AUPRC	0.131383	TN	304	FP	0	FN	50	TP	0
Fold	3	TestEpoch	0	ACC	0.901639	Loss	0.346496	AUC	0.396212	AUPRC	0.091133	TN	110	FP	0	FN	12	TP	0
Fold	3	TrainEpoch	1	ACC	0.858757	Loss	0.465411	AUC	0.476591	AUPRC	0.136438	TN	1216	FP	0	FN	200	TP	0
Fold	3	ValEpoch	1	ACC	0.858757	Loss	0.404467	AUC	0.650461	AUPRC	0.218082	TN	304	FP	0	FN	50	TP	0
Fold	3	TestEpoch	1	ACC	0.901639	Loss	0.311673	AUC	0.682576	AUPRC	0.152735	TN	110	FP	0	FN	12	TP	0
Fold	3	TrainEpoch	2	ACC	0.858757	Loss	0.397564	AUC	0.611143	AUPRC	0.211530	TN	1216	FP	0	FN	200	TP	0
Fold	3	ValEpoch	2	ACC	0.858757	Loss	0.388759	AUC	0.764079	AUPRC	0.408501	TN	304	FP	0	FN	50	TP	0
Fold	3	TestEpoch	2	ACC	0.901639	Loss	0.333998	AUC	0.795455	AUPRC	0.327473	TN	110	FP	0	FN	12	TP	0
Fold	3	TrainEpoch	3	ACC	0.858757	Loss	0.384016	AUC	0.700695	AUPRC	0.340922	TN	1216	FP	0	FN	200	TP	0
Fold	3	ValEpoch	3	ACC	0.858757	Loss	0.355092	AUC	0.781250	AUPRC	0.447027	TN	304	FP	0	FN	50	TP	0
Fold	3	TestEpoch	3	ACC	0.901639	Loss	0.282213	AUC	0.784091	AUPRC	0.273439	TN	110	FP	0	FN	12	TP	0
Fold	3	TrainEpoch	4	ACC	0.858757	Loss	0.368882	AUC	0.734412	AUPRC	0.382923	TN	1216	FP	0	FN	200	TP	0
Fold	3	ValEpoch	4	ACC	0.858757	Loss	0.347957	AUC	0.785461	AUPRC	0.436969	TN	304	FP	0	FN	50	TP	0
Fold	3	TestEpoch	4	ACC	0.901639	Loss	0.290504	AUC	0.740909	AUPRC	0.239056	TN	110	FP	0	FN	12	TP	0
Fold	3	TrainEpoch	5	ACC	0.858757	Loss	0.351984	AUC	0.773051	AUPRC	0.432078	TN	1216	FP	0	FN	200	TP	0
Fold	3	ValEpoch	5	ACC	0.858757	Loss	0.339153	AUC	0.808224	AUPRC	0.462709	TN	304	FP	0	FN	50	TP	0
Fold	3	TestEpoch	5	ACC	0.901639	Loss	0.284454	AUC	0.792424	AUPRC	0.271140	TN	110	FP	0	FN	12	TP	0
Fold	3	TrainEpoch	6	ACC	0.858757	Loss	0.343201	AUC	0.795000	AUPRC	0.438648	TN	1216	FP	0	FN	200	TP	0
Fold	3	ValEpoch	6	ACC	0.858757	Loss	0.328263	AUC	0.830461	AUPRC	0.513606	TN	304	FP	0	FN	50	TP	0
Fold	3	TestEpoch	6	ACC	0.901639	Loss	0.267684	AUC	0.823485	AUPRC	0.339184	TN	110	FP	0	FN	12	TP	0
Fold	3	TrainEpoch	7	ACC	0.858757	Loss	0.336781	AUC	0.807615	AUPRC	0.461420	TN	1216	FP	0	FN	200	TP	0
Fold	3	ValEpoch	7	ACC	0.858757	Loss	0.322872	AUC	0.831316	AUPRC	0.499923	TN	304	FP	0	FN	50	TP	0
Fold	3	TestEpoch	7	ACC	0.901639	Loss	0.278241	AUC	0.776515	AUPRC	0.256016	TN	110	FP	0	FN	12	TP	0
Fold	3	TrainEpoch	8	ACC	0.858757	Loss	0.329318	AUC	0.816538	AUPRC	0.505675	TN	1216	FP	0	FN	200	TP	0
Fold	3	ValEpoch	8	ACC	0.858757	Loss	0.330522	AUC	0.818355	AUPRC	0.517969	TN	304	FP	0	FN	50	TP	0
Fold	3	TestEpoch	8	ACC	0.901639	Loss	0.285119	AUC	0.793939	AUPRC	0.273666	TN	110	FP	0	FN	12	TP	0
Fold	3	TrainEpoch	9	ACC	0.858757	Loss	0.322477	AUC	0.834260	AUPRC	0.528931	TN	1216	FP	0	FN	200	TP	0
Fold	3	ValEpoch	9	ACC	0.858757	Loss	0.318113	AUC	0.837895	AUPRC	0.504206	TN	304	FP	0	FN	50	TP	0
Fold	3	TestEpoch	9	ACC	0.901639	Loss	0.269394	AUC	0.804545	AUPRC	0.303698	TN	110	FP	0	FN	12	TP	0
Fold	3	TrainEpoch	10	ACC	0.858757	Loss	0.317367	AUC	0.842463	AUPRC	0.540271	TN	1216	FP	0	FN	200	TP	0
Fold	3	ValEpoch	10	ACC	0.858757	Loss	0.319674	AUC	0.832961	AUPRC	0.528244	TN	304	FP	0	FN	50	TP	0
Fold	3	TestEpoch	10	ACC	0.901639	Loss	0.275855	AUC	0.796970	AUPRC	0.315296	TN	110	FP	0	FN	12	TP	0
Fold	3	TrainEpoch	11	ACC	0.858757	Loss	0.307842	AUC	0.863409	AUPRC	0.570950	TN	1216	FP	0	FN	200	TP	0
Fold	3	ValEpoch	11	ACC	0.858757	Loss	0.312748	AUC	0.850197	AUPRC	0.569140	TN	304	FP	0	FN	50	TP	0
Fold	3	TestEpoch	11	ACC	0.901639	Loss	0.266729	AUC	0.811364	AUPRC	0.301553	TN	110	FP	0	FN	12	TP	0
Fold	3	TrainEpoch	12	ACC	0.858757	Loss	0.298814	AUC	0.874572	AUPRC	0.594254	TN	1216	FP	0	FN	200	TP	0
Fold	3	ValEpoch	12	ACC	0.858757	Loss	0.311070	AUC	0.846711	AUPRC	0.549269	TN	304	FP	0	FN	50	TP	0
Fold	3	TestEpoch	12	ACC	0.901639	Loss	0.264916	AUC	0.805303	AUPRC	0.294783	TN	110	FP	0	FN	12	TP	0
Fold	3	TrainEpoch	13	ACC	0.858757	Loss	0.289816	AUC	0.892155	AUPRC	0.636041	TN	1216	FP	0	FN	200	TP	0
Fold	3	ValEpoch	13	ACC	0.858757	Loss	0.323092	AUC	0.822039	AUPRC	0.507774	TN	304	FP	0	FN	50	TP	0
Fold	3	TestEpoch	13	ACC	0.901639	Loss	0.266676	AUC	0.809091	AUPRC	0.352556	TN	110	FP	0	FN	12	TP	0
Fold	3	TrainEpoch	14	ACC	0.858757	Loss	0.278606	AUC	0.911094	AUPRC	0.668710	TN	1216	FP	0	FN	200	TP	0
Fold	3	ValEpoch	14	ACC	0.858757	Loss	0.317503	AUC	0.836776	AUPRC	0.534346	TN	304	FP	0	FN	50	TP	0
Fold	3	TestEpoch	14	ACC	0.901639	Loss	0.255889	AUC	0.823485	AUPRC	0.285173	TN	110	FP	0	FN	12	TP	0
Fold	3	TrainEpoch	15	ACC	0.858757	Loss	0.265797	AUC	0.928557	AUPRC	0.697986	TN	1216	FP	0	FN	200	TP	0
Fold	3	ValEpoch	15	ACC	0.858757	Loss	0.322290	AUC	0.828947	AUPRC	0.525403	TN	304	FP	0	FN	50	TP	0
Fold	3	TestEpoch	15	ACC	0.901639	Loss	0.256305	AUC	0.823485	AUPRC	0.396634	TN	110	FP	0	FN	12	TP	0
Fold	3	TrainEpoch	16	ACC	0.858757	Loss	0.254576	AUC	0.936229	AUPRC	0.727134	TN	1216	FP	0	FN	200	TP	0
Fold	3	ValEpoch	16	ACC	0.858757	Loss	0.314212	AUC	0.844013	AUPRC	0.561040	TN	304	FP	0	FN	50	TP	0
Fold	3	TestEpoch	16	ACC	0.901639	Loss	0.253374	AUC	0.828788	AUPRC	0.393329	TN	110	FP	0	FN	12	TP	0
Fold	3	TrainEpoch	17	ACC	0.858757	Loss	0.241420	AUC	0.951912	AUPRC	0.770688	TN	1216	FP	0	FN	200	TP	0
Fold	3	ValEpoch	17	ACC	0.858757	Loss	0.314743	AUC	0.837500	AUPRC	0.556695	TN	304	FP	0	FN	50	TP	0
Fold	3	TestEpoch	17	ACC	0.901639	Loss	0.255576	AUC	0.832576	AUPRC	0.380344	TN	110	FP	0	FN	12	TP	0
Fold	3	TrainEpoch	18	ACC	0.858757	Loss	0.225848	AUC	0.972812	AUPRC	0.844387	TN	1216	FP	0	FN	200	TP	0
Fold	3	ValEpoch	18	ACC	0.858757	Loss	0.319800	AUC	0.840263	AUPRC	0.524487	TN	304	FP	0	FN	50	TP	0
Fold	3	TestEpoch	18	ACC	0.901639	Loss	0.262100	AUC	0.821970	AUPRC	0.418878	TN	110	FP	0	FN	12	TP	0
Fold	3	TrainEpoch	19	ACC	0.858757	Loss	0.237338	AUC	0.943187	AUPRC	0.767970	TN	1216	FP	0	FN	200	TP	0
Fold	3	ValEpoch	19	ACC	0.858757	Loss	0.371432	AUC	0.778816	AUPRC	0.448062	TN	304	FP	0	FN	50	TP	0
Fold	3	TestEpoch	19	ACC	0.901639	Loss	0.263936	AUC	0.831818	AUPRC	0.470829	TN	110	FP	0	FN	12	TP	0
Fold	3	TrainEpoch	20	ACC	0.858757	Loss	0.237763	AUC	0.940111	AUPRC	0.735616	TN	1216	FP	0	FN	200	TP	0
Fold	3	ValEpoch	20	ACC	0.858757	Loss	0.333461	AUC	0.805987	AUPRC	0.489522	TN	304	FP	0	FN	50	TP	0
Fold	3	TestEpoch	20	ACC	0.901639	Loss	0.268656	AUC	0.812121	AUPRC	0.325399	TN	110	FP	0	FN	12	TP	0
Fold	3	TrainEpoch	21	ACC	0.858757	Loss	0.225056	AUC	0.960461	AUPRC	0.805621	TN	1216	FP	0	FN	200	TP	0
Fold	3	ValEpoch	21	ACC	0.858757	Loss	0.320644	AUC	0.831118	AUPRC	0.464631	TN	304	FP	0	FN	50	TP	0
Fold	3	TestEpoch	21	ACC	0.901639	Loss	0.281384	AUC	0.797727	AUPRC	0.361286	TN	110	FP	0	FN	12	TP	0
Fold	3	TrainEpoch	22	ACC	0.860169	Loss	0.195979	AUC	0.984186	AUPRC	0.902265	TN	1216	FP	0	FN	198	TP	2
Fold	3	ValEpoch	22	ACC	0.858757	Loss	0.316849	AUC	0.840855	AUPRC	0.545688	TN	304	FP	0	FN	50	TP	0
Fold	3	TestEpoch	22	ACC	0.901639	Loss	0.261685	AUC	0.828788	AUPRC	0.354278	TN	110	FP	0	FN	12	TP	0
Fold	3	TrainEpoch	23	ACC	0.865819	Loss	0.177551	AUC	0.988845	AUPRC	0.931773	TN	1216	FP	0	FN	190	TP	10
Fold	3	ValEpoch	23	ACC	0.858757	Loss	0.335510	AUC	0.850987	AUPRC	0.517738	TN	304	FP	0	FN	50	TP	0
Fold	3	TestEpoch	23	ACC	0.901639	Loss	0.227879	AUC	0.864394	AUPRC	0.436061	TN	110	FP	0	FN	12	TP	0
Fold	3	TrainEpoch	24	ACC	0.877825	Loss	0.162134	AUC	0.993816	AUPRC	0.958656	TN	1216	FP	0	FN	173	TP	27
Fold	3	ValEpoch	24	ACC	0.858757	Loss	0.389513	AUC	0.794539	AUPRC	0.481929	TN	304	FP	0	FN	50	TP	0
Fold	3	TestEpoch	24	ACC	0.901639	Loss	0.266265	AUC	0.811364	AUPRC	0.353767	TN	110	FP	0	FN	12	TP	0
Fold	3	TrainEpoch	25	ACC	0.898305	Loss	0.139365	AUC	0.998257	AUPRC	0.987524	TN	1216	FP	0	FN	144	TP	56
Fold	3	ValEpoch	25	ACC	0.867232	Loss	0.377348	AUC	0.840395	AUPRC	0.519878	TN	303	FP	1	FN	46	TP	4
Fold	3	TestEpoch	25	ACC	0.885246	Loss	0.268191	AUC	0.831061	AUPRC	0.407463	TN	107	FP	3	FN	11	TP	1
Fold	3	TrainEpoch	26	ACC	0.928672	Loss	0.121357	AUC	0.999091	AUPRC	0.992355	TN	1215	FP	1	FN	100	TP	100
Fold	3	ValEpoch	26	ACC	0.867232	Loss	0.379168	AUC	0.837237	AUPRC	0.514304	TN	303	FP	1	FN	46	TP	4
Fold	3	TestEpoch	26	ACC	0.901639	Loss	0.274431	AUC	0.831818	AUPRC	0.443977	TN	109	FP	1	FN	11	TP	1
Fold	3	TrainEpoch	27	ACC	0.968220	Loss	0.110678	AUC	0.999326	AUPRC	0.994151	TN	1215	FP	1	FN	44	TP	156
Fold	3	ValEpoch	27	ACC	0.861582	Loss	0.424391	AUC	0.822105	AUPRC	0.481859	TN	304	FP	0	FN	49	TP	1
Fold	3	TestEpoch	27	ACC	0.893443	Loss	0.319100	AUC	0.791667	AUPRC	0.345879	TN	109	FP	1	FN	12	TP	0
Fold	3	TrainEpoch	28	ACC	0.975282	Loss	0.104652	AUC	0.999700	AUPRC	0.997938	TN	1215	FP	1	FN	34	TP	166
Fold	3	ValEpoch	28	ACC	0.878531	Loss	0.368394	AUC	0.837237	AUPRC	0.511562	TN	303	FP	1	FN	42	TP	8
Fold	3	TestEpoch	28	ACC	0.901639	Loss	0.272455	AUC	0.834091	AUPRC	0.422817	TN	107	FP	3	FN	9	TP	3
Fold	3	TrainEpoch	29	ACC	0.982345	Loss	0.099430	AUC	0.999675	AUPRC	0.997618	TN	1215	FP	1	FN	24	TP	176
Fold	3	ValEpoch	29	ACC	0.875706	Loss	0.415015	AUC	0.836053	AUPRC	0.502412	TN	301	FP	3	FN	41	TP	9
Fold	3	TestEpoch	29	ACC	0.885246	Loss	0.330917	AUC	0.810606	AUPRC	0.374113	TN	105	FP	5	FN	9	TP	3
Fold	3	TrainEpoch	30	ACC	0.977401	Loss	0.111177	AUC	0.997459	AUPRC	0.986436	TN	1214	FP	2	FN	30	TP	170
Fold	3	ValEpoch	30	ACC	0.864407	Loss	0.369070	AUC	0.810461	AUPRC	0.415511	TN	299	FP	5	FN	43	TP	7
Fold	3	TestEpoch	30	ACC	0.885246	Loss	0.307073	AUC	0.805303	AUPRC	0.423019	TN	105	FP	5	FN	9	TP	3
Fold	3	TrainEpoch	31	ACC	0.973164	Loss	0.101422	AUC	0.999474	AUPRC	0.995975	TN	1215	FP	1	FN	37	TP	163
Fold	3	ValEpoch	31	ACC	0.878531	Loss	0.365199	AUC	0.809276	AUPRC	0.489632	TN	299	FP	5	FN	38	TP	12
Fold	3	TestEpoch	31	ACC	0.893443	Loss	0.260959	AUC	0.837879	AUPRC	0.424019	TN	103	FP	7	FN	6	TP	6
Fold	3	TrainEpoch	32	ACC	0.992938	Loss	0.088549	AUC	0.999696	AUPRC	0.997740	TN	1215	FP	1	FN	9	TP	191
Fold	3	ValEpoch	32	ACC	0.875706	Loss	0.448948	AUC	0.831447	AUPRC	0.515848	TN	302	FP	2	FN	42	TP	8
Fold	3	TestEpoch	32	ACC	0.901639	Loss	0.335300	AUC	0.784848	AUPRC	0.398720	TN	106	FP	4	FN	8	TP	4
Fold	3	TrainEpoch	33	ACC	0.997175	Loss	0.077426	AUC	0.999951	AUPRC	0.999693	TN	1215	FP	1	FN	3	TP	197
Fold	3	ValEpoch	33	ACC	0.878531	Loss	0.495152	AUC	0.821645	AUPRC	0.491324	TN	301	FP	3	FN	40	TP	10
Fold	3	TestEpoch	33	ACC	0.885246	Loss	0.330075	AUC	0.823485	AUPRC	0.341230	TN	103	FP	7	FN	7	TP	5
Fold	3	TrainEpoch	34	ACC	0.997175	Loss	0.071811	AUC	0.999844	AUPRC	0.998955	TN	1215	FP	1	FN	3	TP	197
Fold	3	ValEpoch	34	ACC	0.878531	Loss	0.432539	AUC	0.826118	AUPRC	0.493649	TN	302	FP	2	FN	41	TP	9
Fold	3	TestEpoch	34	ACC	0.901639	Loss	0.317819	AUC	0.820455	AUPRC	0.397567	TN	106	FP	4	FN	8	TP	4
Fold	3	TrainEpoch	35	ACC	0.999294	Loss	0.067107	AUC	0.999790	AUPRC	0.998541	TN	1215	FP	1	FN	0	TP	200
Fold	3	ValEpoch	35	ACC	0.875706	Loss	0.511727	AUC	0.832303	AUPRC	0.529780	TN	301	FP	3	FN	41	TP	9
Fold	3	TestEpoch	35	ACC	0.885246	Loss	0.344892	AUC	0.812879	AUPRC	0.320803	TN	105	FP	5	FN	9	TP	3
Fold	3	TrainEpoch	36	ACC	0.998588	Loss	0.063551	AUC	0.999963	AUPRC	0.999772	TN	1215	FP	1	FN	1	TP	199
Fold	3	ValEpoch	36	ACC	0.872881	Loss	0.477509	AUC	0.824474	AUPRC	0.503755	TN	301	FP	3	FN	42	TP	8
Fold	3	TestEpoch	36	ACC	0.918033	Loss	0.342618	AUC	0.827273	AUPRC	0.418298	TN	106	FP	4	FN	6	TP	6
Fold	3	TrainEpoch	37	ACC	0.999294	Loss	0.058927	AUC	0.999971	AUPRC	0.999823	TN	1215	FP	1	FN	0	TP	200
Fold	3	ValEpoch	37	ACC	0.875706	Loss	0.612170	AUC	0.822303	AUPRC	0.479320	TN	303	FP	1	FN	43	TP	7
Fold	3	TestEpoch	37	ACC	0.901639	Loss	0.383187	AUC	0.821212	AUPRC	0.422420	TN	107	FP	3	FN	9	TP	3
Fold	3	TrainEpoch	38	ACC	0.999294	Loss	0.055899	AUC	0.999971	AUPRC	0.999823	TN	1215	FP	1	FN	0	TP	200
Fold	3	ValEpoch	38	ACC	0.875706	Loss	0.522546	AUC	0.825395	AUPRC	0.487258	TN	300	FP	4	FN	40	TP	10
Fold	3	TestEpoch	38	ACC	0.918033	Loss	0.372788	AUC	0.825000	AUPRC	0.434006	TN	106	FP	4	FN	6	TP	6
Fold	3	TrainEpoch	39	ACC	0.999294	Loss	0.053077	AUC	1.000000	AUPRC	1.000000	TN	1215	FP	1	FN	0	TP	200
Fold	3	ValEpoch	39	ACC	0.875706	Loss	0.587238	AUC	0.817105	AUPRC	0.515327	TN	303	FP	1	FN	43	TP	7
Fold	3	TestEpoch	39	ACC	0.901639	Loss	0.385780	AUC	0.812121	AUPRC	0.364669	TN	106	FP	4	FN	8	TP	4
Fold	3	TrainEpoch	40	ACC	0.999294	Loss	0.050434	AUC	1.000000	AUPRC	1.000000	TN	1215	FP	1	FN	0	TP	200
Fold	3	ValEpoch	40	ACC	0.875706	Loss	0.600259	AUC	0.827763	AUPRC	0.515132	TN	303	FP	1	FN	43	TP	7
Fold	3	TestEpoch	40	ACC	0.926230	Loss	0.388762	AUC	0.825000	AUPRC	0.442356	TN	107	FP	3	FN	6	TP	6
Fold	3	TrainEpoch	41	ACC	0.999294	Loss	0.048268	AUC	1.000000	AUPRC	1.000000	TN	1215	FP	1	FN	0	TP	200
Fold	3	ValEpoch	41	ACC	0.870056	Loss	0.587978	AUC	0.832368	AUPRC	0.501021	TN	302	FP	2	FN	44	TP	6
Fold	3	TestEpoch	41	ACC	0.901639	Loss	0.388832	AUC	0.814394	AUPRC	0.393720	TN	105	FP	5	FN	7	TP	5
Fold	3	TrainEpoch	42	ACC	0.999294	Loss	0.046310	AUC	0.999996	AUPRC	0.999975	TN	1215	FP	1	FN	0	TP	200
Fold	3	ValEpoch	42	ACC	0.878531	Loss	0.555929	AUC	0.838289	AUPRC	0.509860	TN	301	FP	3	FN	40	TP	10
Fold	3	TestEpoch	42	ACC	0.926230	Loss	0.387808	AUC	0.818939	AUPRC	0.436969	TN	107	FP	3	FN	6	TP	6
Fold	3	TrainEpoch	43	ACC	0.999294	Loss	0.044521	AUC	1.000000	AUPRC	1.000000	TN	1215	FP	1	FN	0	TP	200
Fold	3	ValEpoch	43	ACC	0.872881	Loss	0.574237	AUC	0.831118	AUPRC	0.519877	TN	299	FP	5	FN	40	TP	10
Fold	3	TestEpoch	43	ACC	0.909836	Loss	0.413716	AUC	0.816667	AUPRC	0.425566	TN	105	FP	5	FN	6	TP	6
Fold	3	TrainEpoch	44	ACC	0.999294	Loss	0.042371	AUC	0.999996	AUPRC	0.999975	TN	1215	FP	1	FN	0	TP	200
Fold	3	ValEpoch	44	ACC	0.872881	Loss	0.644841	AUC	0.815132	AUPRC	0.511766	TN	303	FP	1	FN	44	TP	6
Fold	3	TestEpoch	44	ACC	0.893443	Loss	0.425997	AUC	0.812121	AUPRC	0.358725	TN	106	FP	4	FN	9	TP	3
Fold	3	TrainEpoch	45	ACC	0.999294	Loss	0.040783	AUC	0.999996	AUPRC	0.999975	TN	1215	FP	1	FN	0	TP	200
Fold	3	ValEpoch	45	ACC	0.878531	Loss	0.606429	AUC	0.828487	AUPRC	0.511791	TN	302	FP	2	FN	41	TP	9
Fold	3	TestEpoch	45	ACC	0.926230	Loss	0.395482	AUC	0.819697	AUPRC	0.403445	TN	107	FP	3	FN	6	TP	6
Fold	3	TrainEpoch	46	ACC	0.999294	Loss	0.038943	AUC	1.000000	AUPRC	1.000000	TN	1215	FP	1	FN	0	TP	200
Fold	3	ValEpoch	46	ACC	0.878531	Loss	0.613676	AUC	0.824868	AUPRC	0.499483	TN	303	FP	1	FN	42	TP	8
Fold	3	TestEpoch	46	ACC	0.918033	Loss	0.396774	AUC	0.822727	AUPRC	0.404558	TN	107	FP	3	FN	7	TP	5
Fold	3	TrainEpoch	47	ACC	0.999294	Loss	0.037530	AUC	0.999996	AUPRC	0.999975	TN	1215	FP	1	FN	0	TP	200
Fold	3	ValEpoch	47	ACC	0.875706	Loss	0.620127	AUC	0.824539	AUPRC	0.510840	TN	301	FP	3	FN	41	TP	9
Fold	3	TestEpoch	47	ACC	0.918033	Loss	0.432945	AUC	0.798485	AUPRC	0.395015	TN	106	FP	4	FN	6	TP	6
Fold	3	TrainEpoch	48	ACC	0.999294	Loss	0.035632	AUC	1.000000	AUPRC	1.000000	TN	1215	FP	1	FN	0	TP	200
Fold	3	ValEpoch	48	ACC	0.872881	Loss	0.602708	AUC	0.838750	AUPRC	0.517987	TN	299	FP	5	FN	40	TP	10
Fold	3	TestEpoch	48	ACC	0.918033	Loss	0.401706	AUC	0.828030	AUPRC	0.413275	TN	106	FP	4	FN	6	TP	6
Fold	3	TrainEpoch	49	ACC	0.999294	Loss	0.034236	AUC	1.000000	AUPRC	1.000000	TN	1215	FP	1	FN	0	TP	200
Fold	3	ValEpoch	49	ACC	0.878531	Loss	0.621810	AUC	0.831711	AUPRC	0.519687	TN	302	FP	2	FN	41	TP	9
Fold	3	TestEpoch	49	ACC	0.918033	Loss	0.379510	AUC	0.833333	AUPRC	0.394418	TN	106	FP	4	FN	6	TP	6
Fold	4	TrainEpoch	0	ACC	0.802260	Loss	0.536265	AUC	0.512282	AUPRC	0.146007	TN	1126	FP	90	FN	190	TP	10
Fold	4	ValEpoch	0	ACC	0.858757	Loss	0.433371	AUC	0.477961	AUPRC	0.134982	TN	304	FP	0	FN	50	TP	0
Fold	4	TestEpoch	0	ACC	0.901639	Loss	0.343261	AUC	0.411364	AUPRC	0.098302	TN	110	FP	0	FN	12	TP	0
Fold	4	TrainEpoch	1	ACC	0.858757	Loss	0.461243	AUC	0.507288	AUPRC	0.157740	TN	1216	FP	0	FN	200	TP	0
Fold	4	ValEpoch	1	ACC	0.858757	Loss	0.414865	AUC	0.627697	AUPRC	0.203079	TN	304	FP	0	FN	50	TP	0
Fold	4	TestEpoch	1	ACC	0.901639	Loss	0.317106	AUC	0.618182	AUPRC	0.178676	TN	110	FP	0	FN	12	TP	0
Fold	4	TrainEpoch	2	ACC	0.858757	Loss	0.399646	AUC	0.596842	AUPRC	0.240513	TN	1216	FP	0	FN	200	TP	0
Fold	4	ValEpoch	2	ACC	0.858757	Loss	0.400890	AUC	0.710987	AUPRC	0.395109	TN	304	FP	0	FN	50	TP	0
Fold	4	TestEpoch	2	ACC	0.901639	Loss	0.348308	AUC	0.712879	AUPRC	0.208886	TN	110	FP	0	FN	12	TP	0
Fold	4	TrainEpoch	3	ACC	0.858757	Loss	0.385725	AUC	0.730099	AUPRC	0.371971	TN	1216	FP	0	FN	200	TP	0
Fold	4	ValEpoch	3	ACC	0.858757	Loss	0.359623	AUC	0.773487	AUPRC	0.385508	TN	304	FP	0	FN	50	TP	0
Fold	4	TestEpoch	3	ACC	0.901639	Loss	0.297629	AUC	0.731061	AUPRC	0.233985	TN	110	FP	0	FN	12	TP	0
Fold	4	TrainEpoch	4	ACC	0.858757	Loss	0.366966	AUC	0.751336	AUPRC	0.391689	TN	1216	FP	0	FN	200	TP	0
Fold	4	ValEpoch	4	ACC	0.858757	Loss	0.358537	AUC	0.780263	AUPRC	0.431541	TN	304	FP	0	FN	50	TP	0
Fold	4	TestEpoch	4	ACC	0.901639	Loss	0.286047	AUC	0.751515	AUPRC	0.248606	TN	110	FP	0	FN	12	TP	0
Fold	4	TrainEpoch	5	ACC	0.858757	Loss	0.353559	AUC	0.781817	AUPRC	0.431380	TN	1216	FP	0	FN	200	TP	0
Fold	4	ValEpoch	5	ACC	0.858757	Loss	0.349023	AUC	0.789868	AUPRC	0.422054	TN	304	FP	0	FN	50	TP	0
Fold	4	TestEpoch	5	ACC	0.901639	Loss	0.282156	AUC	0.832576	AUPRC	0.321280	TN	110	FP	0	FN	12	TP	0
Fold	4	TrainEpoch	6	ACC	0.858757	Loss	0.349317	AUC	0.791900	AUPRC	0.435224	TN	1216	FP	0	FN	200	TP	0
Fold	4	ValEpoch	6	ACC	0.858757	Loss	0.340169	AUC	0.798947	AUPRC	0.422004	TN	304	FP	0	FN	50	TP	0
Fold	4	TestEpoch	6	ACC	0.901639	Loss	0.289625	AUC	0.786364	AUPRC	0.292135	TN	110	FP	0	FN	12	TP	0
Fold	4	TrainEpoch	7	ACC	0.858757	Loss	0.338709	AUC	0.794854	AUPRC	0.467744	TN	1216	FP	0	FN	200	TP	0
Fold	4	ValEpoch	7	ACC	0.858757	Loss	0.326624	AUC	0.822303	AUPRC	0.487707	TN	304	FP	0	FN	50	TP	0
Fold	4	TestEpoch	7	ACC	0.901639	Loss	0.261230	AUC	0.818939	AUPRC	0.304098	TN	110	FP	0	FN	12	TP	0
Fold	4	TrainEpoch	8	ACC	0.858757	Loss	0.333118	AUC	0.808692	AUPRC	0.504016	TN	1216	FP	0	FN	200	TP	0
Fold	4	ValEpoch	8	ACC	0.858757	Loss	0.333910	AUC	0.803289	AUPRC	0.446633	TN	304	FP	0	FN	50	TP	0
Fold	4	TestEpoch	8	ACC	0.901639	Loss	0.280710	AUC	0.806061	AUPRC	0.311090	TN	110	FP	0	FN	12	TP	0
Fold	4	TrainEpoch	9	ACC	0.858757	Loss	0.330446	AUC	0.820933	AUPRC	0.488686	TN	1216	FP	0	FN	200	TP	0
Fold	4	ValEpoch	9	ACC	0.858757	Loss	0.329883	AUC	0.803224	AUPRC	0.479468	TN	304	FP	0	FN	50	TP	0
Fold	4	TestEpoch	9	ACC	0.901639	Loss	0.258338	AUC	0.839394	AUPRC	0.316554	TN	110	FP	0	FN	12	TP	0
Fold	4	TrainEpoch	10	ACC	0.858757	Loss	0.322597	AUC	0.829124	AUPRC	0.502482	TN	1216	FP	0	FN	200	TP	0
Fold	4	ValEpoch	10	ACC	0.858757	Loss	0.331335	AUC	0.807632	AUPRC	0.446002	TN	304	FP	0	FN	50	TP	0
Fold	4	TestEpoch	10	ACC	0.901639	Loss	0.263470	AUC	0.815152	AUPRC	0.335304	TN	110	FP	0	FN	12	TP	0
Fold	4	TrainEpoch	11	ACC	0.858757	Loss	0.313590	AUC	0.848812	AUPRC	0.523068	TN	1216	FP	0	FN	200	TP	0
Fold	4	ValEpoch	11	ACC	0.858757	Loss	0.331482	AUC	0.806513	AUPRC	0.477369	TN	304	FP	0	FN	50	TP	0
Fold	4	TestEpoch	11	ACC	0.901639	Loss	0.278245	AUC	0.805303	AUPRC	0.319901	TN	110	FP	0	FN	12	TP	0
Fold	4	TrainEpoch	12	ACC	0.858757	Loss	0.308840	AUC	0.854239	AUPRC	0.533844	TN	1216	FP	0	FN	200	TP	0
Fold	4	ValEpoch	12	ACC	0.858757	Loss	0.331438	AUC	0.805724	AUPRC	0.471408	TN	304	FP	0	FN	50	TP	0
Fold	4	TestEpoch	12	ACC	0.901639	Loss	0.263618	AUC	0.812121	AUPRC	0.332986	TN	110	FP	0	FN	12	TP	0
Fold	4	TrainEpoch	13	ACC	0.858757	Loss	0.300088	AUC	0.872545	AUPRC	0.544891	TN	1216	FP	0	FN	200	TP	0
Fold	4	ValEpoch	13	ACC	0.858757	Loss	0.324532	AUC	0.816382	AUPRC	0.490281	TN	304	FP	0	FN	50	TP	0
Fold	4	TestEpoch	13	ACC	0.901639	Loss	0.268875	AUC	0.808333	AUPRC	0.310961	TN	110	FP	0	FN	12	TP	0
Fold	4	TrainEpoch	14	ACC	0.858757	Loss	0.286353	AUC	0.893047	AUPRC	0.608980	TN	1216	FP	0	FN	200	TP	0
Fold	4	ValEpoch	14	ACC	0.858757	Loss	0.329229	AUC	0.813289	AUPRC	0.470796	TN	304	FP	0	FN	50	TP	0
Fold	4	TestEpoch	14	ACC	0.901639	Loss	0.255447	AUC	0.826515	AUPRC	0.327454	TN	110	FP	0	FN	12	TP	0
Fold	4	TrainEpoch	15	ACC	0.858757	Loss	0.273528	AUC	0.916349	AUPRC	0.657087	TN	1216	FP	0	FN	200	TP	0
Fold	4	ValEpoch	15	ACC	0.858757	Loss	0.332088	AUC	0.798618	AUPRC	0.505732	TN	304	FP	0	FN	50	TP	0
Fold	4	TestEpoch	15	ACC	0.901639	Loss	0.247731	AUC	0.846212	AUPRC	0.377927	TN	110	FP	0	FN	12	TP	0
Fold	4	TrainEpoch	16	ACC	0.858757	Loss	0.270001	AUC	0.910868	AUPRC	0.635015	TN	1216	FP	0	FN	200	TP	0
Fold	4	ValEpoch	16	ACC	0.858757	Loss	0.323696	AUC	0.818487	AUPRC	0.523343	TN	304	FP	0	FN	50	TP	0
Fold	4	TestEpoch	16	ACC	0.901639	Loss	0.264103	AUC	0.819697	AUPRC	0.431092	TN	110	FP	0	FN	12	TP	0
Fold	4	TrainEpoch	17	ACC	0.858757	Loss	0.258289	AUC	0.924905	AUPRC	0.690305	TN	1216	FP	0	FN	200	TP	0
Fold	4	ValEpoch	17	ACC	0.858757	Loss	0.340601	AUC	0.811974	AUPRC	0.424954	TN	304	FP	0	FN	50	TP	0
Fold	4	TestEpoch	17	ACC	0.901639	Loss	0.261760	AUC	0.815909	AUPRC	0.318881	TN	110	FP	0	FN	12	TP	0
Fold	4	TrainEpoch	18	ACC	0.858757	Loss	0.247568	AUC	0.936242	AUPRC	0.687744	TN	1216	FP	0	FN	200	TP	0
Fold	4	ValEpoch	18	ACC	0.858757	Loss	0.331886	AUC	0.802697	AUPRC	0.510779	TN	304	FP	0	FN	50	TP	0
Fold	4	TestEpoch	18	ACC	0.901639	Loss	0.262109	AUC	0.836364	AUPRC	0.374285	TN	110	FP	0	FN	12	TP	0
Fold	4	TrainEpoch	19	ACC	0.858757	Loss	0.244607	AUC	0.938002	AUPRC	0.717284	TN	1216	FP	0	FN	200	TP	0
Fold	4	ValEpoch	19	ACC	0.858757	Loss	0.353760	AUC	0.787368	AUPRC	0.468531	TN	304	FP	0	FN	50	TP	0
Fold	4	TestEpoch	19	ACC	0.901639	Loss	0.290244	AUC	0.784848	AUPRC	0.246728	TN	110	FP	0	FN	12	TP	0
Fold	4	TrainEpoch	20	ACC	0.858757	Loss	0.249530	AUC	0.924778	AUPRC	0.682452	TN	1216	FP	0	FN	200	TP	0
Fold	4	ValEpoch	20	ACC	0.858757	Loss	0.355670	AUC	0.781447	AUPRC	0.362455	TN	304	FP	0	FN	50	TP	0
Fold	4	TestEpoch	20	ACC	0.901639	Loss	0.271255	AUC	0.806818	AUPRC	0.348889	TN	110	FP	0	FN	12	TP	0
Fold	4	TrainEpoch	21	ACC	0.859463	Loss	0.223309	AUC	0.965086	AUPRC	0.813968	TN	1216	FP	0	FN	199	TP	1
Fold	4	ValEpoch	21	ACC	0.858757	Loss	0.348928	AUC	0.819671	AUPRC	0.498449	TN	304	FP	0	FN	50	TP	0
Fold	4	TestEpoch	21	ACC	0.901639	Loss	0.256660	AUC	0.828788	AUPRC	0.319489	TN	110	FP	0	FN	12	TP	0
Fold	4	TrainEpoch	22	ACC	0.859463	Loss	0.207474	AUC	0.976587	AUPRC	0.865449	TN	1216	FP	0	FN	199	TP	1
Fold	4	ValEpoch	22	ACC	0.861582	Loss	0.367828	AUC	0.803618	AUPRC	0.491602	TN	304	FP	0	FN	49	TP	1
Fold	4	TestEpoch	22	ACC	0.901639	Loss	0.238942	AUC	0.859091	AUPRC	0.429643	TN	110	FP	0	FN	12	TP	0
Fold	4	TrainEpoch	23	ACC	0.863701	Loss	0.195914	AUC	0.973335	AUPRC	0.850821	TN	1216	FP	0	FN	193	TP	7
Fold	4	ValEpoch	23	ACC	0.858757	Loss	0.352338	AUC	0.797303	AUPRC	0.424544	TN	304	FP	0	FN	50	TP	0
Fold	4	TestEpoch	23	ACC	0.901639	Loss	0.245946	AUC	0.855303	AUPRC	0.382979	TN	110	FP	0	FN	12	TP	0
Fold	4	TrainEpoch	24	ACC	0.875706	Loss	0.182272	AUC	0.982438	AUPRC	0.895029	TN	1214	FP	2	FN	174	TP	26
Fold	4	ValEpoch	24	ACC	0.864407	Loss	0.338802	AUC	0.804803	AUPRC	0.443624	TN	304	FP	0	FN	48	TP	2
Fold	4	TestEpoch	24	ACC	0.893443	Loss	0.277316	AUC	0.807576	AUPRC	0.360649	TN	109	FP	1	FN	12	TP	0
Fold	4	TrainEpoch	25	ACC	0.883475	Loss	0.169524	AUC	0.990432	AUPRC	0.942907	TN	1216	FP	0	FN	165	TP	35
Fold	4	ValEpoch	25	ACC	0.872881	Loss	0.320337	AUC	0.829605	AUPRC	0.506689	TN	300	FP	4	FN	41	TP	9
Fold	4	TestEpoch	25	ACC	0.893443	Loss	0.293065	AUC	0.821970	AUPRC	0.340371	TN	104	FP	6	FN	7	TP	5
Fold	4	TrainEpoch	26	ACC	0.911723	Loss	0.158996	AUC	0.990584	AUPRC	0.931940	TN	1213	FP	3	FN	122	TP	78
Fold	4	ValEpoch	26	ACC	0.875706	Loss	0.363348	AUC	0.791250	AUPRC	0.447825	TN	301	FP	3	FN	41	TP	9
Fold	4	TestEpoch	26	ACC	0.868852	Loss	0.259090	AUC	0.840152	AUPRC	0.437072	TN	103	FP	7	FN	9	TP	3
Fold	4	TrainEpoch	27	ACC	0.939972	Loss	0.137522	AUC	0.996550	AUPRC	0.964914	TN	1214	FP	2	FN	83	TP	117
Fold	4	ValEpoch	27	ACC	0.864407	Loss	0.396140	AUC	0.812368	AUPRC	0.435997	TN	301	FP	3	FN	45	TP	5
Fold	4	TestEpoch	27	ACC	0.918033	Loss	0.287701	AUC	0.812121	AUPRC	0.418715	TN	109	FP	1	FN	9	TP	3
Fold	4	TrainEpoch	28	ACC	0.950565	Loss	0.117886	AUC	0.998536	AUPRC	0.988347	TN	1214	FP	2	FN	68	TP	132
Fold	4	ValEpoch	28	ACC	0.872881	Loss	0.416194	AUC	0.804539	AUPRC	0.497272	TN	301	FP	3	FN	42	TP	8
Fold	4	TestEpoch	28	ACC	0.901639	Loss	0.261286	AUC	0.841667	AUPRC	0.387121	TN	107	FP	3	FN	9	TP	3
Fold	4	TrainEpoch	29	ACC	0.980932	Loss	0.101716	AUC	0.998988	AUPRC	0.982788	TN	1214	FP	2	FN	25	TP	175
Fold	4	ValEpoch	29	ACC	0.872881	Loss	0.435363	AUC	0.812500	AUPRC	0.508499	TN	300	FP	4	FN	41	TP	9
Fold	4	TestEpoch	29	ACC	0.877049	Loss	0.286612	AUC	0.832576	AUPRC	0.350592	TN	102	FP	8	FN	7	TP	5
Fold	4	TrainEpoch	30	ACC	0.988701	Loss	0.091961	AUC	0.999523	AUPRC	0.996761	TN	1214	FP	2	FN	14	TP	186
Fold	4	ValEpoch	30	ACC	0.870056	Loss	0.449050	AUC	0.806053	AUPRC	0.479806	TN	301	FP	3	FN	43	TP	7
Fold	4	TestEpoch	30	ACC	0.901639	Loss	0.268075	AUC	0.853030	AUPRC	0.439277	TN	106	FP	4	FN	8	TP	4
Fold	4	TrainEpoch	31	ACC	0.996469	Loss	0.078420	AUC	0.999441	AUPRC	0.994381	TN	1215	FP	1	FN	4	TP	196
Fold	4	ValEpoch	31	ACC	0.870056	Loss	0.469063	AUC	0.806513	AUPRC	0.479185	TN	300	FP	4	FN	42	TP	8
Fold	4	TestEpoch	31	ACC	0.909836	Loss	0.295640	AUC	0.836364	AUPRC	0.408033	TN	106	FP	4	FN	7	TP	5
Fold	4	TrainEpoch	32	ACC	0.997881	Loss	0.067558	AUC	0.999942	AUPRC	0.999644	TN	1215	FP	1	FN	2	TP	198
Fold	4	ValEpoch	32	ACC	0.872881	Loss	0.491168	AUC	0.804868	AUPRC	0.468731	TN	296	FP	8	FN	37	TP	13
Fold	4	TestEpoch	32	ACC	0.893443	Loss	0.287976	AUC	0.846970	AUPRC	0.504387	TN	105	FP	5	FN	8	TP	4
Fold	4	TrainEpoch	33	ACC	0.999294	Loss	0.053781	AUC	0.999979	AUPRC	0.999874	TN	1215	FP	1	FN	0	TP	200
Fold	4	ValEpoch	33	ACC	0.861582	Loss	0.482202	AUC	0.799803	AUPRC	0.439300	TN	296	FP	8	FN	41	TP	9
Fold	4	TestEpoch	33	ACC	0.901639	Loss	0.319276	AUC	0.815909	AUPRC	0.376180	TN	105	FP	5	FN	7	TP	5
Fold	4	TrainEpoch	34	ACC	0.987288	Loss	0.056906	AUC	0.998935	AUPRC	0.992810	TN	1209	FP	7	FN	11	TP	189
Fold	4	ValEpoch	34	ACC	0.861582	Loss	0.536513	AUC	0.774013	AUPRC	0.381364	TN	292	FP	12	FN	37	TP	13
Fold	4	TestEpoch	34	ACC	0.885246	Loss	0.328334	AUC	0.832576	AUPRC	0.352597	TN	104	FP	6	FN	8	TP	4
Fold	4	TrainEpoch	35	ACC	0.997175	Loss	0.037722	AUC	0.999449	AUPRC	0.995595	TN	1213	FP	3	FN	1	TP	199
Fold	4	ValEpoch	35	ACC	0.853107	Loss	0.668166	AUC	0.724539	AUPRC	0.323549	TN	300	FP	4	FN	48	TP	2
Fold	4	TestEpoch	35	ACC	0.885246	Loss	0.416595	AUC	0.732576	AUPRC	0.290119	TN	105	FP	5	FN	9	TP	3
Fold	4	TrainEpoch	36	ACC	0.995763	Loss	0.035774	AUC	0.999622	AUPRC	0.997460	TN	1214	FP	2	FN	4	TP	196
Fold	4	ValEpoch	36	ACC	0.824859	Loss	0.484850	AUC	0.806974	AUPRC	0.378267	TN	269	FP	35	FN	27	TP	23
Fold	4	TestEpoch	36	ACC	0.868852	Loss	0.404231	AUC	0.819697	AUPRC	0.357595	TN	100	FP	10	FN	6	TP	6
Fold	4	TrainEpoch	37	ACC	0.971045	Loss	0.083959	AUC	0.990296	AUPRC	0.956104	TN	1198	FP	18	FN	23	TP	177
Fold	4	ValEpoch	37	ACC	0.858757	Loss	0.572003	AUC	0.777039	AUPRC	0.437062	TN	285	FP	19	FN	31	TP	19
Fold	4	TestEpoch	37	ACC	0.795082	Loss	0.565900	AUC	0.799242	AUPRC	0.341526	TN	91	FP	19	FN	6	TP	6
Fold	4	TrainEpoch	38	ACC	0.909605	Loss	0.354491	AUC	0.889922	AUPRC	0.702430	TN	1155	FP	61	FN	67	TP	133
Fold	4	ValEpoch	38	ACC	0.816384	Loss	0.433652	AUC	0.741842	AUPRC	0.271931	TN	279	FP	25	FN	40	TP	10
Fold	4	TestEpoch	38	ACC	0.860656	Loss	0.310736	AUC	0.805303	AUPRC	0.303937	TN	102	FP	8	FN	9	TP	3
Fold	4	TrainEpoch	39	ACC	0.858051	Loss	0.348593	AUC	0.835884	AUPRC	0.455166	TN	1121	FP	95	FN	106	TP	94
Fold	4	ValEpoch	39	ACC	0.861582	Loss	0.436835	AUC	0.773158	AUPRC	0.408686	TN	296	FP	8	FN	41	TP	9
Fold	4	TestEpoch	39	ACC	0.885246	Loss	0.352241	AUC	0.750758	AUPRC	0.367964	TN	104	FP	6	FN	8	TP	4
Fold	4	TrainEpoch	40	ACC	0.875000	Loss	0.306009	AUC	0.848437	AUPRC	0.497736	TN	1173	FP	43	FN	134	TP	66
Fold	4	ValEpoch	40	ACC	0.867232	Loss	0.340348	AUC	0.788553	AUPRC	0.401259	TN	294	FP	10	FN	37	TP	13
Fold	4	TestEpoch	40	ACC	0.836066	Loss	0.324362	AUC	0.743939	AUPRC	0.214038	TN	101	FP	9	FN	11	TP	1
Fold	4	TrainEpoch	41	ACC	0.888418	Loss	0.265078	AUC	0.896217	AUPRC	0.621509	TN	1192	FP	24	FN	134	TP	66
Fold	4	ValEpoch	41	ACC	0.858757	Loss	0.350726	AUC	0.787829	AUPRC	0.401195	TN	297	FP	7	FN	43	TP	7
Fold	4	TestEpoch	41	ACC	0.893443	Loss	0.306685	AUC	0.769697	AUPRC	0.338367	TN	107	FP	3	FN	10	TP	2
Fold	4	TrainEpoch	42	ACC	0.903955	Loss	0.216994	AUC	0.955214	AUPRC	0.789230	TN	1202	FP	14	FN	122	TP	78
Fold	4	ValEpoch	42	ACC	0.864407	Loss	0.320317	AUC	0.824539	AUPRC	0.457514	TN	296	FP	8	FN	40	TP	10
Fold	4	TestEpoch	42	ACC	0.868852	Loss	0.297438	AUC	0.787121	AUPRC	0.349957	TN	102	FP	8	FN	8	TP	4
Fold	4	TrainEpoch	43	ACC	0.920904	Loss	0.187482	AUC	0.973532	AUPRC	0.866204	TN	1208	FP	8	FN	104	TP	96
Fold	4	ValEpoch	43	ACC	0.878531	Loss	0.341709	AUC	0.798421	AUPRC	0.520575	TN	292	FP	12	FN	31	TP	19
Fold	4	TestEpoch	43	ACC	0.844262	Loss	0.330420	AUC	0.765152	AUPRC	0.266104	TN	98	FP	12	FN	7	TP	5
Fold	4	TrainEpoch	44	ACC	0.939266	Loss	0.155553	AUC	0.983294	AUPRC	0.906233	TN	1201	FP	15	FN	71	TP	129
Fold	4	ValEpoch	44	ACC	0.847458	Loss	0.354509	AUC	0.799803	AUPRC	0.402705	TN	287	FP	17	FN	37	TP	13
Fold	4	TestEpoch	44	ACC	0.877049	Loss	0.329909	AUC	0.782576	AUPRC	0.317994	TN	102	FP	8	FN	7	TP	5
Fold	4	TrainEpoch	45	ACC	0.965395	Loss	0.120558	AUC	0.994260	AUPRC	0.963873	TN	1209	FP	7	FN	42	TP	158
Fold	4	ValEpoch	45	ACC	0.861582	Loss	0.341720	AUC	0.824408	AUPRC	0.436803	TN	289	FP	15	FN	34	TP	16
Fold	4	TestEpoch	45	ACC	0.836066	Loss	0.343425	AUC	0.784091	AUPRC	0.276580	TN	97	FP	13	FN	7	TP	5
Fold	4	TrainEpoch	46	ACC	0.975282	Loss	0.089604	AUC	0.996974	AUPRC	0.969052	TN	1210	FP	6	FN	29	TP	171
Fold	4	ValEpoch	46	ACC	0.872881	Loss	0.427801	AUC	0.762500	AUPRC	0.413274	TN	295	FP	9	FN	36	TP	14
Fold	4	TestEpoch	46	ACC	0.901639	Loss	0.351187	AUC	0.756818	AUPRC	0.346273	TN	104	FP	6	FN	6	TP	6
Fold	4	TrainEpoch	47	ACC	0.988701	Loss	0.066393	AUC	0.999301	AUPRC	0.995442	TN	1213	FP	3	FN	13	TP	187
Fold	4	ValEpoch	47	ACC	0.861582	Loss	0.391397	AUC	0.810921	AUPRC	0.433633	TN	290	FP	14	FN	35	TP	15
Fold	4	TestEpoch	47	ACC	0.852459	Loss	0.398018	AUC	0.760606	AUPRC	0.262422	TN	99	FP	11	FN	7	TP	5
Fold	4	TrainEpoch	48	ACC	0.999294	Loss	0.039703	AUC	0.999683	AUPRC	0.997593	TN	1215	FP	1	FN	0	TP	200
Fold	4	ValEpoch	48	ACC	0.853107	Loss	0.414173	AUC	0.815066	AUPRC	0.432107	TN	281	FP	23	FN	29	TP	21
Fold	4	TestEpoch	48	ACC	0.852459	Loss	0.418858	AUC	0.785606	AUPRC	0.301080	TN	97	FP	13	FN	5	TP	7
Fold	4	TrainEpoch	49	ACC	0.997881	Loss	0.028540	AUC	0.999971	AUPRC	0.999827	TN	1216	FP	0	FN	3	TP	197
Fold	4	ValEpoch	49	ACC	0.853107	Loss	0.485944	AUC	0.790855	AUPRC	0.383884	TN	285	FP	19	FN	33	TP	17
Fold	4	TestEpoch	49	ACC	0.868852	Loss	0.400606	AUC	0.790909	AUPRC	0.322544	TN	100	FP	10	FN	6	TP	6
Fold	5	TrainEpoch	0	ACC	0.762006	Loss	0.553975	AUC	0.528454	AUPRC	0.168313	TN	1038	FP	178	FN	159	TP	41
Fold	5	ValEpoch	0	ACC	0.858757	Loss	0.457663	AUC	0.388816	AUPRC	0.122279	TN	304	FP	0	FN	50	TP	0
Fold	5	TestEpoch	0	ACC	0.901639	Loss	0.347111	AUC	0.362879	AUPRC	0.078021	TN	110	FP	0	FN	12	TP	0
Fold	5	TrainEpoch	1	ACC	0.858757	Loss	0.454760	AUC	0.481081	AUPRC	0.140876	TN	1216	FP	0	FN	200	TP	0
Fold	5	ValEpoch	1	ACC	0.858757	Loss	0.412732	AUC	0.594803	AUPRC	0.217404	TN	304	FP	0	FN	50	TP	0
Fold	5	TestEpoch	1	ACC	0.901639	Loss	0.315646	AUC	0.623485	AUPRC	0.152149	TN	110	FP	0	FN	12	TP	0
Fold	5	TrainEpoch	2	ACC	0.858757	Loss	0.390134	AUC	0.653298	AUPRC	0.263093	TN	1216	FP	0	FN	200	TP	0
Fold	5	ValEpoch	2	ACC	0.858757	Loss	0.393685	AUC	0.672500	AUPRC	0.291493	TN	304	FP	0	FN	50	TP	0
Fold	5	TestEpoch	2	ACC	0.901639	Loss	0.322684	AUC	0.768939	AUPRC	0.277785	TN	110	FP	0	FN	12	TP	0
Fold	5	TrainEpoch	3	ACC	0.858757	Loss	0.370028	AUC	0.757294	AUPRC	0.402362	TN	1216	FP	0	FN	200	TP	0
Fold	5	ValEpoch	3	ACC	0.858757	Loss	0.376899	AUC	0.702303	AUPRC	0.369581	TN	304	FP	0	FN	50	TP	0
Fold	5	TestEpoch	3	ACC	0.901639	Loss	0.286514	AUC	0.781818	AUPRC	0.296350	TN	110	FP	0	FN	12	TP	0
Fold	5	TrainEpoch	4	ACC	0.858757	Loss	0.354299	AUC	0.776912	AUPRC	0.426087	TN	1216	FP	0	FN	200	TP	0
Fold	5	ValEpoch	4	ACC	0.858757	Loss	0.372958	AUC	0.732632	AUPRC	0.391865	TN	304	FP	0	FN	50	TP	0
Fold	5	TestEpoch	4	ACC	0.901639	Loss	0.285350	AUC	0.752273	AUPRC	0.280861	TN	110	FP	0	FN	12	TP	0
Fold	5	TrainEpoch	5	ACC	0.858757	Loss	0.339906	AUC	0.800818	AUPRC	0.435358	TN	1216	FP	0	FN	200	TP	0
Fold	5	ValEpoch	5	ACC	0.858757	Loss	0.361842	AUC	0.738816	AUPRC	0.378168	TN	304	FP	0	FN	50	TP	0
Fold	5	TestEpoch	5	ACC	0.901639	Loss	0.291770	AUC	0.769697	AUPRC	0.267454	TN	110	FP	0	FN	12	TP	0
Fold	5	TrainEpoch	6	ACC	0.858757	Loss	0.331385	AUC	0.813203	AUPRC	0.469730	TN	1216	FP	0	FN	200	TP	0
Fold	5	ValEpoch	6	ACC	0.858757	Loss	0.359707	AUC	0.743224	AUPRC	0.366690	TN	304	FP	0	FN	50	TP	0
Fold	5	TestEpoch	6	ACC	0.901639	Loss	0.281269	AUC	0.776515	AUPRC	0.271647	TN	110	FP	0	FN	12	TP	0
Fold	5	TrainEpoch	7	ACC	0.858757	Loss	0.324015	AUC	0.826291	AUPRC	0.491735	TN	1216	FP	0	FN	200	TP	0
Fold	5	ValEpoch	7	ACC	0.858757	Loss	0.363202	AUC	0.740395	AUPRC	0.388345	TN	304	FP	0	FN	50	TP	0
Fold	5	TestEpoch	7	ACC	0.901639	Loss	0.279868	AUC	0.792424	AUPRC	0.282977	TN	110	FP	0	FN	12	TP	0
Fold	5	TrainEpoch	8	ACC	0.858757	Loss	0.316358	AUC	0.837389	AUPRC	0.524538	TN	1216	FP	0	FN	200	TP	0
Fold	5	ValEpoch	8	ACC	0.858757	Loss	0.358098	AUC	0.757171	AUPRC	0.390118	TN	304	FP	0	FN	50	TP	0
Fold	5	TestEpoch	8	ACC	0.901639	Loss	0.274193	AUC	0.795455	AUPRC	0.280522	TN	110	FP	0	FN	12	TP	0
Fold	5	TrainEpoch	9	ACC	0.858757	Loss	0.307160	AUC	0.855378	AUPRC	0.555061	TN	1216	FP	0	FN	200	TP	0
Fold	5	ValEpoch	9	ACC	0.858757	Loss	0.361893	AUC	0.744934	AUPRC	0.353941	TN	304	FP	0	FN	50	TP	0
Fold	5	TestEpoch	9	ACC	0.901639	Loss	0.272417	AUC	0.805303	AUPRC	0.306832	TN	110	FP	0	FN	12	TP	0
Fold	5	TrainEpoch	10	ACC	0.858757	Loss	0.301760	AUC	0.865872	AUPRC	0.574534	TN	1216	FP	0	FN	200	TP	0
Fold	5	ValEpoch	10	ACC	0.858757	Loss	0.357488	AUC	0.752171	AUPRC	0.395206	TN	304	FP	0	FN	50	TP	0
Fold	5	TestEpoch	10	ACC	0.901639	Loss	0.267639	AUC	0.800000	AUPRC	0.283626	TN	110	FP	0	FN	12	TP	0
Fold	5	TrainEpoch	11	ACC	0.858757	Loss	0.294218	AUC	0.877759	AUPRC	0.585421	TN	1216	FP	0	FN	200	TP	0
Fold	5	ValEpoch	11	ACC	0.858757	Loss	0.362423	AUC	0.745132	AUPRC	0.356975	TN	304	FP	0	FN	50	TP	0
Fold	5	TestEpoch	11	ACC	0.901639	Loss	0.274051	AUC	0.799242	AUPRC	0.282552	TN	110	FP	0	FN	12	TP	0
Fold	5	TrainEpoch	12	ACC	0.858757	Loss	0.287231	AUC	0.890016	AUPRC	0.612264	TN	1216	FP	0	FN	200	TP	0
Fold	5	ValEpoch	12	ACC	0.858757	Loss	0.367574	AUC	0.740987	AUPRC	0.397904	TN	304	FP	0	FN	50	TP	0
Fold	5	TestEpoch	12	ACC	0.901639	Loss	0.261896	AUC	0.816667	AUPRC	0.287481	TN	110	FP	0	FN	12	TP	0
Fold	5	TrainEpoch	13	ACC	0.858757	Loss	0.275826	AUC	0.904441	AUPRC	0.644791	TN	1216	FP	0	FN	200	TP	0
Fold	5	ValEpoch	13	ACC	0.858757	Loss	0.374095	AUC	0.729868	AUPRC	0.335446	TN	304	FP	0	FN	50	TP	0
Fold	5	TestEpoch	13	ACC	0.901639	Loss	0.285955	AUC	0.792424	AUPRC	0.368859	TN	110	FP	0	FN	12	TP	0
Fold	5	TrainEpoch	14	ACC	0.858757	Loss	0.277304	AUC	0.900222	AUPRC	0.628804	TN	1216	FP	0	FN	200	TP	0
Fold	5	ValEpoch	14	ACC	0.858757	Loss	0.366380	AUC	0.746184	AUPRC	0.357563	TN	304	FP	0	FN	50	TP	0
Fold	5	TestEpoch	14	ACC	0.901639	Loss	0.261232	AUC	0.815909	AUPRC	0.301500	TN	110	FP	0	FN	12	TP	0
Fold	5	TrainEpoch	15	ACC	0.858757	Loss	0.261434	AUC	0.926789	AUPRC	0.681760	TN	1216	FP	0	FN	200	TP	0
Fold	5	ValEpoch	15	ACC	0.858757	Loss	0.360972	AUC	0.751711	AUPRC	0.360301	TN	304	FP	0	FN	50	TP	0
Fold	5	TestEpoch	15	ACC	0.901639	Loss	0.269470	AUC	0.821970	AUPRC	0.319463	TN	110	FP	0	FN	12	TP	0
Fold	5	TrainEpoch	16	ACC	0.858757	Loss	0.250538	AUC	0.937788	AUPRC	0.749112	TN	1216	FP	0	FN	200	TP	0
Fold	5	ValEpoch	16	ACC	0.858757	Loss	0.372998	AUC	0.761908	AUPRC	0.381908	TN	304	FP	0	FN	50	TP	0
Fold	5	TestEpoch	16	ACC	0.901639	Loss	0.265509	AUC	0.800000	AUPRC	0.278122	TN	110	FP	0	FN	12	TP	0
Fold	5	TrainEpoch	17	ACC	0.858757	Loss	0.242904	AUC	0.947150	AUPRC	0.729900	TN	1216	FP	0	FN	200	TP	0
Fold	5	ValEpoch	17	ACC	0.858757	Loss	0.393548	AUC	0.739539	AUPRC	0.390466	TN	304	FP	0	FN	50	TP	0
Fold	5	TestEpoch	17	ACC	0.901639	Loss	0.296521	AUC	0.783333	AUPRC	0.281797	TN	110	FP	0	FN	12	TP	0
Fold	5	TrainEpoch	18	ACC	0.858757	Loss	0.244469	AUC	0.933146	AUPRC	0.722029	TN	1216	FP	0	FN	200	TP	0
Fold	5	ValEpoch	18	ACC	0.858757	Loss	0.384703	AUC	0.745526	AUPRC	0.363892	TN	304	FP	0	FN	50	TP	0
Fold	5	TestEpoch	18	ACC	0.901639	Loss	0.261505	AUC	0.809091	AUPRC	0.293866	TN	110	FP	0	FN	12	TP	0
Fold	5	TrainEpoch	19	ACC	0.858757	Loss	0.225508	AUC	0.959280	AUPRC	0.788451	TN	1216	FP	0	FN	200	TP	0
Fold	5	ValEpoch	19	ACC	0.858757	Loss	0.396713	AUC	0.741184	AUPRC	0.345920	TN	304	FP	0	FN	50	TP	0
Fold	5	TestEpoch	19	ACC	0.901639	Loss	0.283921	AUC	0.803030	AUPRC	0.323293	TN	110	FP	0	FN	12	TP	0
Fold	5	TrainEpoch	20	ACC	0.858757	Loss	0.222227	AUC	0.953265	AUPRC	0.789198	TN	1216	FP	0	FN	200	TP	0
Fold	5	ValEpoch	20	ACC	0.858757	Loss	0.369462	AUC	0.745395	AUPRC	0.339884	TN	304	FP	0	FN	50	TP	0
Fold	5	TestEpoch	20	ACC	0.901639	Loss	0.270638	AUC	0.816667	AUPRC	0.317845	TN	110	FP	0	FN	12	TP	0
Fold	5	TrainEpoch	21	ACC	0.858757	Loss	0.206910	AUC	0.972747	AUPRC	0.845052	TN	1216	FP	0	FN	200	TP	0
Fold	5	ValEpoch	21	ACC	0.861582	Loss	0.387177	AUC	0.751250	AUPRC	0.351565	TN	304	FP	0	FN	49	TP	1
Fold	5	TestEpoch	21	ACC	0.901639	Loss	0.274182	AUC	0.809091	AUPRC	0.316614	TN	110	FP	0	FN	12	TP	0
Fold	5	TrainEpoch	22	ACC	0.866525	Loss	0.190739	AUC	0.976517	AUPRC	0.862628	TN	1216	FP	0	FN	189	TP	11
Fold	5	ValEpoch	22	ACC	0.858757	Loss	0.460920	AUC	0.740263	AUPRC	0.349911	TN	304	FP	0	FN	50	TP	0
Fold	5	TestEpoch	22	ACC	0.901639	Loss	0.271157	AUC	0.821970	AUPRC	0.300202	TN	110	FP	0	FN	12	TP	0
Fold	5	TrainEpoch	23	ACC	0.874294	Loss	0.180665	AUC	0.982002	AUPRC	0.892776	TN	1216	FP	0	FN	178	TP	22
Fold	5	ValEpoch	23	ACC	0.861582	Loss	0.507696	AUC	0.717763	AUPRC	0.295812	TN	304	FP	0	FN	49	TP	1
Fold	5	TestEpoch	23	ACC	0.893443	Loss	0.277282	AUC	0.821212	AUPRC	0.322849	TN	109	FP	1	FN	12	TP	0
Fold	5	TrainEpoch	24	ACC	0.891949	Loss	0.172689	AUC	0.984704	AUPRC	0.908570	TN	1215	FP	1	FN	152	TP	48
Fold	5	ValEpoch	24	ACC	0.861582	Loss	0.472770	AUC	0.680263	AUPRC	0.266640	TN	304	FP	0	FN	49	TP	1
Fold	5	TestEpoch	24	ACC	0.901639	Loss	0.273965	AUC	0.801515	AUPRC	0.290826	TN	110	FP	0	FN	12	TP	0
Fold	5	TrainEpoch	25	ACC	0.900424	Loss	0.164531	AUC	0.986739	AUPRC	0.918285	TN	1213	FP	3	FN	138	TP	62
Fold	5	ValEpoch	25	ACC	0.853107	Loss	0.512309	AUC	0.682961	AUPRC	0.245648	TN	301	FP	3	FN	49	TP	1
Fold	5	TestEpoch	25	ACC	0.885246	Loss	0.294671	AUC	0.801515	AUPRC	0.297149	TN	108	FP	2	FN	12	TP	0
Fold	5	TrainEpoch	26	ACC	0.922316	Loss	0.171827	AUC	0.980177	AUPRC	0.895445	TN	1210	FP	6	FN	104	TP	96
Fold	5	ValEpoch	26	ACC	0.861582	Loss	0.454138	AUC	0.759934	AUPRC	0.386046	TN	299	FP	5	FN	44	TP	6
Fold	5	TestEpoch	26	ACC	0.877049	Loss	0.314424	AUC	0.793939	AUPRC	0.313239	TN	104	FP	6	FN	9	TP	3
Fold	5	TrainEpoch	27	ACC	0.926554	Loss	0.143262	AUC	0.994823	AUPRC	0.964310	TN	1213	FP	3	FN	101	TP	99
Fold	5	ValEpoch	27	ACC	0.870056	Loss	0.443824	AUC	0.749145	AUPRC	0.379193	TN	303	FP	1	FN	45	TP	5
Fold	5	TestEpoch	27	ACC	0.885246	Loss	0.269879	AUC	0.823485	AUPRC	0.347367	TN	106	FP	4	FN	10	TP	2
Fold	5	TrainEpoch	28	ACC	0.949153	Loss	0.122579	AUC	0.997430	AUPRC	0.980433	TN	1212	FP	4	FN	68	TP	132
Fold	5	ValEpoch	28	ACC	0.864407	Loss	0.470105	AUC	0.728355	AUPRC	0.351695	TN	303	FP	1	FN	47	TP	3
Fold	5	TestEpoch	28	ACC	0.901639	Loss	0.274502	AUC	0.816667	AUPRC	0.372869	TN	107	FP	3	FN	9	TP	3
Fold	5	TrainEpoch	29	ACC	0.968220	Loss	0.110788	AUC	0.999387	AUPRC	0.995880	TN	1215	FP	1	FN	44	TP	156
Fold	5	ValEpoch	29	ACC	0.861582	Loss	0.569674	AUC	0.726776	AUPRC	0.315775	TN	303	FP	1	FN	48	TP	2
Fold	5	TestEpoch	29	ACC	0.868852	Loss	0.308239	AUC	0.813636	AUPRC	0.302594	TN	106	FP	4	FN	12	TP	0
Fold	5	TrainEpoch	30	ACC	0.987288	Loss	0.102211	AUC	0.999021	AUPRC	0.992627	TN	1213	FP	3	FN	15	TP	185
Fold	5	ValEpoch	30	ACC	0.870056	Loss	0.590433	AUC	0.766711	AUPRC	0.398706	TN	303	FP	1	FN	45	TP	5
Fold	5	TestEpoch	30	ACC	0.893443	Loss	0.317178	AUC	0.818939	AUPRC	0.339957	TN	106	FP	4	FN	9	TP	3
Fold	5	TrainEpoch	31	ACC	0.989407	Loss	0.090553	AUC	0.999745	AUPRC	0.998161	TN	1215	FP	1	FN	14	TP	186
Fold	5	ValEpoch	31	ACC	0.867232	Loss	0.525891	AUC	0.764211	AUPRC	0.389467	TN	302	FP	2	FN	45	TP	5
Fold	5	TestEpoch	31	ACC	0.893443	Loss	0.324116	AUC	0.822727	AUPRC	0.364890	TN	105	FP	5	FN	8	TP	4
Fold	5	TrainEpoch	32	ACC	0.994350	Loss	0.081670	AUC	0.999737	AUPRC	0.998089	TN	1215	FP	1	FN	7	TP	193
Fold	5	ValEpoch	32	ACC	0.855932	Loss	0.529706	AUC	0.764605	AUPRC	0.386067	TN	297	FP	7	FN	44	TP	6
Fold	5	TestEpoch	32	ACC	0.885246	Loss	0.338006	AUC	0.804545	AUPRC	0.314611	TN	103	FP	7	FN	7	TP	5
Fold	5	TrainEpoch	33	ACC	0.998588	Loss	0.075787	AUC	0.999938	AUPRC	0.999613	TN	1215	FP	1	FN	1	TP	199
Fold	5	ValEpoch	33	ACC	0.861582	Loss	0.687136	AUC	0.749013	AUPRC	0.361736	TN	301	FP	3	FN	46	TP	4
Fold	5	TestEpoch	33	ACC	0.877049	Loss	0.328327	AUC	0.827273	AUPRC	0.314356	TN	106	FP	4	FN	11	TP	1
Fold	5	TrainEpoch	34	ACC	0.999294	Loss	0.068568	AUC	0.999975	AUPRC	0.999849	TN	1215	FP	1	FN	0	TP	200
Fold	5	ValEpoch	34	ACC	0.872881	Loss	0.668809	AUC	0.746316	AUPRC	0.395817	TN	303	FP	1	FN	44	TP	6
Fold	5	TestEpoch	34	ACC	0.893443	Loss	0.319609	AUC	0.831061	AUPRC	0.347793	TN	105	FP	5	FN	8	TP	4
Fold	5	TrainEpoch	35	ACC	0.999294	Loss	0.065419	AUC	0.999934	AUPRC	0.999586	TN	1215	FP	1	FN	0	TP	200
Fold	5	ValEpoch	35	ACC	0.867232	Loss	0.691024	AUC	0.752237	AUPRC	0.383901	TN	302	FP	2	FN	45	TP	5
Fold	5	TestEpoch	35	ACC	0.893443	Loss	0.339403	AUC	0.824242	AUPRC	0.336770	TN	105	FP	5	FN	8	TP	4
Fold	5	TrainEpoch	36	ACC	0.999294	Loss	0.061476	AUC	0.999996	AUPRC	0.999975	TN	1215	FP	1	FN	0	TP	200
Fold	5	ValEpoch	36	ACC	0.864407	Loss	0.703142	AUC	0.750724	AUPRC	0.368035	TN	300	FP	4	FN	44	TP	6
Fold	5	TestEpoch	36	ACC	0.901639	Loss	0.361902	AUC	0.824242	AUPRC	0.348404	TN	104	FP	6	FN	6	TP	6
Fold	5	TrainEpoch	37	ACC	0.999294	Loss	0.058445	AUC	0.999848	AUPRC	0.998986	TN	1215	FP	1	FN	0	TP	200
Fold	5	ValEpoch	37	ACC	0.864407	Loss	0.703165	AUC	0.749539	AUPRC	0.369359	TN	301	FP	3	FN	45	TP	5
Fold	5	TestEpoch	37	ACC	0.893443	Loss	0.368336	AUC	0.806061	AUPRC	0.333076	TN	105	FP	5	FN	8	TP	4
Fold	5	TrainEpoch	38	ACC	0.999294	Loss	0.055629	AUC	1.000000	AUPRC	1.000000	TN	1215	FP	1	FN	0	TP	200
Fold	5	ValEpoch	38	ACC	0.864407	Loss	0.765342	AUC	0.755263	AUPRC	0.395654	TN	301	FP	3	FN	45	TP	5
Fold	5	TestEpoch	38	ACC	0.893443	Loss	0.374398	AUC	0.820455	AUPRC	0.324571	TN	105	FP	5	FN	8	TP	4
Fold	5	TrainEpoch	39	ACC	0.999294	Loss	0.052858	AUC	0.999988	AUPRC	0.999925	TN	1215	FP	1	FN	0	TP	200
Fold	5	ValEpoch	39	ACC	0.867232	Loss	0.756155	AUC	0.747171	AUPRC	0.371157	TN	301	FP	3	FN	44	TP	6
Fold	5	TestEpoch	39	ACC	0.901639	Loss	0.396767	AUC	0.814394	AUPRC	0.317616	TN	104	FP	6	FN	6	TP	6
Fold	5	TrainEpoch	40	ACC	0.999294	Loss	0.050532	AUC	1.000000	AUPRC	1.000000	TN	1215	FP	1	FN	0	TP	200
Fold	5	ValEpoch	40	ACC	0.861582	Loss	0.790230	AUC	0.727039	AUPRC	0.366714	TN	300	FP	4	FN	45	TP	5
Fold	5	TestEpoch	40	ACC	0.885246	Loss	0.354781	AUC	0.827273	AUPRC	0.354122	TN	104	FP	6	FN	8	TP	4
Fold	5	TrainEpoch	41	ACC	0.999294	Loss	0.048145	AUC	0.999988	AUPRC	0.999925	TN	1215	FP	1	FN	0	TP	200
Fold	5	ValEpoch	41	ACC	0.864407	Loss	0.768106	AUC	0.748882	AUPRC	0.369441	TN	300	FP	4	FN	44	TP	6
Fold	5	TestEpoch	41	ACC	0.877049	Loss	0.413611	AUC	0.806061	AUPRC	0.319586	TN	102	FP	8	FN	7	TP	5
Fold	5	TrainEpoch	42	ACC	0.999294	Loss	0.046139	AUC	0.999720	AUPRC	0.997942	TN	1215	FP	1	FN	0	TP	200
Fold	5	ValEpoch	42	ACC	0.861582	Loss	0.856437	AUC	0.717632	AUPRC	0.374580	TN	300	FP	4	FN	45	TP	5
Fold	5	TestEpoch	42	ACC	0.893443	Loss	0.372157	AUC	0.814394	AUPRC	0.315408	TN	105	FP	5	FN	8	TP	4
Fold	5	TrainEpoch	43	ACC	0.999294	Loss	0.043928	AUC	0.999992	AUPRC	0.999950	TN	1215	FP	1	FN	0	TP	200
Fold	5	ValEpoch	43	ACC	0.870056	Loss	0.772976	AUC	0.752171	AUPRC	0.367152	TN	302	FP	2	FN	44	TP	6
Fold	5	TestEpoch	43	ACC	0.909836	Loss	0.392375	AUC	0.822727	AUPRC	0.353862	TN	105	FP	5	FN	6	TP	6
Fold	5	TrainEpoch	44	ACC	0.999294	Loss	0.041595	AUC	1.000000	AUPRC	1.000000	TN	1215	FP	1	FN	0	TP	200
Fold	5	ValEpoch	44	ACC	0.861582	Loss	0.818204	AUC	0.746711	AUPRC	0.381951	TN	300	FP	4	FN	45	TP	5
Fold	5	TestEpoch	44	ACC	0.901639	Loss	0.373916	AUC	0.823485	AUPRC	0.333119	TN	105	FP	5	FN	7	TP	5
Fold	5	TrainEpoch	45	ACC	0.999294	Loss	0.039400	AUC	1.000000	AUPRC	1.000000	TN	1215	FP	1	FN	0	TP	200
Fold	5	ValEpoch	45	ACC	0.867232	Loss	0.783465	AUC	0.756974	AUPRC	0.373652	TN	301	FP	3	FN	44	TP	6
Fold	5	TestEpoch	45	ACC	0.901639	Loss	0.395523	AUC	0.819697	AUPRC	0.353995	TN	105	FP	5	FN	7	TP	5
Fold	5	TrainEpoch	46	ACC	0.999294	Loss	0.037437	AUC	1.000000	AUPRC	1.000000	TN	1215	FP	1	FN	0	TP	200
Fold	5	ValEpoch	46	ACC	0.861582	Loss	0.789354	AUC	0.761250	AUPRC	0.384815	TN	299	FP	5	FN	44	TP	6
Fold	5	TestEpoch	46	ACC	0.893443	Loss	0.393895	AUC	0.814394	AUPRC	0.334764	TN	105	FP	5	FN	8	TP	4
Fold	5	TrainEpoch	47	ACC	0.999294	Loss	0.034984	AUC	1.000000	AUPRC	1.000000	TN	1215	FP	1	FN	0	TP	200
Fold	5	ValEpoch	47	ACC	0.861582	Loss	0.787115	AUC	0.754276	AUPRC	0.376495	TN	298	FP	6	FN	43	TP	7
Fold	5	TestEpoch	47	ACC	0.893443	Loss	0.381869	AUC	0.825758	AUPRC	0.326095	TN	103	FP	7	FN	6	TP	6
Fold	5	TrainEpoch	48	ACC	0.999294	Loss	0.032820	AUC	0.999996	AUPRC	0.999975	TN	1215	FP	1	FN	0	TP	200
Fold	5	ValEpoch	48	ACC	0.864407	Loss	0.831853	AUC	0.737500	AUPRC	0.371025	TN	299	FP	5	FN	43	TP	7
Fold	5	TestEpoch	48	ACC	0.877049	Loss	0.389508	AUC	0.821970	AUPRC	0.315251	TN	103	FP	7	FN	8	TP	4
Fold	5	TrainEpoch	49	ACC	0.999294	Loss	0.029273	AUC	1.000000	AUPRC	1.000000	TN	1215	FP	1	FN	0	TP	200
Fold	5	ValEpoch	49	ACC	0.861582	Loss	0.775843	AUC	0.755658	AUPRC	0.384860	TN	298	FP	6	FN	43	TP	7
Fold	5	TestEpoch	49	ACC	0.877049	Loss	0.360933	AUC	0.840152	AUPRC	0.348434	TN	102	FP	8	FN	7	TP	5
