/home/lauren/target_data/preprocessed_images_20190315.pickle
Fold	1	TrainEpoch	0	ACC	0.559322	Loss	0.678290	AUC	0.491003	AUPRC	0.153470	TN	712	FP	504	FN	120	TP	80
Fold	1	ValEpoch	0	ACC	0.858757	Loss	0.559811	AUC	0.406250	AUPRC	0.139446	TN	304	FP	0	FN	50	TP	0
Fold	1	TestEpoch	0	ACC	0.901639	Loss	0.544203	AUC	0.364394	AUPRC	0.078945	TN	110	FP	0	FN	12	TP	0
Fold	1	TrainEpoch	1	ACC	0.858757	Loss	0.493716	AUC	0.479256	AUPRC	0.139335	TN	1216	FP	0	FN	200	TP	0
Fold	1	ValEpoch	1	ACC	0.858757	Loss	0.433288	AUC	0.416184	AUPRC	0.163325	TN	304	FP	0	FN	50	TP	0
Fold	1	TestEpoch	1	ACC	0.901639	Loss	0.366540	AUC	0.391667	AUPRC	0.083814	TN	110	FP	0	FN	12	TP	0
Fold	1	TrainEpoch	2	ACC	0.858757	Loss	0.425479	AUC	0.488252	AUPRC	0.139835	TN	1216	FP	0	FN	200	TP	0
Fold	1	ValEpoch	2	ACC	0.858757	Loss	0.425480	AUC	0.491974	AUPRC	0.182210	TN	304	FP	0	FN	50	TP	0
Fold	1	TestEpoch	2	ACC	0.901639	Loss	0.336995	AUC	0.421970	AUPRC	0.085863	TN	110	FP	0	FN	12	TP	0
Fold	1	TrainEpoch	3	ACC	0.858757	Loss	0.434412	AUC	0.490333	AUPRC	0.139835	TN	1216	FP	0	FN	200	TP	0
Fold	1	ValEpoch	3	ACC	0.858757	Loss	0.424937	AUC	0.511645	AUPRC	0.184975	TN	304	FP	0	FN	50	TP	0
Fold	1	TestEpoch	3	ACC	0.901639	Loss	0.325665	AUC	0.521970	AUPRC	0.117994	TN	110	FP	0	FN	12	TP	0
Fold	1	TrainEpoch	4	ACC	0.858757	Loss	0.409737	AUC	0.585473	AUPRC	0.183130	TN	1216	FP	0	FN	200	TP	0
Fold	1	ValEpoch	4	ACC	0.858757	Loss	0.404111	AUC	0.575066	AUPRC	0.230933	TN	304	FP	0	FN	50	TP	0
Fold	1	TestEpoch	4	ACC	0.901639	Loss	0.318214	AUC	0.621970	AUPRC	0.137145	TN	110	FP	0	FN	12	TP	0
Fold	1	TrainEpoch	5	ACC	0.858757	Loss	0.393664	AUC	0.658927	AUPRC	0.240697	TN	1216	FP	0	FN	200	TP	0
Fold	1	ValEpoch	5	ACC	0.858757	Loss	0.395566	AUC	0.622763	AUPRC	0.264986	TN	304	FP	0	FN	50	TP	0
Fold	1	TestEpoch	5	ACC	0.901639	Loss	0.318787	AUC	0.696212	AUPRC	0.181926	TN	110	FP	0	FN	12	TP	0
Fold	1	TrainEpoch	6	ACC	0.858757	Loss	0.385221	AUC	0.713030	AUPRC	0.330971	TN	1216	FP	0	FN	200	TP	0
Fold	1	ValEpoch	6	ACC	0.858757	Loss	0.391114	AUC	0.665592	AUPRC	0.294026	TN	304	FP	0	FN	50	TP	0
Fold	1	TestEpoch	6	ACC	0.901639	Loss	0.316612	AUC	0.767424	AUPRC	0.255633	TN	110	FP	0	FN	12	TP	0
Fold	1	TrainEpoch	7	ACC	0.858757	Loss	0.378988	AUC	0.750169	AUPRC	0.340440	TN	1216	FP	0	FN	200	TP	0
Fold	1	ValEpoch	7	ACC	0.858757	Loss	0.385921	AUC	0.689605	AUPRC	0.303369	TN	304	FP	0	FN	50	TP	0
Fold	1	TestEpoch	7	ACC	0.901639	Loss	0.305732	AUC	0.810606	AUPRC	0.293427	TN	110	FP	0	FN	12	TP	0
Fold	1	TrainEpoch	8	ACC	0.858757	Loss	0.370753	AUC	0.765337	AUPRC	0.375890	TN	1216	FP	0	FN	200	TP	0
Fold	1	ValEpoch	8	ACC	0.858757	Loss	0.388265	AUC	0.635000	AUPRC	0.315150	TN	304	FP	0	FN	50	TP	0
Fold	1	TestEpoch	8	ACC	0.901639	Loss	0.291824	AUC	0.812879	AUPRC	0.300549	TN	110	FP	0	FN	12	TP	0
Fold	1	TrainEpoch	9	ACC	0.858757	Loss	0.364351	AUC	0.773368	AUPRC	0.418236	TN	1216	FP	0	FN	200	TP	0
Fold	1	ValEpoch	9	ACC	0.858757	Loss	0.374228	AUC	0.712961	AUPRC	0.367449	TN	304	FP	0	FN	50	TP	0
Fold	1	TestEpoch	9	ACC	0.901639	Loss	0.302876	AUC	0.746970	AUPRC	0.253286	TN	110	FP	0	FN	12	TP	0
Fold	1	TrainEpoch	10	ACC	0.858757	Loss	0.357326	AUC	0.787730	AUPRC	0.436733	TN	1216	FP	0	FN	200	TP	0
Fold	1	ValEpoch	10	ACC	0.858757	Loss	0.375031	AUC	0.701645	AUPRC	0.358243	TN	304	FP	0	FN	50	TP	0
Fold	1	TestEpoch	10	ACC	0.901639	Loss	0.294180	AUC	0.760606	AUPRC	0.257532	TN	110	FP	0	FN	12	TP	0
Fold	1	TrainEpoch	11	ACC	0.858757	Loss	0.353623	AUC	0.795132	AUPRC	0.446309	TN	1216	FP	0	FN	200	TP	0
Fold	1	ValEpoch	11	ACC	0.858757	Loss	0.372939	AUC	0.697105	AUPRC	0.373162	TN	304	FP	0	FN	50	TP	0
Fold	1	TestEpoch	11	ACC	0.901639	Loss	0.284038	AUC	0.790152	AUPRC	0.279267	TN	110	FP	0	FN	12	TP	0
Fold	1	TrainEpoch	12	ACC	0.858757	Loss	0.350510	AUC	0.793059	AUPRC	0.453057	TN	1216	FP	0	FN	200	TP	0
Fold	1	ValEpoch	12	ACC	0.858757	Loss	0.371569	AUC	0.704145	AUPRC	0.378254	TN	304	FP	0	FN	50	TP	0
Fold	1	TestEpoch	12	ACC	0.901639	Loss	0.287002	AUC	0.777273	AUPRC	0.279216	TN	110	FP	0	FN	12	TP	0
Fold	1	TrainEpoch	13	ACC	0.858757	Loss	0.344731	AUC	0.803524	AUPRC	0.470490	TN	1216	FP	0	FN	200	TP	0
Fold	1	ValEpoch	13	ACC	0.858757	Loss	0.363693	AUC	0.725987	AUPRC	0.413018	TN	304	FP	0	FN	50	TP	0
Fold	1	TestEpoch	13	ACC	0.901639	Loss	0.280090	AUC	0.809091	AUPRC	0.286624	TN	110	FP	0	FN	12	TP	0
Fold	1	TrainEpoch	14	ACC	0.858757	Loss	0.341035	AUC	0.809844	AUPRC	0.470237	TN	1216	FP	0	FN	200	TP	0
Fold	1	ValEpoch	14	ACC	0.858757	Loss	0.365228	AUC	0.727697	AUPRC	0.387776	TN	304	FP	0	FN	50	TP	0
Fold	1	TestEpoch	14	ACC	0.901639	Loss	0.287695	AUC	0.760606	AUPRC	0.252739	TN	110	FP	0	FN	12	TP	0
Fold	1	TrainEpoch	15	ACC	0.858757	Loss	0.338419	AUC	0.809593	AUPRC	0.480908	TN	1216	FP	0	FN	200	TP	0
Fold	1	ValEpoch	15	ACC	0.858757	Loss	0.360716	AUC	0.733026	AUPRC	0.403592	TN	304	FP	0	FN	50	TP	0
Fold	1	TestEpoch	15	ACC	0.901639	Loss	0.279317	AUC	0.802273	AUPRC	0.303635	TN	110	FP	0	FN	12	TP	0
Fold	1	TrainEpoch	16	ACC	0.858757	Loss	0.332714	AUC	0.823178	AUPRC	0.491399	TN	1216	FP	0	FN	200	TP	0
Fold	1	ValEpoch	16	ACC	0.858757	Loss	0.363369	AUC	0.728224	AUPRC	0.376934	TN	304	FP	0	FN	50	TP	0
Fold	1	TestEpoch	16	ACC	0.901639	Loss	0.279979	AUC	0.772727	AUPRC	0.306469	TN	110	FP	0	FN	12	TP	0
Fold	1	TrainEpoch	17	ACC	0.858757	Loss	0.331039	AUC	0.824535	AUPRC	0.502339	TN	1216	FP	0	FN	200	TP	0
Fold	1	ValEpoch	17	ACC	0.858757	Loss	0.364928	AUC	0.720526	AUPRC	0.373115	TN	304	FP	0	FN	50	TP	0
Fold	1	TestEpoch	17	ACC	0.901639	Loss	0.279153	AUC	0.782576	AUPRC	0.293524	TN	110	FP	0	FN	12	TP	0
Fold	1	TrainEpoch	18	ACC	0.858757	Loss	0.330455	AUC	0.822611	AUPRC	0.489470	TN	1216	FP	0	FN	200	TP	0
Fold	1	ValEpoch	18	ACC	0.858757	Loss	0.363324	AUC	0.729671	AUPRC	0.382493	TN	304	FP	0	FN	50	TP	0
Fold	1	TestEpoch	18	ACC	0.901639	Loss	0.278252	AUC	0.790909	AUPRC	0.279345	TN	110	FP	0	FN	12	TP	0
Fold	1	TrainEpoch	19	ACC	0.858757	Loss	0.326147	AUC	0.830703	AUPRC	0.503732	TN	1216	FP	0	FN	200	TP	0
Fold	1	ValEpoch	19	ACC	0.858757	Loss	0.359133	AUC	0.737105	AUPRC	0.406140	TN	304	FP	0	FN	50	TP	0
Fold	1	TestEpoch	19	ACC	0.901639	Loss	0.279009	AUC	0.788636	AUPRC	0.276018	TN	110	FP	0	FN	12	TP	0
Fold	1	TrainEpoch	20	ACC	0.858757	Loss	0.321404	AUC	0.837833	AUPRC	0.520922	TN	1216	FP	0	FN	200	TP	0
Fold	1	ValEpoch	20	ACC	0.858757	Loss	0.360389	AUC	0.733224	AUPRC	0.412895	TN	304	FP	0	FN	50	TP	0
Fold	1	TestEpoch	20	ACC	0.901639	Loss	0.274716	AUC	0.806818	AUPRC	0.281286	TN	110	FP	0	FN	12	TP	0
Fold	1	TrainEpoch	21	ACC	0.858757	Loss	0.321299	AUC	0.836361	AUPRC	0.517491	TN	1216	FP	0	FN	200	TP	0
Fold	1	ValEpoch	21	ACC	0.858757	Loss	0.357940	AUC	0.740592	AUPRC	0.394997	TN	304	FP	0	FN	50	TP	0
Fold	1	TestEpoch	21	ACC	0.901639	Loss	0.269889	AUC	0.811364	AUPRC	0.296451	TN	110	FP	0	FN	12	TP	0
Fold	1	TrainEpoch	22	ACC	0.858757	Loss	0.317532	AUC	0.845259	AUPRC	0.534903	TN	1216	FP	0	FN	200	TP	0
Fold	1	ValEpoch	22	ACC	0.858757	Loss	0.360180	AUC	0.730000	AUPRC	0.402378	TN	304	FP	0	FN	50	TP	0
Fold	1	TestEpoch	22	ACC	0.901639	Loss	0.274454	AUC	0.794697	AUPRC	0.286648	TN	110	FP	0	FN	12	TP	0
Fold	1	TrainEpoch	23	ACC	0.858757	Loss	0.316014	AUC	0.845428	AUPRC	0.538240	TN	1216	FP	0	FN	200	TP	0
Fold	1	ValEpoch	23	ACC	0.858757	Loss	0.354971	AUC	0.751316	AUPRC	0.391074	TN	304	FP	0	FN	50	TP	0
Fold	1	TestEpoch	23	ACC	0.901639	Loss	0.274995	AUC	0.793182	AUPRC	0.344206	TN	110	FP	0	FN	12	TP	0
Fold	1	TrainEpoch	24	ACC	0.858757	Loss	0.314312	AUC	0.848158	AUPRC	0.549252	TN	1216	FP	0	FN	200	TP	0
Fold	1	ValEpoch	24	ACC	0.858757	Loss	0.357286	AUC	0.744342	AUPRC	0.410011	TN	304	FP	0	FN	50	TP	0
Fold	1	TestEpoch	24	ACC	0.901639	Loss	0.272280	AUC	0.804545	AUPRC	0.289114	TN	110	FP	0	FN	12	TP	0
Fold	1	TrainEpoch	25	ACC	0.858757	Loss	0.312247	AUC	0.850820	AUPRC	0.555778	TN	1216	FP	0	FN	200	TP	0
Fold	1	ValEpoch	25	ACC	0.858757	Loss	0.357503	AUC	0.746908	AUPRC	0.419848	TN	304	FP	0	FN	50	TP	0
Fold	1	TestEpoch	25	ACC	0.901639	Loss	0.268798	AUC	0.814394	AUPRC	0.341141	TN	110	FP	0	FN	12	TP	0
Fold	1	TrainEpoch	26	ACC	0.858757	Loss	0.308559	AUC	0.857525	AUPRC	0.548341	TN	1216	FP	0	FN	200	TP	0
Fold	1	ValEpoch	26	ACC	0.858757	Loss	0.364743	AUC	0.721513	AUPRC	0.417772	TN	304	FP	0	FN	50	TP	0
Fold	1	TestEpoch	26	ACC	0.901639	Loss	0.263638	AUC	0.831818	AUPRC	0.296158	TN	110	FP	0	FN	12	TP	0
Fold	1	TrainEpoch	27	ACC	0.858757	Loss	0.303899	AUC	0.866727	AUPRC	0.579271	TN	1216	FP	0	FN	200	TP	0
Fold	1	ValEpoch	27	ACC	0.858757	Loss	0.357904	AUC	0.746118	AUPRC	0.409064	TN	304	FP	0	FN	50	TP	0
Fold	1	TestEpoch	27	ACC	0.901639	Loss	0.261544	AUC	0.832576	AUPRC	0.332909	TN	110	FP	0	FN	12	TP	0
Fold	1	TrainEpoch	28	ACC	0.858757	Loss	0.303185	AUC	0.867442	AUPRC	0.578482	TN	1216	FP	0	FN	200	TP	0
Fold	1	ValEpoch	28	ACC	0.858757	Loss	0.364191	AUC	0.728882	AUPRC	0.418913	TN	304	FP	0	FN	50	TP	0
Fold	1	TestEpoch	28	ACC	0.901639	Loss	0.272709	AUC	0.790152	AUPRC	0.288273	TN	110	FP	0	FN	12	TP	0
Fold	1	TrainEpoch	29	ACC	0.858757	Loss	0.300161	AUC	0.874046	AUPRC	0.586385	TN	1216	FP	0	FN	200	TP	0
Fold	1	ValEpoch	29	ACC	0.858757	Loss	0.359911	AUC	0.742039	AUPRC	0.400887	TN	304	FP	0	FN	50	TP	0
Fold	1	TestEpoch	29	ACC	0.901639	Loss	0.278284	AUC	0.776515	AUPRC	0.279578	TN	110	FP	0	FN	12	TP	0
Fold	1	TrainEpoch	30	ACC	0.858757	Loss	0.296435	AUC	0.881020	AUPRC	0.595693	TN	1216	FP	0	FN	200	TP	0
Fold	1	ValEpoch	30	ACC	0.858757	Loss	0.356238	AUC	0.746513	AUPRC	0.415097	TN	304	FP	0	FN	50	TP	0
Fold	1	TestEpoch	30	ACC	0.901639	Loss	0.270063	AUC	0.808333	AUPRC	0.307670	TN	110	FP	0	FN	12	TP	0
Fold	1	TrainEpoch	31	ACC	0.858757	Loss	0.294861	AUC	0.881542	AUPRC	0.613145	TN	1216	FP	0	FN	200	TP	0
Fold	1	ValEpoch	31	ACC	0.858757	Loss	0.354111	AUC	0.753618	AUPRC	0.421518	TN	304	FP	0	FN	50	TP	0
Fold	1	TestEpoch	31	ACC	0.901639	Loss	0.272842	AUC	0.791667	AUPRC	0.292999	TN	110	FP	0	FN	12	TP	0
Fold	1	TrainEpoch	32	ACC	0.858757	Loss	0.295262	AUC	0.880290	AUPRC	0.607599	TN	1216	FP	0	FN	200	TP	0
Fold	1	ValEpoch	32	ACC	0.858757	Loss	0.356092	AUC	0.751645	AUPRC	0.433428	TN	304	FP	0	FN	50	TP	0
Fold	1	TestEpoch	32	ACC	0.901639	Loss	0.267348	AUC	0.809848	AUPRC	0.309249	TN	110	FP	0	FN	12	TP	0
Fold	1	TrainEpoch	33	ACC	0.858757	Loss	0.292367	AUC	0.884531	AUPRC	0.622367	TN	1216	FP	0	FN	200	TP	0
Fold	1	ValEpoch	33	ACC	0.858757	Loss	0.350214	AUC	0.768684	AUPRC	0.404082	TN	304	FP	0	FN	50	TP	0
Fold	1	TestEpoch	33	ACC	0.901639	Loss	0.268650	AUC	0.810606	AUPRC	0.314127	TN	110	FP	0	FN	12	TP	0
Fold	1	TrainEpoch	34	ACC	0.858757	Loss	0.285513	AUC	0.896678	AUPRC	0.638032	TN	1216	FP	0	FN	200	TP	0
Fold	1	ValEpoch	34	ACC	0.858757	Loss	0.360042	AUC	0.743158	AUPRC	0.407852	TN	304	FP	0	FN	50	TP	0
Fold	1	TestEpoch	34	ACC	0.901639	Loss	0.255592	AUC	0.834091	AUPRC	0.345667	TN	110	FP	0	FN	12	TP	0
Fold	1	TrainEpoch	35	ACC	0.858757	Loss	0.280825	AUC	0.906957	AUPRC	0.647347	TN	1216	FP	0	FN	200	TP	0
Fold	1	ValEpoch	35	ACC	0.858757	Loss	0.358673	AUC	0.749539	AUPRC	0.423158	TN	304	FP	0	FN	50	TP	0
Fold	1	TestEpoch	35	ACC	0.901639	Loss	0.261532	AUC	0.821212	AUPRC	0.366947	TN	110	FP	0	FN	12	TP	0
Fold	1	TrainEpoch	36	ACC	0.858757	Loss	0.281504	AUC	0.903417	AUPRC	0.645839	TN	1216	FP	0	FN	200	TP	0
Fold	1	ValEpoch	36	ACC	0.858757	Loss	0.364572	AUC	0.730921	AUPRC	0.403013	TN	304	FP	0	FN	50	TP	0
Fold	1	TestEpoch	36	ACC	0.901639	Loss	0.268664	AUC	0.806061	AUPRC	0.322083	TN	110	FP	0	FN	12	TP	0
Fold	1	TrainEpoch	37	ACC	0.858757	Loss	0.279025	AUC	0.907101	AUPRC	0.663793	TN	1216	FP	0	FN	200	TP	0
Fold	1	ValEpoch	37	ACC	0.858757	Loss	0.354830	AUC	0.756382	AUPRC	0.398015	TN	304	FP	0	FN	50	TP	0
Fold	1	TestEpoch	37	ACC	0.901639	Loss	0.263458	AUC	0.812121	AUPRC	0.320991	TN	110	FP	0	FN	12	TP	0
Fold	1	TrainEpoch	38	ACC	0.858757	Loss	0.273829	AUC	0.914338	AUPRC	0.672746	TN	1216	FP	0	FN	200	TP	0
Fold	1	ValEpoch	38	ACC	0.858757	Loss	0.351958	AUC	0.767961	AUPRC	0.442496	TN	304	FP	0	FN	50	TP	0
Fold	1	TestEpoch	38	ACC	0.901639	Loss	0.257220	AUC	0.831061	AUPRC	0.321741	TN	110	FP	0	FN	12	TP	0
Fold	1	TrainEpoch	39	ACC	0.858757	Loss	0.270677	AUC	0.919280	AUPRC	0.683685	TN	1216	FP	0	FN	200	TP	0
Fold	1	ValEpoch	39	ACC	0.858757	Loss	0.361170	AUC	0.739408	AUPRC	0.412994	TN	304	FP	0	FN	50	TP	0
Fold	1	TestEpoch	39	ACC	0.901639	Loss	0.254945	AUC	0.841667	AUPRC	0.302326	TN	110	FP	0	FN	12	TP	0
Fold	1	TrainEpoch	40	ACC	0.858757	Loss	0.267140	AUC	0.924650	AUPRC	0.705468	TN	1216	FP	0	FN	200	TP	0
Fold	1	ValEpoch	40	ACC	0.858757	Loss	0.358314	AUC	0.752434	AUPRC	0.402009	TN	304	FP	0	FN	50	TP	0
Fold	1	TestEpoch	40	ACC	0.901639	Loss	0.267761	AUC	0.801515	AUPRC	0.312148	TN	110	FP	0	FN	12	TP	0
Fold	1	TrainEpoch	41	ACC	0.858757	Loss	0.265557	AUC	0.925489	AUPRC	0.702567	TN	1216	FP	0	FN	200	TP	0
Fold	1	ValEpoch	41	ACC	0.858757	Loss	0.357839	AUC	0.753947	AUPRC	0.411685	TN	304	FP	0	FN	50	TP	0
Fold	1	TestEpoch	41	ACC	0.901639	Loss	0.260450	AUC	0.818939	AUPRC	0.324517	TN	110	FP	0	FN	12	TP	0
Fold	1	TrainEpoch	42	ACC	0.858757	Loss	0.260493	AUC	0.934313	AUPRC	0.708773	TN	1216	FP	0	FN	200	TP	0
Fold	1	ValEpoch	42	ACC	0.858757	Loss	0.357608	AUC	0.759803	AUPRC	0.424216	TN	304	FP	0	FN	50	TP	0
Fold	1	TestEpoch	42	ACC	0.901639	Loss	0.259769	AUC	0.813636	AUPRC	0.311920	TN	110	FP	0	FN	12	TP	0
Fold	1	TrainEpoch	43	ACC	0.858757	Loss	0.257097	AUC	0.939330	AUPRC	0.735481	TN	1216	FP	0	FN	200	TP	0
Fold	1	ValEpoch	43	ACC	0.858757	Loss	0.351896	AUC	0.773684	AUPRC	0.430862	TN	304	FP	0	FN	50	TP	0
Fold	1	TestEpoch	43	ACC	0.901639	Loss	0.270158	AUC	0.798485	AUPRC	0.310192	TN	110	FP	0	FN	12	TP	0
Fold	1	TrainEpoch	44	ACC	0.858757	Loss	0.254623	AUC	0.939231	AUPRC	0.733852	TN	1216	FP	0	FN	200	TP	0
Fold	1	ValEpoch	44	ACC	0.858757	Loss	0.360324	AUC	0.751579	AUPRC	0.431255	TN	304	FP	0	FN	50	TP	0
Fold	1	TestEpoch	44	ACC	0.901639	Loss	0.261961	AUC	0.809091	AUPRC	0.300040	TN	110	FP	0	FN	12	TP	0
Fold	1	TrainEpoch	45	ACC	0.858757	Loss	0.250187	AUC	0.943980	AUPRC	0.752243	TN	1216	FP	0	FN	200	TP	0
Fold	1	ValEpoch	45	ACC	0.858757	Loss	0.350067	AUC	0.772697	AUPRC	0.464169	TN	304	FP	0	FN	50	TP	0
Fold	1	TestEpoch	45	ACC	0.901639	Loss	0.252819	AUC	0.830303	AUPRC	0.339556	TN	110	FP	0	FN	12	TP	0
Fold	1	TrainEpoch	46	ACC	0.858757	Loss	0.245531	AUC	0.951998	AUPRC	0.774328	TN	1216	FP	0	FN	200	TP	0
Fold	1	ValEpoch	46	ACC	0.858757	Loss	0.355268	AUC	0.765724	AUPRC	0.425047	TN	304	FP	0	FN	50	TP	0
Fold	1	TestEpoch	46	ACC	0.901639	Loss	0.254811	AUC	0.825000	AUPRC	0.378950	TN	110	FP	0	FN	12	TP	0
Fold	1	TrainEpoch	47	ACC	0.859463	Loss	0.245785	AUC	0.948409	AUPRC	0.772856	TN	1216	FP	0	FN	199	TP	1
Fold	1	ValEpoch	47	ACC	0.858757	Loss	0.358314	AUC	0.753882	AUPRC	0.433029	TN	304	FP	0	FN	50	TP	0
Fold	1	TestEpoch	47	ACC	0.901639	Loss	0.248272	AUC	0.834091	AUPRC	0.401844	TN	110	FP	0	FN	12	TP	0
Fold	1	TrainEpoch	48	ACC	0.858757	Loss	0.240143	AUC	0.955913	AUPRC	0.793114	TN	1216	FP	0	FN	200	TP	0
Fold	1	ValEpoch	48	ACC	0.858757	Loss	0.359773	AUC	0.752961	AUPRC	0.435334	TN	304	FP	0	FN	50	TP	0
Fold	1	TestEpoch	48	ACC	0.901639	Loss	0.256029	AUC	0.818939	AUPRC	0.328732	TN	110	FP	0	FN	12	TP	0
Fold	1	TrainEpoch	49	ACC	0.858757	Loss	0.233814	AUC	0.962035	AUPRC	0.809627	TN	1216	FP	0	FN	200	TP	0
Fold	1	ValEpoch	49	ACC	0.858757	Loss	0.357963	AUC	0.766645	AUPRC	0.439086	TN	304	FP	0	FN	50	TP	0
Fold	1	TestEpoch	49	ACC	0.901639	Loss	0.259302	AUC	0.813636	AUPRC	0.313294	TN	110	FP	0	FN	12	TP	0
Fold	2	TrainEpoch	0	ACC	0.781073	Loss	0.633632	AUC	0.520752	AUPRC	0.153906	TN	1084	FP	132	FN	178	TP	22
Fold	2	ValEpoch	0	ACC	0.858757	Loss	0.548247	AUC	0.436579	AUPRC	0.129614	TN	304	FP	0	FN	50	TP	0
Fold	2	TestEpoch	0	ACC	0.901639	Loss	0.522789	AUC	0.387121	AUPRC	0.080528	TN	110	FP	0	FN	12	TP	0
Fold	2	TrainEpoch	1	ACC	0.858757	Loss	0.497190	AUC	0.450201	AUPRC	0.126069	TN	1216	FP	0	FN	200	TP	0
Fold	2	ValEpoch	1	ACC	0.858757	Loss	0.439598	AUC	0.441776	AUPRC	0.129879	TN	304	FP	0	FN	50	TP	0
Fold	2	TestEpoch	1	ACC	0.901639	Loss	0.378551	AUC	0.408333	AUPRC	0.084377	TN	110	FP	0	FN	12	TP	0
Fold	2	TrainEpoch	2	ACC	0.858757	Loss	0.424661	AUC	0.485358	AUPRC	0.143536	TN	1216	FP	0	FN	200	TP	0
Fold	2	ValEpoch	2	ACC	0.858757	Loss	0.435878	AUC	0.469803	AUPRC	0.132559	TN	304	FP	0	FN	50	TP	0
Fold	2	TestEpoch	2	ACC	0.901639	Loss	0.342771	AUC	0.403030	AUPRC	0.088897	TN	110	FP	0	FN	12	TP	0
Fold	2	TrainEpoch	3	ACC	0.858757	Loss	0.429995	AUC	0.492220	AUPRC	0.151081	TN	1216	FP	0	FN	200	TP	0
Fold	2	ValEpoch	3	ACC	0.858757	Loss	0.436756	AUC	0.449737	AUPRC	0.135719	TN	304	FP	0	FN	50	TP	0
Fold	2	TestEpoch	3	ACC	0.901639	Loss	0.343323	AUC	0.375000	AUPRC	0.080637	TN	110	FP	0	FN	12	TP	0
Fold	2	TrainEpoch	4	ACC	0.858757	Loss	0.417510	AUC	0.538162	AUPRC	0.164604	TN	1216	FP	0	FN	200	TP	0
Fold	2	ValEpoch	4	ACC	0.858757	Loss	0.412557	AUC	0.525526	AUPRC	0.154315	TN	304	FP	0	FN	50	TP	0
Fold	2	TestEpoch	4	ACC	0.901639	Loss	0.332309	AUC	0.435606	AUPRC	0.088831	TN	110	FP	0	FN	12	TP	0
Fold	2	TrainEpoch	5	ACC	0.858757	Loss	0.401306	AUC	0.585354	AUPRC	0.198585	TN	1216	FP	0	FN	200	TP	0
Fold	2	ValEpoch	5	ACC	0.858757	Loss	0.406644	AUC	0.545461	AUPRC	0.180595	TN	304	FP	0	FN	50	TP	0
Fold	2	TestEpoch	5	ACC	0.901639	Loss	0.336424	AUC	0.478788	AUPRC	0.094742	TN	110	FP	0	FN	12	TP	0
Fold	2	TrainEpoch	6	ACC	0.858757	Loss	0.394923	AUC	0.651275	AUPRC	0.233462	TN	1216	FP	0	FN	200	TP	0
Fold	2	ValEpoch	6	ACC	0.858757	Loss	0.402306	AUC	0.590263	AUPRC	0.216031	TN	304	FP	0	FN	50	TP	0
Fold	2	TestEpoch	6	ACC	0.901639	Loss	0.327794	AUC	0.673485	AUPRC	0.177153	TN	110	FP	0	FN	12	TP	0
Fold	2	TrainEpoch	7	ACC	0.858757	Loss	0.385416	AUC	0.732447	AUPRC	0.299829	TN	1216	FP	0	FN	200	TP	0
Fold	2	ValEpoch	7	ACC	0.858757	Loss	0.394467	AUC	0.636316	AUPRC	0.258073	TN	304	FP	0	FN	50	TP	0
Fold	2	TestEpoch	7	ACC	0.901639	Loss	0.325103	AUC	0.613636	AUPRC	0.148343	TN	110	FP	0	FN	12	TP	0
Fold	2	TrainEpoch	8	ACC	0.858757	Loss	0.380201	AUC	0.732738	AUPRC	0.339575	TN	1216	FP	0	FN	200	TP	0
Fold	2	ValEpoch	8	ACC	0.858757	Loss	0.389634	AUC	0.657632	AUPRC	0.292081	TN	304	FP	0	FN	50	TP	0
Fold	2	TestEpoch	8	ACC	0.901639	Loss	0.309339	AUC	0.748485	AUPRC	0.234191	TN	110	FP	0	FN	12	TP	0
Fold	2	TrainEpoch	9	ACC	0.858757	Loss	0.373086	AUC	0.758072	AUPRC	0.375739	TN	1216	FP	0	FN	200	TP	0
Fold	2	ValEpoch	9	ACC	0.858757	Loss	0.389466	AUC	0.669013	AUPRC	0.275641	TN	304	FP	0	FN	50	TP	0
Fold	2	TestEpoch	9	ACC	0.901639	Loss	0.304179	AUC	0.715909	AUPRC	0.261581	TN	110	FP	0	FN	12	TP	0
Fold	2	TrainEpoch	10	ACC	0.858757	Loss	0.372080	AUC	0.750473	AUPRC	0.376313	TN	1216	FP	0	FN	200	TP	0
Fold	2	ValEpoch	10	ACC	0.858757	Loss	0.381731	AUC	0.689276	AUPRC	0.338501	TN	304	FP	0	FN	50	TP	0
Fold	2	TestEpoch	10	ACC	0.901639	Loss	0.298250	AUC	0.769697	AUPRC	0.306081	TN	110	FP	0	FN	12	TP	0
Fold	2	TrainEpoch	11	ACC	0.858757	Loss	0.365173	AUC	0.778211	AUPRC	0.402832	TN	1216	FP	0	FN	200	TP	0
Fold	2	ValEpoch	11	ACC	0.858757	Loss	0.376651	AUC	0.712566	AUPRC	0.350597	TN	304	FP	0	FN	50	TP	0
Fold	2	TestEpoch	11	ACC	0.901639	Loss	0.304153	AUC	0.748485	AUPRC	0.240612	TN	110	FP	0	FN	12	TP	0
Fold	2	TrainEpoch	12	ACC	0.858757	Loss	0.359791	AUC	0.785814	AUPRC	0.430773	TN	1216	FP	0	FN	200	TP	0
Fold	2	ValEpoch	12	ACC	0.858757	Loss	0.379249	AUC	0.699342	AUPRC	0.325840	TN	304	FP	0	FN	50	TP	0
Fold	2	TestEpoch	12	ACC	0.901639	Loss	0.291910	AUC	0.798485	AUPRC	0.258608	TN	110	FP	0	FN	12	TP	0
Fold	2	TrainEpoch	13	ACC	0.858757	Loss	0.355317	AUC	0.790325	AUPRC	0.441460	TN	1216	FP	0	FN	200	TP	0
Fold	2	ValEpoch	13	ACC	0.858757	Loss	0.375490	AUC	0.708092	AUPRC	0.357019	TN	304	FP	0	FN	50	TP	0
Fold	2	TestEpoch	13	ACC	0.901639	Loss	0.288512	AUC	0.796212	AUPRC	0.337993	TN	110	FP	0	FN	12	TP	0
Fold	2	TrainEpoch	14	ACC	0.858757	Loss	0.349616	AUC	0.800839	AUPRC	0.466935	TN	1216	FP	0	FN	200	TP	0
Fold	2	ValEpoch	14	ACC	0.858757	Loss	0.372553	AUC	0.719276	AUPRC	0.355526	TN	304	FP	0	FN	50	TP	0
Fold	2	TestEpoch	14	ACC	0.901639	Loss	0.299266	AUC	0.733333	AUPRC	0.243146	TN	110	FP	0	FN	12	TP	0
Fold	2	TrainEpoch	15	ACC	0.858757	Loss	0.348267	AUC	0.799708	AUPRC	0.467845	TN	1216	FP	0	FN	200	TP	0
Fold	2	ValEpoch	15	ACC	0.858757	Loss	0.367551	AUC	0.736513	AUPRC	0.370747	TN	304	FP	0	FN	50	TP	0
Fold	2	TestEpoch	15	ACC	0.901639	Loss	0.293614	AUC	0.759091	AUPRC	0.283323	TN	110	FP	0	FN	12	TP	0
Fold	2	TrainEpoch	16	ACC	0.858757	Loss	0.342310	AUC	0.814704	AUPRC	0.466848	TN	1216	FP	0	FN	200	TP	0
Fold	2	ValEpoch	16	ACC	0.858757	Loss	0.362481	AUC	0.749539	AUPRC	0.370758	TN	304	FP	0	FN	50	TP	0
Fold	2	TestEpoch	16	ACC	0.901639	Loss	0.279422	AUC	0.807576	AUPRC	0.291550	TN	110	FP	0	FN	12	TP	0
Fold	2	TrainEpoch	17	ACC	0.858757	Loss	0.338164	AUC	0.820715	AUPRC	0.500042	TN	1216	FP	0	FN	200	TP	0
Fold	2	ValEpoch	17	ACC	0.858757	Loss	0.367990	AUC	0.726711	AUPRC	0.362355	TN	304	FP	0	FN	50	TP	0
Fold	2	TestEpoch	17	ACC	0.901639	Loss	0.292128	AUC	0.759848	AUPRC	0.258315	TN	110	FP	0	FN	12	TP	0
Fold	2	TrainEpoch	18	ACC	0.858757	Loss	0.337158	AUC	0.817233	AUPRC	0.494677	TN	1216	FP	0	FN	200	TP	0
Fold	2	ValEpoch	18	ACC	0.858757	Loss	0.367034	AUC	0.732039	AUPRC	0.351930	TN	304	FP	0	FN	50	TP	0
Fold	2	TestEpoch	18	ACC	0.901639	Loss	0.283804	AUC	0.779545	AUPRC	0.285494	TN	110	FP	0	FN	12	TP	0
Fold	2	TrainEpoch	19	ACC	0.858757	Loss	0.331074	AUC	0.830345	AUPRC	0.521992	TN	1216	FP	0	FN	200	TP	0
Fold	2	ValEpoch	19	ACC	0.858757	Loss	0.368056	AUC	0.727829	AUPRC	0.352988	TN	304	FP	0	FN	50	TP	0
Fold	2	TestEpoch	19	ACC	0.901639	Loss	0.282131	AUC	0.774242	AUPRC	0.287886	TN	110	FP	0	FN	12	TP	0
Fold	2	TrainEpoch	20	ACC	0.858757	Loss	0.329101	AUC	0.832808	AUPRC	0.514004	TN	1216	FP	0	FN	200	TP	0
Fold	2	ValEpoch	20	ACC	0.858757	Loss	0.366925	AUC	0.726776	AUPRC	0.368635	TN	304	FP	0	FN	50	TP	0
Fold	2	TestEpoch	20	ACC	0.901639	Loss	0.283689	AUC	0.773485	AUPRC	0.293974	TN	110	FP	0	FN	12	TP	0
Fold	2	TrainEpoch	21	ACC	0.858757	Loss	0.324736	AUC	0.837578	AUPRC	0.526145	TN	1216	FP	0	FN	200	TP	0
Fold	2	ValEpoch	21	ACC	0.858757	Loss	0.363787	AUC	0.738026	AUPRC	0.391392	TN	304	FP	0	FN	50	TP	0
Fold	2	TestEpoch	21	ACC	0.901639	Loss	0.291447	AUC	0.756061	AUPRC	0.234394	TN	110	FP	0	FN	12	TP	0
Fold	2	TrainEpoch	22	ACC	0.858757	Loss	0.322171	AUC	0.842747	AUPRC	0.530822	TN	1216	FP	0	FN	200	TP	0
Fold	2	ValEpoch	22	ACC	0.858757	Loss	0.367419	AUC	0.734671	AUPRC	0.387165	TN	304	FP	0	FN	50	TP	0
Fold	2	TestEpoch	22	ACC	0.901639	Loss	0.279941	AUC	0.782576	AUPRC	0.284373	TN	110	FP	0	FN	12	TP	0
Fold	2	TrainEpoch	23	ACC	0.858757	Loss	0.317599	AUC	0.850119	AUPRC	0.556336	TN	1216	FP	0	FN	200	TP	0
Fold	2	ValEpoch	23	ACC	0.858757	Loss	0.370133	AUC	0.714013	AUPRC	0.360763	TN	304	FP	0	FN	50	TP	0
Fold	2	TestEpoch	23	ACC	0.901639	Loss	0.282399	AUC	0.774242	AUPRC	0.284327	TN	110	FP	0	FN	12	TP	0
Fold	2	TrainEpoch	24	ACC	0.858757	Loss	0.317055	AUC	0.848997	AUPRC	0.556060	TN	1216	FP	0	FN	200	TP	0
Fold	2	ValEpoch	24	ACC	0.858757	Loss	0.365466	AUC	0.731579	AUPRC	0.362710	TN	304	FP	0	FN	50	TP	0
Fold	2	TestEpoch	24	ACC	0.901639	Loss	0.282248	AUC	0.776515	AUPRC	0.297831	TN	110	FP	0	FN	12	TP	0
Fold	2	TrainEpoch	25	ACC	0.858757	Loss	0.314149	AUC	0.851739	AUPRC	0.560957	TN	1216	FP	0	FN	200	TP	0
Fold	2	ValEpoch	25	ACC	0.858757	Loss	0.367951	AUC	0.726645	AUPRC	0.352649	TN	304	FP	0	FN	50	TP	0
Fold	2	TestEpoch	25	ACC	0.901639	Loss	0.271545	AUC	0.809091	AUPRC	0.295471	TN	110	FP	0	FN	12	TP	0
Fold	2	TrainEpoch	26	ACC	0.858757	Loss	0.309828	AUC	0.862574	AUPRC	0.572886	TN	1216	FP	0	FN	200	TP	0
Fold	2	ValEpoch	26	ACC	0.858757	Loss	0.368652	AUC	0.722763	AUPRC	0.362884	TN	304	FP	0	FN	50	TP	0
Fold	2	TestEpoch	26	ACC	0.901639	Loss	0.281396	AUC	0.768939	AUPRC	0.262288	TN	110	FP	0	FN	12	TP	0
Fold	2	TrainEpoch	27	ACC	0.858757	Loss	0.308998	AUC	0.859272	AUPRC	0.567370	TN	1216	FP	0	FN	200	TP	0
Fold	2	ValEpoch	27	ACC	0.858757	Loss	0.364245	AUC	0.738158	AUPRC	0.386761	TN	304	FP	0	FN	50	TP	0
Fold	2	TestEpoch	27	ACC	0.901639	Loss	0.273335	AUC	0.792424	AUPRC	0.275057	TN	110	FP	0	FN	12	TP	0
Fold	2	TrainEpoch	28	ACC	0.858757	Loss	0.308434	AUC	0.859017	AUPRC	0.566193	TN	1216	FP	0	FN	200	TP	0
Fold	2	ValEpoch	28	ACC	0.858757	Loss	0.368496	AUC	0.721711	AUPRC	0.354930	TN	304	FP	0	FN	50	TP	0
Fold	2	TestEpoch	28	ACC	0.901639	Loss	0.277987	AUC	0.780303	AUPRC	0.306283	TN	110	FP	0	FN	12	TP	0
Fold	2	TrainEpoch	29	ACC	0.858757	Loss	0.303751	AUC	0.869918	AUPRC	0.597533	TN	1216	FP	0	FN	200	TP	0
Fold	2	ValEpoch	29	ACC	0.858757	Loss	0.365429	AUC	0.731447	AUPRC	0.367574	TN	304	FP	0	FN	50	TP	0
Fold	2	TestEpoch	29	ACC	0.901639	Loss	0.269993	AUC	0.815152	AUPRC	0.302252	TN	110	FP	0	FN	12	TP	0
Fold	2	TrainEpoch	30	ACC	0.858757	Loss	0.298708	AUC	0.879823	AUPRC	0.602875	TN	1216	FP	0	FN	200	TP	0
Fold	2	ValEpoch	30	ACC	0.858757	Loss	0.375859	AUC	0.707763	AUPRC	0.358735	TN	304	FP	0	FN	50	TP	0
Fold	2	TestEpoch	30	ACC	0.901639	Loss	0.271712	AUC	0.796970	AUPRC	0.316582	TN	110	FP	0	FN	12	TP	0
Fold	2	TrainEpoch	31	ACC	0.858757	Loss	0.299510	AUC	0.876176	AUPRC	0.597224	TN	1216	FP	0	FN	200	TP	0
Fold	2	ValEpoch	31	ACC	0.858757	Loss	0.374351	AUC	0.713487	AUPRC	0.358121	TN	304	FP	0	FN	50	TP	0
Fold	2	TestEpoch	31	ACC	0.901639	Loss	0.273193	AUC	0.787121	AUPRC	0.277897	TN	110	FP	0	FN	12	TP	0
Fold	2	TrainEpoch	32	ACC	0.858757	Loss	0.296725	AUC	0.879630	AUPRC	0.614296	TN	1216	FP	0	FN	200	TP	0
Fold	2	ValEpoch	32	ACC	0.858757	Loss	0.374856	AUC	0.716579	AUPRC	0.368296	TN	304	FP	0	FN	50	TP	0
Fold	2	TestEpoch	32	ACC	0.901639	Loss	0.269260	AUC	0.800758	AUPRC	0.286863	TN	110	FP	0	FN	12	TP	0
Fold	2	TrainEpoch	33	ACC	0.858757	Loss	0.294455	AUC	0.880740	AUPRC	0.619467	TN	1216	FP	0	FN	200	TP	0
Fold	2	ValEpoch	33	ACC	0.858757	Loss	0.359672	AUC	0.754605	AUPRC	0.363180	TN	304	FP	0	FN	50	TP	0
Fold	2	TestEpoch	33	ACC	0.901639	Loss	0.273906	AUC	0.790909	AUPRC	0.311385	TN	110	FP	0	FN	12	TP	0
Fold	2	TrainEpoch	34	ACC	0.858757	Loss	0.288297	AUC	0.893606	AUPRC	0.640330	TN	1216	FP	0	FN	200	TP	0
Fold	2	ValEpoch	34	ACC	0.858757	Loss	0.366432	AUC	0.729934	AUPRC	0.339900	TN	304	FP	0	FN	50	TP	0
Fold	2	TestEpoch	34	ACC	0.901639	Loss	0.269708	AUC	0.803030	AUPRC	0.387120	TN	110	FP	0	FN	12	TP	0
Fold	2	TrainEpoch	35	ACC	0.858757	Loss	0.288317	AUC	0.891682	AUPRC	0.651753	TN	1216	FP	0	FN	200	TP	0
Fold	2	ValEpoch	35	ACC	0.858757	Loss	0.361826	AUC	0.742895	AUPRC	0.386287	TN	304	FP	0	FN	50	TP	0
Fold	2	TestEpoch	35	ACC	0.901639	Loss	0.273963	AUC	0.786364	AUPRC	0.292011	TN	110	FP	0	FN	12	TP	0
Fold	2	TrainEpoch	36	ACC	0.858757	Loss	0.285582	AUC	0.897734	AUPRC	0.641762	TN	1216	FP	0	FN	200	TP	0
Fold	2	ValEpoch	36	ACC	0.858757	Loss	0.363388	AUC	0.733618	AUPRC	0.353547	TN	304	FP	0	FN	50	TP	0
Fold	2	TestEpoch	36	ACC	0.901639	Loss	0.273426	AUC	0.798485	AUPRC	0.307552	TN	110	FP	0	FN	12	TP	0
Fold	2	TrainEpoch	37	ACC	0.858757	Loss	0.283785	AUC	0.900008	AUPRC	0.660648	TN	1216	FP	0	FN	200	TP	0
Fold	2	ValEpoch	37	ACC	0.858757	Loss	0.366036	AUC	0.732500	AUPRC	0.390744	TN	304	FP	0	FN	50	TP	0
Fold	2	TestEpoch	37	ACC	0.901639	Loss	0.277754	AUC	0.786364	AUPRC	0.302123	TN	110	FP	0	FN	12	TP	0
Fold	2	TrainEpoch	38	ACC	0.858757	Loss	0.276233	AUC	0.912060	AUPRC	0.686746	TN	1216	FP	0	FN	200	TP	0
Fold	2	ValEpoch	38	ACC	0.858757	Loss	0.371876	AUC	0.724145	AUPRC	0.362650	TN	304	FP	0	FN	50	TP	0
Fold	2	TestEpoch	38	ACC	0.901639	Loss	0.276069	AUC	0.781061	AUPRC	0.287094	TN	110	FP	0	FN	12	TP	0
Fold	2	TrainEpoch	39	ACC	0.858757	Loss	0.275153	AUC	0.909716	AUPRC	0.686588	TN	1216	FP	0	FN	200	TP	0
Fold	2	ValEpoch	39	ACC	0.858757	Loss	0.369865	AUC	0.733026	AUPRC	0.350401	TN	304	FP	0	FN	50	TP	0
Fold	2	TestEpoch	39	ACC	0.901639	Loss	0.262561	AUC	0.815909	AUPRC	0.339759	TN	110	FP	0	FN	12	TP	0
Fold	2	TrainEpoch	40	ACC	0.858757	Loss	0.272874	AUC	0.915185	AUPRC	0.706005	TN	1216	FP	0	FN	200	TP	0
Fold	2	ValEpoch	40	ACC	0.858757	Loss	0.371767	AUC	0.727566	AUPRC	0.353307	TN	304	FP	0	FN	50	TP	0
Fold	2	TestEpoch	40	ACC	0.901639	Loss	0.270158	AUC	0.794697	AUPRC	0.305154	TN	110	FP	0	FN	12	TP	0
Fold	2	TrainEpoch	41	ACC	0.858757	Loss	0.271132	AUC	0.916624	AUPRC	0.707584	TN	1216	FP	0	FN	200	TP	0
Fold	2	ValEpoch	41	ACC	0.858757	Loss	0.369441	AUC	0.732368	AUPRC	0.390376	TN	304	FP	0	FN	50	TP	0
Fold	2	TestEpoch	41	ACC	0.901639	Loss	0.268977	AUC	0.808333	AUPRC	0.331816	TN	110	FP	0	FN	12	TP	0
Fold	2	TrainEpoch	42	ACC	0.858757	Loss	0.262972	AUC	0.928598	AUPRC	0.723752	TN	1216	FP	0	FN	200	TP	0
Fold	2	ValEpoch	42	ACC	0.858757	Loss	0.365621	AUC	0.740921	AUPRC	0.370033	TN	304	FP	0	FN	50	TP	0
Fold	2	TestEpoch	42	ACC	0.901639	Loss	0.272807	AUC	0.796970	AUPRC	0.324049	TN	110	FP	0	FN	12	TP	0
Fold	2	TrainEpoch	43	ACC	0.858757	Loss	0.262239	AUC	0.930321	AUPRC	0.729127	TN	1216	FP	0	FN	200	TP	0
Fold	2	ValEpoch	43	ACC	0.858757	Loss	0.370921	AUC	0.734211	AUPRC	0.357711	TN	304	FP	0	FN	50	TP	0
Fold	2	TestEpoch	43	ACC	0.901639	Loss	0.268580	AUC	0.802273	AUPRC	0.296320	TN	110	FP	0	FN	12	TP	0
Fold	2	TrainEpoch	44	ACC	0.858757	Loss	0.258945	AUC	0.934301	AUPRC	0.747181	TN	1216	FP	0	FN	200	TP	0
Fold	2	ValEpoch	44	ACC	0.858757	Loss	0.363169	AUC	0.744342	AUPRC	0.378198	TN	304	FP	0	FN	50	TP	0
Fold	2	TestEpoch	44	ACC	0.901639	Loss	0.273725	AUC	0.784848	AUPRC	0.403741	TN	110	FP	0	FN	12	TP	0
Fold	2	TrainEpoch	45	ACC	0.858757	Loss	0.253504	AUC	0.938183	AUPRC	0.755804	TN	1216	FP	0	FN	200	TP	0
Fold	2	ValEpoch	45	ACC	0.858757	Loss	0.367198	AUC	0.741842	AUPRC	0.358468	TN	304	FP	0	FN	50	TP	0
Fold	2	TestEpoch	45	ACC	0.901639	Loss	0.271774	AUC	0.800000	AUPRC	0.337518	TN	110	FP	0	FN	12	TP	0
Fold	2	TrainEpoch	46	ACC	0.858757	Loss	0.251542	AUC	0.943495	AUPRC	0.772401	TN	1216	FP	0	FN	200	TP	0
Fold	2	ValEpoch	46	ACC	0.858757	Loss	0.380505	AUC	0.718882	AUPRC	0.354745	TN	304	FP	0	FN	50	TP	0
Fold	2	TestEpoch	46	ACC	0.901639	Loss	0.274211	AUC	0.790152	AUPRC	0.385374	TN	110	FP	0	FN	12	TP	0
Fold	2	TrainEpoch	47	ACC	0.858757	Loss	0.246908	AUC	0.946139	AUPRC	0.775060	TN	1216	FP	0	FN	200	TP	0
Fold	2	ValEpoch	47	ACC	0.858757	Loss	0.362869	AUC	0.745724	AUPRC	0.367323	TN	304	FP	0	FN	50	TP	0
Fold	2	TestEpoch	47	ACC	0.901639	Loss	0.260973	AUC	0.824242	AUPRC	0.349006	TN	110	FP	0	FN	12	TP	0
Fold	2	TrainEpoch	48	ACC	0.860169	Loss	0.243867	AUC	0.952738	AUPRC	0.785715	TN	1216	FP	0	FN	198	TP	2
Fold	2	ValEpoch	48	ACC	0.858757	Loss	0.373952	AUC	0.735724	AUPRC	0.367040	TN	304	FP	0	FN	50	TP	0
Fold	2	TestEpoch	48	ACC	0.901639	Loss	0.271325	AUC	0.793939	AUPRC	0.357383	TN	110	FP	0	FN	12	TP	0
Fold	2	TrainEpoch	49	ACC	0.859463	Loss	0.239178	AUC	0.954700	AUPRC	0.810001	TN	1216	FP	0	FN	199	TP	1
Fold	2	ValEpoch	49	ACC	0.858757	Loss	0.377144	AUC	0.720329	AUPRC	0.330193	TN	304	FP	0	FN	50	TP	0
Fold	2	TestEpoch	49	ACC	0.901639	Loss	0.273201	AUC	0.804545	AUPRC	0.417147	TN	110	FP	0	FN	12	TP	0
Fold	3	TrainEpoch	0	ACC	0.701977	Loss	0.647449	AUC	0.489213	AUPRC	0.138026	TN	956	FP	260	FN	162	TP	38
Fold	3	ValEpoch	0	ACC	0.858757	Loss	0.543358	AUC	0.439605	AUPRC	0.126482	TN	304	FP	0	FN	50	TP	0
Fold	3	TestEpoch	0	ACC	0.901639	Loss	0.519524	AUC	0.402273	AUPRC	0.175382	TN	110	FP	0	FN	12	TP	0
Fold	3	TrainEpoch	1	ACC	0.858757	Loss	0.487818	AUC	0.451131	AUPRC	0.129723	TN	1216	FP	0	FN	200	TP	0
Fold	3	ValEpoch	1	ACC	0.858757	Loss	0.429556	AUC	0.463947	AUPRC	0.136418	TN	304	FP	0	FN	50	TP	0
Fold	3	TestEpoch	1	ACC	0.901639	Loss	0.365965	AUC	0.431061	AUPRC	0.088154	TN	110	FP	0	FN	12	TP	0
Fold	3	TrainEpoch	2	ACC	0.858757	Loss	0.429462	AUC	0.458947	AUPRC	0.135294	TN	1216	FP	0	FN	200	TP	0
Fold	3	ValEpoch	2	ACC	0.858757	Loss	0.423024	AUC	0.519934	AUPRC	0.175418	TN	304	FP	0	FN	50	TP	0
Fold	3	TestEpoch	2	ACC	0.901639	Loss	0.335476	AUC	0.487879	AUPRC	0.111521	TN	110	FP	0	FN	12	TP	0
Fold	3	TrainEpoch	3	ACC	0.858757	Loss	0.434646	AUC	0.480115	AUPRC	0.141983	TN	1216	FP	0	FN	200	TP	0
Fold	3	ValEpoch	3	ACC	0.858757	Loss	0.413675	AUC	0.573092	AUPRC	0.178505	TN	304	FP	0	FN	50	TP	0
Fold	3	TestEpoch	3	ACC	0.901639	Loss	0.330696	AUC	0.488636	AUPRC	0.106522	TN	110	FP	0	FN	12	TP	0
Fold	3	TrainEpoch	4	ACC	0.858757	Loss	0.421842	AUC	0.510658	AUPRC	0.151818	TN	1216	FP	0	FN	200	TP	0
Fold	3	ValEpoch	4	ACC	0.858757	Loss	0.403071	AUC	0.594145	AUPRC	0.181694	TN	304	FP	0	FN	50	TP	0
Fold	3	TestEpoch	4	ACC	0.901639	Loss	0.329340	AUC	0.509091	AUPRC	0.110381	TN	110	FP	0	FN	12	TP	0
Fold	3	TrainEpoch	5	ACC	0.858757	Loss	0.401277	AUC	0.577652	AUPRC	0.203071	TN	1216	FP	0	FN	200	TP	0
Fold	3	ValEpoch	5	ACC	0.858757	Loss	0.394704	AUC	0.659737	AUPRC	0.235460	TN	304	FP	0	FN	50	TP	0
Fold	3	TestEpoch	5	ACC	0.901639	Loss	0.328926	AUC	0.659091	AUPRC	0.156062	TN	110	FP	0	FN	12	TP	0
Fold	3	TrainEpoch	6	ACC	0.858757	Loss	0.396575	AUC	0.650148	AUPRC	0.234262	TN	1216	FP	0	FN	200	TP	0
Fold	3	ValEpoch	6	ACC	0.858757	Loss	0.388529	AUC	0.733684	AUPRC	0.280038	TN	304	FP	0	FN	50	TP	0
Fold	3	TestEpoch	6	ACC	0.901639	Loss	0.320852	AUC	0.776515	AUPRC	0.290123	TN	110	FP	0	FN	12	TP	0
Fold	3	TrainEpoch	7	ACC	0.858757	Loss	0.388425	AUC	0.699799	AUPRC	0.307561	TN	1216	FP	0	FN	200	TP	0
Fold	3	ValEpoch	7	ACC	0.858757	Loss	0.381705	AUC	0.742368	AUPRC	0.311951	TN	304	FP	0	FN	50	TP	0
Fold	3	TestEpoch	7	ACC	0.901639	Loss	0.328409	AUC	0.623485	AUPRC	0.154677	TN	110	FP	0	FN	12	TP	0
Fold	3	TrainEpoch	8	ACC	0.858757	Loss	0.383026	AUC	0.705169	AUPRC	0.333975	TN	1216	FP	0	FN	200	TP	0
Fold	3	ValEpoch	8	ACC	0.858757	Loss	0.376113	AUC	0.759868	AUPRC	0.366278	TN	304	FP	0	FN	50	TP	0
Fold	3	TestEpoch	8	ACC	0.901639	Loss	0.306338	AUC	0.774242	AUPRC	0.252444	TN	110	FP	0	FN	12	TP	0
Fold	3	TrainEpoch	9	ACC	0.858757	Loss	0.379238	AUC	0.722068	AUPRC	0.356727	TN	1216	FP	0	FN	200	TP	0
Fold	3	ValEpoch	9	ACC	0.858757	Loss	0.367597	AUC	0.784868	AUPRC	0.406485	TN	304	FP	0	FN	50	TP	0
Fold	3	TestEpoch	9	ACC	0.901639	Loss	0.297845	AUC	0.797727	AUPRC	0.311351	TN	110	FP	0	FN	12	TP	0
Fold	3	TrainEpoch	10	ACC	0.858757	Loss	0.373069	AUC	0.741476	AUPRC	0.391658	TN	1216	FP	0	FN	200	TP	0
Fold	3	ValEpoch	10	ACC	0.858757	Loss	0.367883	AUC	0.769342	AUPRC	0.376308	TN	304	FP	0	FN	50	TP	0
Fold	3	TestEpoch	10	ACC	0.901639	Loss	0.306945	AUC	0.730303	AUPRC	0.190361	TN	110	FP	0	FN	12	TP	0
Fold	3	TrainEpoch	11	ACC	0.858757	Loss	0.368344	AUC	0.758162	AUPRC	0.403477	TN	1216	FP	0	FN	200	TP	0
Fold	3	ValEpoch	11	ACC	0.858757	Loss	0.359622	AUC	0.806382	AUPRC	0.405534	TN	304	FP	0	FN	50	TP	0
Fold	3	TestEpoch	11	ACC	0.901639	Loss	0.304583	AUC	0.721212	AUPRC	0.241133	TN	110	FP	0	FN	12	TP	0
Fold	3	TrainEpoch	12	ACC	0.858757	Loss	0.362925	AUC	0.770395	AUPRC	0.433925	TN	1216	FP	0	FN	200	TP	0
Fold	3	ValEpoch	12	ACC	0.858757	Loss	0.356000	AUC	0.810724	AUPRC	0.418693	TN	304	FP	0	FN	50	TP	0
Fold	3	TestEpoch	12	ACC	0.901639	Loss	0.295418	AUC	0.783333	AUPRC	0.266012	TN	110	FP	0	FN	12	TP	0
Fold	3	TrainEpoch	13	ACC	0.858757	Loss	0.362232	AUC	0.762303	AUPRC	0.427515	TN	1216	FP	0	FN	200	TP	0
Fold	3	ValEpoch	13	ACC	0.858757	Loss	0.358212	AUC	0.779474	AUPRC	0.433953	TN	304	FP	0	FN	50	TP	0
Fold	3	TestEpoch	13	ACC	0.901639	Loss	0.291819	AUC	0.782576	AUPRC	0.295489	TN	110	FP	0	FN	12	TP	0
Fold	3	TrainEpoch	14	ACC	0.858757	Loss	0.357218	AUC	0.777648	AUPRC	0.427677	TN	1216	FP	0	FN	200	TP	0
Fold	3	ValEpoch	14	ACC	0.858757	Loss	0.350889	AUC	0.806053	AUPRC	0.422607	TN	304	FP	0	FN	50	TP	0
Fold	3	TestEpoch	14	ACC	0.901639	Loss	0.297832	AUC	0.746970	AUPRC	0.235192	TN	110	FP	0	FN	12	TP	0
Fold	3	TrainEpoch	15	ACC	0.858757	Loss	0.350750	AUC	0.800452	AUPRC	0.454188	TN	1216	FP	0	FN	200	TP	0
Fold	3	ValEpoch	15	ACC	0.858757	Loss	0.348799	AUC	0.805987	AUPRC	0.448105	TN	304	FP	0	FN	50	TP	0
Fold	3	TestEpoch	15	ACC	0.901639	Loss	0.292285	AUC	0.770455	AUPRC	0.302550	TN	110	FP	0	FN	12	TP	0
Fold	3	TrainEpoch	16	ACC	0.858757	Loss	0.346754	AUC	0.801238	AUPRC	0.480203	TN	1216	FP	0	FN	200	TP	0
Fold	3	ValEpoch	16	ACC	0.858757	Loss	0.344289	AUC	0.811645	AUPRC	0.474664	TN	304	FP	0	FN	50	TP	0
Fold	3	TestEpoch	16	ACC	0.901639	Loss	0.288111	AUC	0.763636	AUPRC	0.260996	TN	110	FP	0	FN	12	TP	0
Fold	3	TrainEpoch	17	ACC	0.858757	Loss	0.347125	AUC	0.798487	AUPRC	0.452159	TN	1216	FP	0	FN	200	TP	0
Fold	3	ValEpoch	17	ACC	0.858757	Loss	0.340796	AUC	0.816053	AUPRC	0.492376	TN	304	FP	0	FN	50	TP	0
Fold	3	TestEpoch	17	ACC	0.901639	Loss	0.280368	AUC	0.791667	AUPRC	0.315198	TN	110	FP	0	FN	12	TP	0
Fold	3	TrainEpoch	18	ACC	0.858757	Loss	0.342960	AUC	0.805572	AUPRC	0.480986	TN	1216	FP	0	FN	200	TP	0
Fold	3	ValEpoch	18	ACC	0.858757	Loss	0.336494	AUC	0.823289	AUPRC	0.494742	TN	304	FP	0	FN	50	TP	0
Fold	3	TestEpoch	18	ACC	0.901639	Loss	0.283110	AUC	0.809848	AUPRC	0.271637	TN	110	FP	0	FN	12	TP	0
Fold	3	TrainEpoch	19	ACC	0.858757	Loss	0.342271	AUC	0.802237	AUPRC	0.475354	TN	1216	FP	0	FN	200	TP	0
Fold	3	ValEpoch	19	ACC	0.858757	Loss	0.339756	AUC	0.806316	AUPRC	0.483320	TN	304	FP	0	FN	50	TP	0
Fold	3	TestEpoch	19	ACC	0.901639	Loss	0.287277	AUC	0.773485	AUPRC	0.308478	TN	110	FP	0	FN	12	TP	0
Fold	3	TrainEpoch	20	ACC	0.858757	Loss	0.340395	AUC	0.802693	AUPRC	0.479890	TN	1216	FP	0	FN	200	TP	0
Fold	3	ValEpoch	20	ACC	0.858757	Loss	0.335734	AUC	0.816974	AUPRC	0.477067	TN	304	FP	0	FN	50	TP	0
Fold	3	TestEpoch	20	ACC	0.901639	Loss	0.282501	AUC	0.793939	AUPRC	0.249654	TN	110	FP	0	FN	12	TP	0
Fold	3	TrainEpoch	21	ACC	0.858757	Loss	0.335258	AUC	0.817336	AUPRC	0.478887	TN	1216	FP	0	FN	200	TP	0
Fold	3	ValEpoch	21	ACC	0.858757	Loss	0.331895	AUC	0.822105	AUPRC	0.505451	TN	304	FP	0	FN	50	TP	0
Fold	3	TestEpoch	21	ACC	0.901639	Loss	0.287450	AUC	0.771970	AUPRC	0.277763	TN	110	FP	0	FN	12	TP	0
Fold	3	TrainEpoch	22	ACC	0.858757	Loss	0.333606	AUC	0.817307	AUPRC	0.504360	TN	1216	FP	0	FN	200	TP	0
Fold	3	ValEpoch	22	ACC	0.858757	Loss	0.330186	AUC	0.827566	AUPRC	0.539111	TN	304	FP	0	FN	50	TP	0
Fold	3	TestEpoch	22	ACC	0.901639	Loss	0.276897	AUC	0.797727	AUPRC	0.300778	TN	110	FP	0	FN	12	TP	0
Fold	3	TrainEpoch	23	ACC	0.858757	Loss	0.330404	AUC	0.823549	AUPRC	0.509901	TN	1216	FP	0	FN	200	TP	0
Fold	3	ValEpoch	23	ACC	0.858757	Loss	0.326707	AUC	0.836842	AUPRC	0.495780	TN	304	FP	0	FN	50	TP	0
Fold	3	TestEpoch	23	ACC	0.901639	Loss	0.276673	AUC	0.803030	AUPRC	0.288872	TN	110	FP	0	FN	12	TP	0
Fold	3	TrainEpoch	24	ACC	0.858757	Loss	0.326841	AUC	0.831493	AUPRC	0.519836	TN	1216	FP	0	FN	200	TP	0
Fold	3	ValEpoch	24	ACC	0.858757	Loss	0.330465	AUC	0.825592	AUPRC	0.493938	TN	304	FP	0	FN	50	TP	0
Fold	3	TestEpoch	24	ACC	0.901639	Loss	0.278859	AUC	0.793182	AUPRC	0.302798	TN	110	FP	0	FN	12	TP	0
Fold	3	TrainEpoch	25	ACC	0.858757	Loss	0.325185	AUC	0.833240	AUPRC	0.517143	TN	1216	FP	0	FN	200	TP	0
Fold	3	ValEpoch	25	ACC	0.858757	Loss	0.325425	AUC	0.832961	AUPRC	0.499319	TN	304	FP	0	FN	50	TP	0
Fold	3	TestEpoch	25	ACC	0.901639	Loss	0.282625	AUC	0.777273	AUPRC	0.265896	TN	110	FP	0	FN	12	TP	0
Fold	3	TrainEpoch	26	ACC	0.858757	Loss	0.321632	AUC	0.842714	AUPRC	0.532293	TN	1216	FP	0	FN	200	TP	0
Fold	3	ValEpoch	26	ACC	0.858757	Loss	0.323507	AUC	0.837434	AUPRC	0.518948	TN	304	FP	0	FN	50	TP	0
Fold	3	TestEpoch	26	ACC	0.901639	Loss	0.276116	AUC	0.790152	AUPRC	0.290114	TN	110	FP	0	FN	12	TP	0
Fold	3	TrainEpoch	27	ACC	0.858757	Loss	0.320526	AUC	0.841217	AUPRC	0.545356	TN	1216	FP	0	FN	200	TP	0
Fold	3	ValEpoch	27	ACC	0.858757	Loss	0.326096	AUC	0.827829	AUPRC	0.520872	TN	304	FP	0	FN	50	TP	0
Fold	3	TestEpoch	27	ACC	0.901639	Loss	0.282072	AUC	0.775758	AUPRC	0.276075	TN	110	FP	0	FN	12	TP	0
Fold	3	TrainEpoch	28	ACC	0.858757	Loss	0.318578	AUC	0.845387	AUPRC	0.540768	TN	1216	FP	0	FN	200	TP	0
Fold	3	ValEpoch	28	ACC	0.858757	Loss	0.322371	AUC	0.838026	AUPRC	0.512911	TN	304	FP	0	FN	50	TP	0
Fold	3	TestEpoch	28	ACC	0.901639	Loss	0.275208	AUC	0.793182	AUPRC	0.285371	TN	110	FP	0	FN	12	TP	0
Fold	3	TrainEpoch	29	ACC	0.858757	Loss	0.316070	AUC	0.849108	AUPRC	0.554541	TN	1216	FP	0	FN	200	TP	0
Fold	3	ValEpoch	29	ACC	0.858757	Loss	0.324468	AUC	0.833947	AUPRC	0.506907	TN	304	FP	0	FN	50	TP	0
Fold	3	TestEpoch	29	ACC	0.901639	Loss	0.278834	AUC	0.788636	AUPRC	0.276373	TN	110	FP	0	FN	12	TP	0
Fold	3	TrainEpoch	30	ACC	0.858757	Loss	0.312724	AUC	0.855609	AUPRC	0.563335	TN	1216	FP	0	FN	200	TP	0
Fold	3	ValEpoch	30	ACC	0.858757	Loss	0.324798	AUC	0.831974	AUPRC	0.482822	TN	304	FP	0	FN	50	TP	0
Fold	3	TestEpoch	30	ACC	0.901639	Loss	0.279642	AUC	0.786364	AUPRC	0.270480	TN	110	FP	0	FN	12	TP	0
Fold	3	TrainEpoch	31	ACC	0.858757	Loss	0.312584	AUC	0.856213	AUPRC	0.564602	TN	1216	FP	0	FN	200	TP	0
Fold	3	ValEpoch	31	ACC	0.858757	Loss	0.327026	AUC	0.825263	AUPRC	0.482723	TN	304	FP	0	FN	50	TP	0
Fold	3	TestEpoch	31	ACC	0.901639	Loss	0.279767	AUC	0.785606	AUPRC	0.252268	TN	110	FP	0	FN	12	TP	0
Fold	3	TrainEpoch	32	ACC	0.858757	Loss	0.310410	AUC	0.859338	AUPRC	0.568049	TN	1216	FP	0	FN	200	TP	0
Fold	3	ValEpoch	32	ACC	0.858757	Loss	0.316287	AUC	0.847434	AUPRC	0.532742	TN	304	FP	0	FN	50	TP	0
Fold	3	TestEpoch	32	ACC	0.901639	Loss	0.283091	AUC	0.783333	AUPRC	0.345394	TN	110	FP	0	FN	12	TP	0
Fold	3	TrainEpoch	33	ACC	0.858757	Loss	0.307735	AUC	0.864737	AUPRC	0.590910	TN	1216	FP	0	FN	200	TP	0
Fold	3	ValEpoch	33	ACC	0.858757	Loss	0.322755	AUC	0.830329	AUPRC	0.510379	TN	304	FP	0	FN	50	TP	0
Fold	3	TestEpoch	33	ACC	0.901639	Loss	0.274571	AUC	0.796970	AUPRC	0.298582	TN	110	FP	0	FN	12	TP	0
Fold	3	TrainEpoch	34	ACC	0.858757	Loss	0.303682	AUC	0.871719	AUPRC	0.580312	TN	1216	FP	0	FN	200	TP	0
Fold	3	ValEpoch	34	ACC	0.858757	Loss	0.318106	AUC	0.843092	AUPRC	0.509793	TN	304	FP	0	FN	50	TP	0
Fold	3	TestEpoch	34	ACC	0.901639	Loss	0.278063	AUC	0.784091	AUPRC	0.255094	TN	110	FP	0	FN	12	TP	0
Fold	3	TrainEpoch	35	ACC	0.858757	Loss	0.302292	AUC	0.874248	AUPRC	0.599024	TN	1216	FP	0	FN	200	TP	0
Fold	3	ValEpoch	35	ACC	0.858757	Loss	0.319804	AUC	0.835724	AUPRC	0.539712	TN	304	FP	0	FN	50	TP	0
Fold	3	TestEpoch	35	ACC	0.901639	Loss	0.278276	AUC	0.784848	AUPRC	0.262321	TN	110	FP	0	FN	12	TP	0
Fold	3	TrainEpoch	36	ACC	0.858757	Loss	0.298668	AUC	0.880884	AUPRC	0.617089	TN	1216	FP	0	FN	200	TP	0
Fold	3	ValEpoch	36	ACC	0.858757	Loss	0.321142	AUC	0.832961	AUPRC	0.494617	TN	304	FP	0	FN	50	TP	0
Fold	3	TestEpoch	36	ACC	0.901639	Loss	0.277661	AUC	0.792424	AUPRC	0.292695	TN	110	FP	0	FN	12	TP	0
Fold	3	TrainEpoch	37	ACC	0.858757	Loss	0.294880	AUC	0.888487	AUPRC	0.608611	TN	1216	FP	0	FN	200	TP	0
Fold	3	ValEpoch	37	ACC	0.858757	Loss	0.320636	AUC	0.836711	AUPRC	0.526326	TN	304	FP	0	FN	50	TP	0
Fold	3	TestEpoch	37	ACC	0.901639	Loss	0.271808	AUC	0.800758	AUPRC	0.306228	TN	110	FP	0	FN	12	TP	0
Fold	3	TrainEpoch	38	ACC	0.858757	Loss	0.292522	AUC	0.890411	AUPRC	0.633316	TN	1216	FP	0	FN	200	TP	0
Fold	3	ValEpoch	38	ACC	0.858757	Loss	0.319728	AUC	0.835461	AUPRC	0.515237	TN	304	FP	0	FN	50	TP	0
Fold	3	TestEpoch	38	ACC	0.901639	Loss	0.282266	AUC	0.771970	AUPRC	0.294188	TN	110	FP	0	FN	12	TP	0
Fold	3	TrainEpoch	39	ACC	0.858757	Loss	0.290287	AUC	0.893043	AUPRC	0.645104	TN	1216	FP	0	FN	200	TP	0
Fold	3	ValEpoch	39	ACC	0.858757	Loss	0.322530	AUC	0.827303	AUPRC	0.530302	TN	304	FP	0	FN	50	TP	0
Fold	3	TestEpoch	39	ACC	0.901639	Loss	0.278531	AUC	0.780303	AUPRC	0.289221	TN	110	FP	0	FN	12	TP	0
Fold	3	TrainEpoch	40	ACC	0.858757	Loss	0.287328	AUC	0.897998	AUPRC	0.640721	TN	1216	FP	0	FN	200	TP	0
Fold	3	ValEpoch	40	ACC	0.858757	Loss	0.318410	AUC	0.838158	AUPRC	0.544684	TN	304	FP	0	FN	50	TP	0
Fold	3	TestEpoch	40	ACC	0.901639	Loss	0.269078	AUC	0.804545	AUPRC	0.299668	TN	110	FP	0	FN	12	TP	0
Fold	3	TrainEpoch	41	ACC	0.858757	Loss	0.282214	AUC	0.908257	AUPRC	0.659448	TN	1216	FP	0	FN	200	TP	0
Fold	3	ValEpoch	41	ACC	0.858757	Loss	0.314917	AUC	0.844276	AUPRC	0.535636	TN	304	FP	0	FN	50	TP	0
Fold	3	TestEpoch	41	ACC	0.901639	Loss	0.276747	AUC	0.791667	AUPRC	0.275653	TN	110	FP	0	FN	12	TP	0
Fold	3	TrainEpoch	42	ACC	0.858757	Loss	0.281322	AUC	0.908265	AUPRC	0.670095	TN	1216	FP	0	FN	200	TP	0
Fold	3	ValEpoch	42	ACC	0.858757	Loss	0.312861	AUC	0.848553	AUPRC	0.544126	TN	304	FP	0	FN	50	TP	0
Fold	3	TestEpoch	42	ACC	0.901639	Loss	0.276617	AUC	0.789394	AUPRC	0.314119	TN	110	FP	0	FN	12	TP	0
Fold	3	TrainEpoch	43	ACC	0.858757	Loss	0.275670	AUC	0.915966	AUPRC	0.677053	TN	1216	FP	0	FN	200	TP	0
Fold	3	ValEpoch	43	ACC	0.858757	Loss	0.317630	AUC	0.836513	AUPRC	0.558677	TN	304	FP	0	FN	50	TP	0
Fold	3	TestEpoch	43	ACC	0.901639	Loss	0.275025	AUC	0.796970	AUPRC	0.340553	TN	110	FP	0	FN	12	TP	0
Fold	3	TrainEpoch	44	ACC	0.858757	Loss	0.273801	AUC	0.919465	AUPRC	0.696616	TN	1216	FP	0	FN	200	TP	0
Fold	3	ValEpoch	44	ACC	0.858757	Loss	0.317478	AUC	0.836842	AUPRC	0.540643	TN	304	FP	0	FN	50	TP	0
Fold	3	TestEpoch	44	ACC	0.901639	Loss	0.277817	AUC	0.787879	AUPRC	0.283525	TN	110	FP	0	FN	12	TP	0
Fold	3	TrainEpoch	45	ACC	0.859463	Loss	0.268853	AUC	0.928491	AUPRC	0.719608	TN	1216	FP	0	FN	199	TP	1
Fold	3	ValEpoch	45	ACC	0.858757	Loss	0.317826	AUC	0.838158	AUPRC	0.553025	TN	304	FP	0	FN	50	TP	0
Fold	3	TestEpoch	45	ACC	0.901639	Loss	0.263700	AUC	0.819697	AUPRC	0.325542	TN	110	FP	0	FN	12	TP	0
Fold	3	TrainEpoch	46	ACC	0.858757	Loss	0.266510	AUC	0.930226	AUPRC	0.723415	TN	1216	FP	0	FN	200	TP	0
Fold	3	ValEpoch	46	ACC	0.858757	Loss	0.315155	AUC	0.845592	AUPRC	0.526111	TN	304	FP	0	FN	50	TP	0
Fold	3	TestEpoch	46	ACC	0.901639	Loss	0.270754	AUC	0.793182	AUPRC	0.296264	TN	110	FP	0	FN	12	TP	0
Fold	3	TrainEpoch	47	ACC	0.858757	Loss	0.260894	AUC	0.936756	AUPRC	0.734137	TN	1216	FP	0	FN	200	TP	0
Fold	3	ValEpoch	47	ACC	0.858757	Loss	0.314884	AUC	0.840132	AUPRC	0.561599	TN	304	FP	0	FN	50	TP	0
Fold	3	TestEpoch	47	ACC	0.901639	Loss	0.272942	AUC	0.799242	AUPRC	0.315892	TN	110	FP	0	FN	12	TP	0
Fold	3	TrainEpoch	48	ACC	0.858757	Loss	0.256405	AUC	0.942911	AUPRC	0.759897	TN	1216	FP	0	FN	200	TP	0
Fold	3	ValEpoch	48	ACC	0.858757	Loss	0.316956	AUC	0.839211	AUPRC	0.531758	TN	304	FP	0	FN	50	TP	0
Fold	3	TestEpoch	48	ACC	0.901639	Loss	0.270339	AUC	0.800758	AUPRC	0.310574	TN	110	FP	0	FN	12	TP	0
Fold	3	TrainEpoch	49	ACC	0.859463	Loss	0.254156	AUC	0.943396	AUPRC	0.742037	TN	1216	FP	0	FN	199	TP	1
Fold	3	ValEpoch	49	ACC	0.858757	Loss	0.316977	AUC	0.838553	AUPRC	0.510796	TN	304	FP	0	FN	50	TP	0
Fold	3	TestEpoch	49	ACC	0.901639	Loss	0.266486	AUC	0.809848	AUPRC	0.310538	TN	110	FP	0	FN	12	TP	0
Fold	4	TrainEpoch	0	ACC	0.764831	Loss	0.632310	AUC	0.531916	AUPRC	0.163086	TN	1053	FP	163	FN	170	TP	30
Fold	4	ValEpoch	0	ACC	0.858757	Loss	0.535408	AUC	0.482697	AUPRC	0.134345	TN	304	FP	0	FN	50	TP	0
Fold	4	TestEpoch	0	ACC	0.901639	Loss	0.511401	AUC	0.373485	AUPRC	0.088947	TN	110	FP	0	FN	12	TP	0
Fold	4	TrainEpoch	1	ACC	0.858757	Loss	0.482579	AUC	0.476513	AUPRC	0.149501	TN	1216	FP	0	FN	200	TP	0
Fold	4	ValEpoch	1	ACC	0.858757	Loss	0.425088	AUC	0.479605	AUPRC	0.137939	TN	304	FP	0	FN	50	TP	0
Fold	4	TestEpoch	1	ACC	0.901639	Loss	0.361261	AUC	0.438636	AUPRC	0.088664	TN	110	FP	0	FN	12	TP	0
Fold	4	TrainEpoch	2	ACC	0.858757	Loss	0.427714	AUC	0.466324	AUPRC	0.134184	TN	1216	FP	0	FN	200	TP	0
Fold	4	ValEpoch	2	ACC	0.858757	Loss	0.426028	AUC	0.488092	AUPRC	0.154415	TN	304	FP	0	FN	50	TP	0
Fold	4	TestEpoch	2	ACC	0.901639	Loss	0.335931	AUC	0.442424	AUPRC	0.091526	TN	110	FP	0	FN	12	TP	0
Fold	4	TrainEpoch	3	ACC	0.858757	Loss	0.429046	AUC	0.479227	AUPRC	0.140814	TN	1216	FP	0	FN	200	TP	0
Fold	4	ValEpoch	3	ACC	0.858757	Loss	0.418552	AUC	0.536382	AUPRC	0.157999	TN	304	FP	0	FN	50	TP	0
Fold	4	TestEpoch	3	ACC	0.901639	Loss	0.341218	AUC	0.344697	AUPRC	0.076040	TN	110	FP	0	FN	12	TP	0
Fold	4	TrainEpoch	4	ACC	0.858757	Loss	0.415422	AUC	0.520707	AUPRC	0.167116	TN	1216	FP	0	FN	200	TP	0
Fold	4	ValEpoch	4	ACC	0.858757	Loss	0.402220	AUC	0.582303	AUPRC	0.201756	TN	304	FP	0	FN	50	TP	0
Fold	4	TestEpoch	4	ACC	0.901639	Loss	0.324324	AUC	0.554545	AUPRC	0.130896	TN	110	FP	0	FN	12	TP	0
Fold	4	TrainEpoch	5	ACC	0.858757	Loss	0.398085	AUC	0.608664	AUPRC	0.232555	TN	1216	FP	0	FN	200	TP	0
Fold	4	ValEpoch	5	ACC	0.858757	Loss	0.398695	AUC	0.611118	AUPRC	0.221936	TN	304	FP	0	FN	50	TP	0
Fold	4	TestEpoch	5	ACC	0.901639	Loss	0.313712	AUC	0.800000	AUPRC	0.247985	TN	110	FP	0	FN	12	TP	0
Fold	4	TrainEpoch	6	ACC	0.858757	Loss	0.394025	AUC	0.658429	AUPRC	0.253201	TN	1216	FP	0	FN	200	TP	0
Fold	4	ValEpoch	6	ACC	0.858757	Loss	0.392283	AUC	0.691908	AUPRC	0.286649	TN	304	FP	0	FN	50	TP	0
Fold	4	TestEpoch	6	ACC	0.901639	Loss	0.323301	AUC	0.744697	AUPRC	0.244014	TN	110	FP	0	FN	12	TP	0
Fold	4	TrainEpoch	7	ACC	0.858757	Loss	0.387979	AUC	0.711719	AUPRC	0.325369	TN	1216	FP	0	FN	200	TP	0
Fold	4	ValEpoch	7	ACC	0.858757	Loss	0.381853	AUC	0.749934	AUPRC	0.365223	TN	304	FP	0	FN	50	TP	0
Fold	4	TestEpoch	7	ACC	0.901639	Loss	0.311936	AUC	0.812879	AUPRC	0.247205	TN	110	FP	0	FN	12	TP	0
Fold	4	TrainEpoch	8	ACC	0.858757	Loss	0.382652	AUC	0.717656	AUPRC	0.372606	TN	1216	FP	0	FN	200	TP	0
Fold	4	ValEpoch	8	ACC	0.858757	Loss	0.381385	AUC	0.710592	AUPRC	0.344795	TN	304	FP	0	FN	50	TP	0
Fold	4	TestEpoch	8	ACC	0.901639	Loss	0.310514	AUC	0.747727	AUPRC	0.254968	TN	110	FP	0	FN	12	TP	0
Fold	4	TrainEpoch	9	ACC	0.858757	Loss	0.375819	AUC	0.745789	AUPRC	0.387328	TN	1216	FP	0	FN	200	TP	0
Fold	4	ValEpoch	9	ACC	0.858757	Loss	0.369650	AUC	0.776908	AUPRC	0.414205	TN	304	FP	0	FN	50	TP	0
Fold	4	TestEpoch	9	ACC	0.901639	Loss	0.295550	AUC	0.818939	AUPRC	0.302667	TN	110	FP	0	FN	12	TP	0
Fold	4	TrainEpoch	10	ACC	0.858757	Loss	0.374260	AUC	0.740674	AUPRC	0.382830	TN	1216	FP	0	FN	200	TP	0
Fold	4	ValEpoch	10	ACC	0.858757	Loss	0.367292	AUC	0.774342	AUPRC	0.385724	TN	304	FP	0	FN	50	TP	0
Fold	4	TestEpoch	10	ACC	0.901639	Loss	0.298939	AUC	0.784848	AUPRC	0.252868	TN	110	FP	0	FN	12	TP	0
Fold	4	TrainEpoch	11	ACC	0.858757	Loss	0.367848	AUC	0.766579	AUPRC	0.396651	TN	1216	FP	0	FN	200	TP	0
Fold	4	ValEpoch	11	ACC	0.858757	Loss	0.370856	AUC	0.732632	AUPRC	0.391056	TN	304	FP	0	FN	50	TP	0
Fold	4	TestEpoch	11	ACC	0.901639	Loss	0.300455	AUC	0.731061	AUPRC	0.238735	TN	110	FP	0	FN	12	TP	0
Fold	4	TrainEpoch	12	ACC	0.858757	Loss	0.363270	AUC	0.770954	AUPRC	0.431568	TN	1216	FP	0	FN	200	TP	0
Fold	4	ValEpoch	12	ACC	0.858757	Loss	0.366687	AUC	0.738750	AUPRC	0.402826	TN	304	FP	0	FN	50	TP	0
Fold	4	TestEpoch	12	ACC	0.901639	Loss	0.296419	AUC	0.768182	AUPRC	0.294911	TN	110	FP	0	FN	12	TP	0
Fold	4	TrainEpoch	13	ACC	0.858757	Loss	0.360366	AUC	0.775337	AUPRC	0.439095	TN	1216	FP	0	FN	200	TP	0
Fold	4	ValEpoch	13	ACC	0.858757	Loss	0.360952	AUC	0.772961	AUPRC	0.386677	TN	304	FP	0	FN	50	TP	0
Fold	4	TestEpoch	13	ACC	0.901639	Loss	0.300164	AUC	0.756818	AUPRC	0.243256	TN	110	FP	0	FN	12	TP	0
Fold	4	TrainEpoch	14	ACC	0.858757	Loss	0.354909	AUC	0.788035	AUPRC	0.457378	TN	1216	FP	0	FN	200	TP	0
Fold	4	ValEpoch	14	ACC	0.858757	Loss	0.358908	AUC	0.765000	AUPRC	0.402726	TN	304	FP	0	FN	50	TP	0
Fold	4	TestEpoch	14	ACC	0.901639	Loss	0.291429	AUC	0.791667	AUPRC	0.296045	TN	110	FP	0	FN	12	TP	0
Fold	4	TrainEpoch	15	ACC	0.858757	Loss	0.350278	AUC	0.799700	AUPRC	0.484292	TN	1216	FP	0	FN	200	TP	0
Fold	4	ValEpoch	15	ACC	0.858757	Loss	0.352114	AUC	0.785789	AUPRC	0.436930	TN	304	FP	0	FN	50	TP	0
Fold	4	TestEpoch	15	ACC	0.901639	Loss	0.282822	AUC	0.806061	AUPRC	0.273917	TN	110	FP	0	FN	12	TP	0
Fold	4	TrainEpoch	16	ACC	0.858757	Loss	0.345927	AUC	0.810086	AUPRC	0.475514	TN	1216	FP	0	FN	200	TP	0
Fold	4	ValEpoch	16	ACC	0.858757	Loss	0.348039	AUC	0.792105	AUPRC	0.436747	TN	304	FP	0	FN	50	TP	0
Fold	4	TestEpoch	16	ACC	0.901639	Loss	0.287185	AUC	0.778788	AUPRC	0.303121	TN	110	FP	0	FN	12	TP	0
Fold	4	TrainEpoch	17	ACC	0.858757	Loss	0.344720	AUC	0.804330	AUPRC	0.485971	TN	1216	FP	0	FN	200	TP	0
Fold	4	ValEpoch	17	ACC	0.858757	Loss	0.347045	AUC	0.804737	AUPRC	0.416684	TN	304	FP	0	FN	50	TP	0
Fold	4	TestEpoch	17	ACC	0.901639	Loss	0.288240	AUC	0.767424	AUPRC	0.284006	TN	110	FP	0	FN	12	TP	0
Fold	4	TrainEpoch	18	ACC	0.858757	Loss	0.340915	AUC	0.813220	AUPRC	0.485651	TN	1216	FP	0	FN	200	TP	0
Fold	4	ValEpoch	18	ACC	0.858757	Loss	0.349097	AUC	0.779474	AUPRC	0.414869	TN	304	FP	0	FN	50	TP	0
Fold	4	TestEpoch	18	ACC	0.901639	Loss	0.288258	AUC	0.761364	AUPRC	0.287128	TN	110	FP	0	FN	12	TP	0
Fold	4	TrainEpoch	19	ACC	0.858757	Loss	0.338262	AUC	0.813577	AUPRC	0.515557	TN	1216	FP	0	FN	200	TP	0
Fold	4	ValEpoch	19	ACC	0.858757	Loss	0.344041	AUC	0.792763	AUPRC	0.441933	TN	304	FP	0	FN	50	TP	0
Fold	4	TestEpoch	19	ACC	0.901639	Loss	0.278372	AUC	0.801515	AUPRC	0.271619	TN	110	FP	0	FN	12	TP	0
Fold	4	TrainEpoch	20	ACC	0.858757	Loss	0.335811	AUC	0.820752	AUPRC	0.504637	TN	1216	FP	0	FN	200	TP	0
Fold	4	ValEpoch	20	ACC	0.858757	Loss	0.341053	AUC	0.799211	AUPRC	0.422252	TN	304	FP	0	FN	50	TP	0
Fold	4	TestEpoch	20	ACC	0.901639	Loss	0.280388	AUC	0.796212	AUPRC	0.277695	TN	110	FP	0	FN	12	TP	0
Fold	4	TrainEpoch	21	ACC	0.858757	Loss	0.330336	AUC	0.828314	AUPRC	0.531578	TN	1216	FP	0	FN	200	TP	0
Fold	4	ValEpoch	21	ACC	0.858757	Loss	0.335449	AUC	0.812961	AUPRC	0.447714	TN	304	FP	0	FN	50	TP	0
Fold	4	TestEpoch	21	ACC	0.901639	Loss	0.277063	AUC	0.807576	AUPRC	0.286412	TN	110	FP	0	FN	12	TP	0
Fold	4	TrainEpoch	22	ACC	0.858757	Loss	0.330505	AUC	0.826941	AUPRC	0.521134	TN	1216	FP	0	FN	200	TP	0
Fold	4	ValEpoch	22	ACC	0.858757	Loss	0.336364	AUC	0.808224	AUPRC	0.436932	TN	304	FP	0	FN	50	TP	0
Fold	4	TestEpoch	22	ACC	0.901639	Loss	0.275083	AUC	0.813636	AUPRC	0.290786	TN	110	FP	0	FN	12	TP	0
Fold	4	TrainEpoch	23	ACC	0.858757	Loss	0.325971	AUC	0.837011	AUPRC	0.519294	TN	1216	FP	0	FN	200	TP	0
Fold	4	ValEpoch	23	ACC	0.858757	Loss	0.334264	AUC	0.808421	AUPRC	0.445573	TN	304	FP	0	FN	50	TP	0
Fold	4	TestEpoch	23	ACC	0.901639	Loss	0.276104	AUC	0.807576	AUPRC	0.301181	TN	110	FP	0	FN	12	TP	0
Fold	4	TrainEpoch	24	ACC	0.858757	Loss	0.322599	AUC	0.839823	AUPRC	0.540792	TN	1216	FP	0	FN	200	TP	0
Fold	4	ValEpoch	24	ACC	0.858757	Loss	0.336386	AUC	0.802105	AUPRC	0.427076	TN	304	FP	0	FN	50	TP	0
Fold	4	TestEpoch	24	ACC	0.901639	Loss	0.273403	AUC	0.807576	AUPRC	0.287179	TN	110	FP	0	FN	12	TP	0
Fold	4	TrainEpoch	25	ACC	0.858757	Loss	0.320753	AUC	0.845872	AUPRC	0.534785	TN	1216	FP	0	FN	200	TP	0
Fold	4	ValEpoch	25	ACC	0.858757	Loss	0.331739	AUC	0.805855	AUPRC	0.447086	TN	304	FP	0	FN	50	TP	0
Fold	4	TestEpoch	25	ACC	0.901639	Loss	0.279847	AUC	0.781818	AUPRC	0.278762	TN	110	FP	0	FN	12	TP	0
Fold	4	TrainEpoch	26	ACC	0.858757	Loss	0.320076	AUC	0.841579	AUPRC	0.544490	TN	1216	FP	0	FN	200	TP	0
Fold	4	ValEpoch	26	ACC	0.858757	Loss	0.334403	AUC	0.804474	AUPRC	0.421371	TN	304	FP	0	FN	50	TP	0
Fold	4	TestEpoch	26	ACC	0.901639	Loss	0.279783	AUC	0.792424	AUPRC	0.297216	TN	110	FP	0	FN	12	TP	0
Fold	4	TrainEpoch	27	ACC	0.858757	Loss	0.317238	AUC	0.848487	AUPRC	0.553490	TN	1216	FP	0	FN	200	TP	0
Fold	4	ValEpoch	27	ACC	0.858757	Loss	0.333300	AUC	0.804079	AUPRC	0.443657	TN	304	FP	0	FN	50	TP	0
Fold	4	TestEpoch	27	ACC	0.901639	Loss	0.272129	AUC	0.812121	AUPRC	0.295751	TN	110	FP	0	FN	12	TP	0
Fold	4	TrainEpoch	28	ACC	0.858757	Loss	0.312596	AUC	0.857159	AUPRC	0.567756	TN	1216	FP	0	FN	200	TP	0
Fold	4	ValEpoch	28	ACC	0.858757	Loss	0.334697	AUC	0.804539	AUPRC	0.450307	TN	304	FP	0	FN	50	TP	0
Fold	4	TestEpoch	28	ACC	0.901639	Loss	0.271642	AUC	0.806818	AUPRC	0.341671	TN	110	FP	0	FN	12	TP	0
Fold	4	TrainEpoch	29	ACC	0.858757	Loss	0.310546	AUC	0.858540	AUPRC	0.564351	TN	1216	FP	0	FN	200	TP	0
Fold	4	ValEpoch	29	ACC	0.858757	Loss	0.330786	AUC	0.812237	AUPRC	0.457510	TN	304	FP	0	FN	50	TP	0
Fold	4	TestEpoch	29	ACC	0.901639	Loss	0.268888	AUC	0.807576	AUPRC	0.293857	TN	110	FP	0	FN	12	TP	0
Fold	4	TrainEpoch	30	ACC	0.858757	Loss	0.308824	AUC	0.863614	AUPRC	0.576260	TN	1216	FP	0	FN	200	TP	0
Fold	4	ValEpoch	30	ACC	0.858757	Loss	0.333479	AUC	0.801579	AUPRC	0.438837	TN	304	FP	0	FN	50	TP	0
Fold	4	TestEpoch	30	ACC	0.901639	Loss	0.262722	AUC	0.834848	AUPRC	0.312775	TN	110	FP	0	FN	12	TP	0
Fold	4	TrainEpoch	31	ACC	0.858757	Loss	0.306414	AUC	0.864630	AUPRC	0.578244	TN	1216	FP	0	FN	200	TP	0
Fold	4	ValEpoch	31	ACC	0.858757	Loss	0.328685	AUC	0.812368	AUPRC	0.476058	TN	304	FP	0	FN	50	TP	0
Fold	4	TestEpoch	31	ACC	0.901639	Loss	0.267593	AUC	0.812121	AUPRC	0.303495	TN	110	FP	0	FN	12	TP	0
Fold	4	TrainEpoch	32	ACC	0.858757	Loss	0.301508	AUC	0.875148	AUPRC	0.597188	TN	1216	FP	0	FN	200	TP	0
Fold	4	ValEpoch	32	ACC	0.858757	Loss	0.331861	AUC	0.806118	AUPRC	0.434802	TN	304	FP	0	FN	50	TP	0
Fold	4	TestEpoch	32	ACC	0.901639	Loss	0.268529	AUC	0.825758	AUPRC	0.321799	TN	110	FP	0	FN	12	TP	0
Fold	4	TrainEpoch	33	ACC	0.858757	Loss	0.297777	AUC	0.882516	AUPRC	0.612047	TN	1216	FP	0	FN	200	TP	0
Fold	4	ValEpoch	33	ACC	0.858757	Loss	0.326379	AUC	0.819342	AUPRC	0.435998	TN	304	FP	0	FN	50	TP	0
Fold	4	TestEpoch	33	ACC	0.901639	Loss	0.267435	AUC	0.818939	AUPRC	0.306347	TN	110	FP	0	FN	12	TP	0
Fold	4	TrainEpoch	34	ACC	0.858757	Loss	0.297430	AUC	0.881850	AUPRC	0.610950	TN	1216	FP	0	FN	200	TP	0
Fold	4	ValEpoch	34	ACC	0.858757	Loss	0.328866	AUC	0.811908	AUPRC	0.454919	TN	304	FP	0	FN	50	TP	0
Fold	4	TestEpoch	34	ACC	0.901639	Loss	0.260074	AUC	0.845455	AUPRC	0.346692	TN	110	FP	0	FN	12	TP	0
Fold	4	TrainEpoch	35	ACC	0.858757	Loss	0.294663	AUC	0.887097	AUPRC	0.621875	TN	1216	FP	0	FN	200	TP	0
Fold	4	ValEpoch	35	ACC	0.858757	Loss	0.328230	AUC	0.810263	AUPRC	0.471843	TN	304	FP	0	FN	50	TP	0
Fold	4	TestEpoch	35	ACC	0.901639	Loss	0.265052	AUC	0.824242	AUPRC	0.337118	TN	110	FP	0	FN	12	TP	0
Fold	4	TrainEpoch	36	ACC	0.858757	Loss	0.292914	AUC	0.887693	AUPRC	0.618704	TN	1216	FP	0	FN	200	TP	0
Fold	4	ValEpoch	36	ACC	0.858757	Loss	0.320712	AUC	0.827829	AUPRC	0.490519	TN	304	FP	0	FN	50	TP	0
Fold	4	TestEpoch	36	ACC	0.901639	Loss	0.269758	AUC	0.808333	AUPRC	0.297646	TN	110	FP	0	FN	12	TP	0
Fold	4	TrainEpoch	37	ACC	0.858757	Loss	0.289944	AUC	0.893195	AUPRC	0.650550	TN	1216	FP	0	FN	200	TP	0
Fold	4	ValEpoch	37	ACC	0.858757	Loss	0.331470	AUC	0.800987	AUPRC	0.468685	TN	304	FP	0	FN	50	TP	0
Fold	4	TestEpoch	37	ACC	0.901639	Loss	0.264844	AUC	0.821212	AUPRC	0.376169	TN	110	FP	0	FN	12	TP	0
Fold	4	TrainEpoch	38	ACC	0.858757	Loss	0.284204	AUC	0.903803	AUPRC	0.632006	TN	1216	FP	0	FN	200	TP	0
Fold	4	ValEpoch	38	ACC	0.858757	Loss	0.319478	AUC	0.831645	AUPRC	0.466754	TN	304	FP	0	FN	50	TP	0
Fold	4	TestEpoch	38	ACC	0.901639	Loss	0.267644	AUC	0.808333	AUPRC	0.311453	TN	110	FP	0	FN	12	TP	0
Fold	4	TrainEpoch	39	ACC	0.858757	Loss	0.281945	AUC	0.906431	AUPRC	0.666976	TN	1216	FP	0	FN	200	TP	0
Fold	4	ValEpoch	39	ACC	0.858757	Loss	0.325421	AUC	0.822237	AUPRC	0.448017	TN	304	FP	0	FN	50	TP	0
Fold	4	TestEpoch	39	ACC	0.901639	Loss	0.268874	AUC	0.806818	AUPRC	0.317972	TN	110	FP	0	FN	12	TP	0
Fold	4	TrainEpoch	40	ACC	0.858757	Loss	0.279702	AUC	0.909025	AUPRC	0.670838	TN	1216	FP	0	FN	200	TP	0
Fold	4	ValEpoch	40	ACC	0.858757	Loss	0.324694	AUC	0.816776	AUPRC	0.441168	TN	304	FP	0	FN	50	TP	0
Fold	4	TestEpoch	40	ACC	0.901639	Loss	0.265094	AUC	0.815152	AUPRC	0.302796	TN	110	FP	0	FN	12	TP	0
Fold	4	TrainEpoch	41	ACC	0.858757	Loss	0.274027	AUC	0.918269	AUPRC	0.692143	TN	1216	FP	0	FN	200	TP	0
Fold	4	ValEpoch	41	ACC	0.858757	Loss	0.329826	AUC	0.804868	AUPRC	0.423456	TN	304	FP	0	FN	50	TP	0
Fold	4	TestEpoch	41	ACC	0.901639	Loss	0.272914	AUC	0.795455	AUPRC	0.313753	TN	110	FP	0	FN	12	TP	0
Fold	4	TrainEpoch	42	ACC	0.858757	Loss	0.271531	AUC	0.919449	AUPRC	0.693570	TN	1216	FP	0	FN	200	TP	0
Fold	4	ValEpoch	42	ACC	0.858757	Loss	0.325359	AUC	0.818553	AUPRC	0.446597	TN	304	FP	0	FN	50	TP	0
Fold	4	TestEpoch	42	ACC	0.901639	Loss	0.256621	AUC	0.836364	AUPRC	0.340886	TN	110	FP	0	FN	12	TP	0
Fold	4	TrainEpoch	43	ACC	0.858757	Loss	0.267711	AUC	0.930477	AUPRC	0.703765	TN	1216	FP	0	FN	200	TP	0
Fold	4	ValEpoch	43	ACC	0.858757	Loss	0.331102	AUC	0.798816	AUPRC	0.465289	TN	304	FP	0	FN	50	TP	0
Fold	4	TestEpoch	43	ACC	0.901639	Loss	0.268420	AUC	0.809091	AUPRC	0.311159	TN	110	FP	0	FN	12	TP	0
Fold	4	TrainEpoch	44	ACC	0.860169	Loss	0.264814	AUC	0.929309	AUPRC	0.719777	TN	1216	FP	0	FN	198	TP	2
Fold	4	ValEpoch	44	ACC	0.858757	Loss	0.330272	AUC	0.806184	AUPRC	0.463370	TN	304	FP	0	FN	50	TP	0
Fold	4	TestEpoch	44	ACC	0.901639	Loss	0.260725	AUC	0.821970	AUPRC	0.385230	TN	110	FP	0	FN	12	TP	0
Fold	4	TrainEpoch	45	ACC	0.860876	Loss	0.260948	AUC	0.934770	AUPRC	0.722045	TN	1216	FP	0	FN	197	TP	3
Fold	4	ValEpoch	45	ACC	0.858757	Loss	0.322379	AUC	0.818816	AUPRC	0.479172	TN	304	FP	0	FN	50	TP	0
Fold	4	TestEpoch	45	ACC	0.901639	Loss	0.261014	AUC	0.820455	AUPRC	0.304125	TN	110	FP	0	FN	12	TP	0
Fold	4	TrainEpoch	46	ACC	0.860876	Loss	0.250797	AUC	0.943717	AUPRC	0.755314	TN	1216	FP	0	FN	197	TP	3
Fold	4	ValEpoch	46	ACC	0.858757	Loss	0.328157	AUC	0.808092	AUPRC	0.437526	TN	304	FP	0	FN	50	TP	0
Fold	4	TestEpoch	46	ACC	0.901639	Loss	0.260407	AUC	0.821212	AUPRC	0.319763	TN	110	FP	0	FN	12	TP	0
Fold	4	TrainEpoch	47	ACC	0.860169	Loss	0.249064	AUC	0.949038	AUPRC	0.774179	TN	1216	FP	0	FN	198	TP	2
Fold	4	ValEpoch	47	ACC	0.858757	Loss	0.325548	AUC	0.816711	AUPRC	0.491529	TN	304	FP	0	FN	50	TP	0
Fold	4	TestEpoch	47	ACC	0.901639	Loss	0.264176	AUC	0.817424	AUPRC	0.296227	TN	110	FP	0	FN	12	TP	0
Fold	4	TrainEpoch	48	ACC	0.860876	Loss	0.243749	AUC	0.956040	AUPRC	0.785430	TN	1216	FP	0	FN	197	TP	3
Fold	4	ValEpoch	48	ACC	0.858757	Loss	0.324561	AUC	0.815921	AUPRC	0.492486	TN	304	FP	0	FN	50	TP	0
Fold	4	TestEpoch	48	ACC	0.901639	Loss	0.260338	AUC	0.820455	AUPRC	0.323951	TN	110	FP	0	FN	12	TP	0
Fold	4	TrainEpoch	49	ACC	0.861582	Loss	0.242952	AUC	0.951924	AUPRC	0.755543	TN	1216	FP	0	FN	196	TP	4
Fold	4	ValEpoch	49	ACC	0.861582	Loss	0.331605	AUC	0.799474	AUPRC	0.463516	TN	304	FP	0	FN	49	TP	1
Fold	4	TestEpoch	49	ACC	0.893443	Loss	0.257197	AUC	0.821970	AUPRC	0.305147	TN	109	FP	1	FN	12	TP	0
Fold	5	TrainEpoch	0	ACC	0.651130	Loss	0.661815	AUC	0.522991	AUPRC	0.164249	TN	848	FP	368	FN	126	TP	74
Fold	5	ValEpoch	0	ACC	0.858757	Loss	0.551381	AUC	0.365724	AUPRC	0.128207	TN	304	FP	0	FN	50	TP	0
Fold	5	TestEpoch	0	ACC	0.901639	Loss	0.533919	AUC	0.375000	AUPRC	0.081263	TN	110	FP	0	FN	12	TP	0
Fold	5	TrainEpoch	1	ACC	0.858757	Loss	0.485292	AUC	0.489860	AUPRC	0.134635	TN	1216	FP	0	FN	200	TP	0
Fold	5	ValEpoch	1	ACC	0.858757	Loss	0.430390	AUC	0.443289	AUPRC	0.133323	TN	304	FP	0	FN	50	TP	0
Fold	5	TestEpoch	1	ACC	0.901639	Loss	0.372435	AUC	0.331818	AUPRC	0.074753	TN	110	FP	0	FN	12	TP	0
Fold	5	TrainEpoch	2	ACC	0.858757	Loss	0.430837	AUC	0.446386	AUPRC	0.129994	TN	1216	FP	0	FN	200	TP	0
Fold	5	ValEpoch	2	ACC	0.858757	Loss	0.450294	AUC	0.419013	AUPRC	0.119722	TN	304	FP	0	FN	50	TP	0
Fold	5	TestEpoch	2	ACC	0.901639	Loss	0.344065	AUC	0.361364	AUPRC	0.078710	TN	110	FP	0	FN	12	TP	0
Fold	5	TrainEpoch	3	ACC	0.858757	Loss	0.431539	AUC	0.490354	AUPRC	0.149026	TN	1216	FP	0	FN	200	TP	0
Fold	5	ValEpoch	3	ACC	0.858757	Loss	0.436829	AUC	0.428947	AUPRC	0.132083	TN	304	FP	0	FN	50	TP	0
Fold	5	TestEpoch	3	ACC	0.901639	Loss	0.327823	AUC	0.488636	AUPRC	0.125415	TN	110	FP	0	FN	12	TP	0
Fold	5	TrainEpoch	4	ACC	0.858757	Loss	0.418597	AUC	0.519749	AUPRC	0.150692	TN	1216	FP	0	FN	200	TP	0
Fold	5	ValEpoch	4	ACC	0.858757	Loss	0.413454	AUC	0.510987	AUPRC	0.147099	TN	304	FP	0	FN	50	TP	0
Fold	5	TestEpoch	4	ACC	0.901639	Loss	0.333022	AUC	0.415152	AUPRC	0.100425	TN	110	FP	0	FN	12	TP	0
Fold	5	TrainEpoch	5	ACC	0.858757	Loss	0.398261	AUC	0.619790	AUPRC	0.219193	TN	1216	FP	0	FN	200	TP	0
Fold	5	ValEpoch	5	ACC	0.858757	Loss	0.400441	AUC	0.591842	AUPRC	0.214612	TN	304	FP	0	FN	50	TP	0
Fold	5	TestEpoch	5	ACC	0.901639	Loss	0.328207	AUC	0.602273	AUPRC	0.133673	TN	110	FP	0	FN	12	TP	0
Fold	5	TrainEpoch	6	ACC	0.858757	Loss	0.391085	AUC	0.685210	AUPRC	0.276762	TN	1216	FP	0	FN	200	TP	0
Fold	5	ValEpoch	6	ACC	0.858757	Loss	0.395056	AUC	0.635197	AUPRC	0.246975	TN	304	FP	0	FN	50	TP	0
Fold	5	TestEpoch	6	ACC	0.901639	Loss	0.317820	AUC	0.725000	AUPRC	0.312302	TN	110	FP	0	FN	12	TP	0
Fold	5	TrainEpoch	7	ACC	0.858757	Loss	0.385159	AUC	0.723487	AUPRC	0.315831	TN	1216	FP	0	FN	200	TP	0
Fold	5	ValEpoch	7	ACC	0.858757	Loss	0.391889	AUC	0.659474	AUPRC	0.293915	TN	304	FP	0	FN	50	TP	0
Fold	5	TestEpoch	7	ACC	0.901639	Loss	0.311812	AUC	0.781818	AUPRC	0.275320	TN	110	FP	0	FN	12	TP	0
Fold	5	TrainEpoch	8	ACC	0.858757	Loss	0.377596	AUC	0.743244	AUPRC	0.390183	TN	1216	FP	0	FN	200	TP	0
Fold	5	ValEpoch	8	ACC	0.858757	Loss	0.383637	AUC	0.708553	AUPRC	0.312713	TN	304	FP	0	FN	50	TP	0
Fold	5	TestEpoch	8	ACC	0.901639	Loss	0.308524	AUC	0.752273	AUPRC	0.291355	TN	110	FP	0	FN	12	TP	0
Fold	5	TrainEpoch	9	ACC	0.858757	Loss	0.369932	AUC	0.770890	AUPRC	0.398494	TN	1216	FP	0	FN	200	TP	0
Fold	5	ValEpoch	9	ACC	0.858757	Loss	0.384262	AUC	0.679671	AUPRC	0.342604	TN	304	FP	0	FN	50	TP	0
Fold	5	TestEpoch	9	ACC	0.901639	Loss	0.304229	AUC	0.746970	AUPRC	0.254642	TN	110	FP	0	FN	12	TP	0
Fold	5	TrainEpoch	10	ACC	0.858757	Loss	0.364636	AUC	0.775798	AUPRC	0.430525	TN	1216	FP	0	FN	200	TP	0
Fold	5	ValEpoch	10	ACC	0.858757	Loss	0.378028	AUC	0.715000	AUPRC	0.364636	TN	304	FP	0	FN	50	TP	0
Fold	5	TestEpoch	10	ACC	0.901639	Loss	0.287489	AUC	0.794697	AUPRC	0.311323	TN	110	FP	0	FN	12	TP	0
Fold	5	TrainEpoch	11	ACC	0.858757	Loss	0.361190	AUC	0.775884	AUPRC	0.443806	TN	1216	FP	0	FN	200	TP	0
Fold	5	ValEpoch	11	ACC	0.858757	Loss	0.374096	AUC	0.720789	AUPRC	0.365474	TN	304	FP	0	FN	50	TP	0
Fold	5	TestEpoch	11	ACC	0.901639	Loss	0.292106	AUC	0.756818	AUPRC	0.263606	TN	110	FP	0	FN	12	TP	0
Fold	5	TrainEpoch	12	ACC	0.858757	Loss	0.353425	AUC	0.797344	AUPRC	0.461855	TN	1216	FP	0	FN	200	TP	0
Fold	5	ValEpoch	12	ACC	0.858757	Loss	0.371727	AUC	0.721711	AUPRC	0.364578	TN	304	FP	0	FN	50	TP	0
Fold	5	TestEpoch	12	ACC	0.901639	Loss	0.294296	AUC	0.768939	AUPRC	0.236662	TN	110	FP	0	FN	12	TP	0
Fold	5	TrainEpoch	13	ACC	0.858757	Loss	0.349639	AUC	0.800559	AUPRC	0.465542	TN	1216	FP	0	FN	200	TP	0
Fold	5	ValEpoch	13	ACC	0.858757	Loss	0.374628	AUC	0.703224	AUPRC	0.365703	TN	304	FP	0	FN	50	TP	0
Fold	5	TestEpoch	13	ACC	0.901639	Loss	0.286824	AUC	0.785606	AUPRC	0.297318	TN	110	FP	0	FN	12	TP	0
Fold	5	TrainEpoch	14	ACC	0.858757	Loss	0.349181	AUC	0.791612	AUPRC	0.456195	TN	1216	FP	0	FN	200	TP	0
Fold	5	ValEpoch	14	ACC	0.858757	Loss	0.367364	AUC	0.731447	AUPRC	0.388449	TN	304	FP	0	FN	50	TP	0
Fold	5	TestEpoch	14	ACC	0.901639	Loss	0.287715	AUC	0.781061	AUPRC	0.269948	TN	110	FP	0	FN	12	TP	0
Fold	5	TrainEpoch	15	ACC	0.858757	Loss	0.340051	AUC	0.817516	AUPRC	0.484124	TN	1216	FP	0	FN	200	TP	0
Fold	5	ValEpoch	15	ACC	0.858757	Loss	0.361870	AUC	0.748684	AUPRC	0.407547	TN	304	FP	0	FN	50	TP	0
Fold	5	TestEpoch	15	ACC	0.901639	Loss	0.285977	AUC	0.784091	AUPRC	0.298823	TN	110	FP	0	FN	12	TP	0
Fold	5	TrainEpoch	16	ACC	0.858757	Loss	0.337380	AUC	0.819095	AUPRC	0.477890	TN	1216	FP	0	FN	200	TP	0
Fold	5	ValEpoch	16	ACC	0.858757	Loss	0.360647	AUC	0.741053	AUPRC	0.409025	TN	304	FP	0	FN	50	TP	0
Fold	5	TestEpoch	16	ACC	0.901639	Loss	0.284662	AUC	0.782576	AUPRC	0.281817	TN	110	FP	0	FN	12	TP	0
Fold	5	TrainEpoch	17	ACC	0.858757	Loss	0.333875	AUC	0.822056	AUPRC	0.492877	TN	1216	FP	0	FN	200	TP	0
Fold	5	ValEpoch	17	ACC	0.858757	Loss	0.359943	AUC	0.748684	AUPRC	0.396394	TN	304	FP	0	FN	50	TP	0
Fold	5	TestEpoch	17	ACC	0.901639	Loss	0.288715	AUC	0.759848	AUPRC	0.311955	TN	110	FP	0	FN	12	TP	0
Fold	5	TrainEpoch	18	ACC	0.858757	Loss	0.332032	AUC	0.823339	AUPRC	0.497873	TN	1216	FP	0	FN	200	TP	0
Fold	5	ValEpoch	18	ACC	0.858757	Loss	0.360025	AUC	0.746579	AUPRC	0.393032	TN	304	FP	0	FN	50	TP	0
Fold	5	TestEpoch	18	ACC	0.901639	Loss	0.279564	AUC	0.795455	AUPRC	0.277552	TN	110	FP	0	FN	12	TP	0
Fold	5	TrainEpoch	19	ACC	0.858757	Loss	0.328808	AUC	0.827044	AUPRC	0.516674	TN	1216	FP	0	FN	200	TP	0
Fold	5	ValEpoch	19	ACC	0.858757	Loss	0.365704	AUC	0.723487	AUPRC	0.368523	TN	304	FP	0	FN	50	TP	0
Fold	5	TestEpoch	19	ACC	0.901639	Loss	0.276551	AUC	0.793182	AUPRC	0.317647	TN	110	FP	0	FN	12	TP	0
Fold	5	TrainEpoch	20	ACC	0.858757	Loss	0.327021	AUC	0.827126	AUPRC	0.506555	TN	1216	FP	0	FN	200	TP	0
Fold	5	ValEpoch	20	ACC	0.858757	Loss	0.358687	AUC	0.751250	AUPRC	0.397832	TN	304	FP	0	FN	50	TP	0
Fold	5	TestEpoch	20	ACC	0.901639	Loss	0.274228	AUC	0.809848	AUPRC	0.284773	TN	110	FP	0	FN	12	TP	0
Fold	5	TrainEpoch	21	ACC	0.858757	Loss	0.325879	AUC	0.826875	AUPRC	0.513004	TN	1216	FP	0	FN	200	TP	0
Fold	5	ValEpoch	21	ACC	0.858757	Loss	0.355019	AUC	0.756316	AUPRC	0.379837	TN	304	FP	0	FN	50	TP	0
Fold	5	TestEpoch	21	ACC	0.901639	Loss	0.280193	AUC	0.783333	AUPRC	0.285079	TN	110	FP	0	FN	12	TP	0
Fold	5	TrainEpoch	22	ACC	0.858757	Loss	0.321935	AUC	0.833294	AUPRC	0.535744	TN	1216	FP	0	FN	200	TP	0
Fold	5	ValEpoch	22	ACC	0.858757	Loss	0.356944	AUC	0.750066	AUPRC	0.390763	TN	304	FP	0	FN	50	TP	0
Fold	5	TestEpoch	22	ACC	0.901639	Loss	0.275065	AUC	0.806061	AUPRC	0.293278	TN	110	FP	0	FN	12	TP	0
Fold	5	TrainEpoch	23	ACC	0.858757	Loss	0.318694	AUC	0.839881	AUPRC	0.530526	TN	1216	FP	0	FN	200	TP	0
Fold	5	ValEpoch	23	ACC	0.858757	Loss	0.351476	AUC	0.765066	AUPRC	0.422791	TN	304	FP	0	FN	50	TP	0
Fold	5	TestEpoch	23	ACC	0.901639	Loss	0.278242	AUC	0.786364	AUPRC	0.284284	TN	110	FP	0	FN	12	TP	0
Fold	5	TrainEpoch	24	ACC	0.858757	Loss	0.317478	AUC	0.844141	AUPRC	0.537514	TN	1216	FP	0	FN	200	TP	0
Fold	5	ValEpoch	24	ACC	0.858757	Loss	0.362542	AUC	0.734803	AUPRC	0.397538	TN	304	FP	0	FN	50	TP	0
Fold	5	TestEpoch	24	ACC	0.901639	Loss	0.274400	AUC	0.798485	AUPRC	0.292113	TN	110	FP	0	FN	12	TP	0
Fold	5	TrainEpoch	25	ACC	0.858757	Loss	0.313488	AUC	0.849301	AUPRC	0.543010	TN	1216	FP	0	FN	200	TP	0
Fold	5	ValEpoch	25	ACC	0.858757	Loss	0.359982	AUC	0.743684	AUPRC	0.393671	TN	304	FP	0	FN	50	TP	0
Fold	5	TestEpoch	25	ACC	0.901639	Loss	0.272617	AUC	0.798485	AUPRC	0.279542	TN	110	FP	0	FN	12	TP	0
Fold	5	TrainEpoch	26	ACC	0.858757	Loss	0.311070	AUC	0.854174	AUPRC	0.551451	TN	1216	FP	0	FN	200	TP	0
Fold	5	ValEpoch	26	ACC	0.858757	Loss	0.353334	AUC	0.761579	AUPRC	0.385214	TN	304	FP	0	FN	50	TP	0
Fold	5	TestEpoch	26	ACC	0.901639	Loss	0.274820	AUC	0.794697	AUPRC	0.307412	TN	110	FP	0	FN	12	TP	0
Fold	5	TrainEpoch	27	ACC	0.858757	Loss	0.310940	AUC	0.851521	AUPRC	0.551007	TN	1216	FP	0	FN	200	TP	0
Fold	5	ValEpoch	27	ACC	0.858757	Loss	0.359859	AUC	0.739013	AUPRC	0.368175	TN	304	FP	0	FN	50	TP	0
Fold	5	TestEpoch	27	ACC	0.901639	Loss	0.277415	AUC	0.782576	AUPRC	0.275427	TN	110	FP	0	FN	12	TP	0
Fold	5	TrainEpoch	28	ACC	0.858757	Loss	0.307551	AUC	0.859675	AUPRC	0.575740	TN	1216	FP	0	FN	200	TP	0
Fold	5	ValEpoch	28	ACC	0.858757	Loss	0.353213	AUC	0.760132	AUPRC	0.404292	TN	304	FP	0	FN	50	TP	0
Fold	5	TestEpoch	28	ACC	0.901639	Loss	0.269689	AUC	0.812121	AUPRC	0.304971	TN	110	FP	0	FN	12	TP	0
Fold	5	TrainEpoch	29	ACC	0.858757	Loss	0.306315	AUC	0.861521	AUPRC	0.574100	TN	1216	FP	0	FN	200	TP	0
Fold	5	ValEpoch	29	ACC	0.858757	Loss	0.358112	AUC	0.747434	AUPRC	0.399486	TN	304	FP	0	FN	50	TP	0
Fold	5	TestEpoch	29	ACC	0.901639	Loss	0.270945	AUC	0.800000	AUPRC	0.278676	TN	110	FP	0	FN	12	TP	0
Fold	5	TrainEpoch	30	ACC	0.858757	Loss	0.300384	AUC	0.872471	AUPRC	0.584295	TN	1216	FP	0	FN	200	TP	0
Fold	5	ValEpoch	30	ACC	0.858757	Loss	0.354571	AUC	0.754474	AUPRC	0.404437	TN	304	FP	0	FN	50	TP	0
Fold	5	TestEpoch	30	ACC	0.901639	Loss	0.271207	AUC	0.797727	AUPRC	0.311117	TN	110	FP	0	FN	12	TP	0
Fold	5	TrainEpoch	31	ACC	0.858757	Loss	0.299377	AUC	0.874544	AUPRC	0.593431	TN	1216	FP	0	FN	200	TP	0
Fold	5	ValEpoch	31	ACC	0.858757	Loss	0.358529	AUC	0.749145	AUPRC	0.360410	TN	304	FP	0	FN	50	TP	0
Fold	5	TestEpoch	31	ACC	0.901639	Loss	0.271017	AUC	0.808333	AUPRC	0.312915	TN	110	FP	0	FN	12	TP	0
Fold	5	TrainEpoch	32	ACC	0.858757	Loss	0.297555	AUC	0.875378	AUPRC	0.597392	TN	1216	FP	0	FN	200	TP	0
Fold	5	ValEpoch	32	ACC	0.858757	Loss	0.358694	AUC	0.745724	AUPRC	0.380860	TN	304	FP	0	FN	50	TP	0
Fold	5	TestEpoch	32	ACC	0.901639	Loss	0.274979	AUC	0.795455	AUPRC	0.303901	TN	110	FP	0	FN	12	TP	0
Fold	5	TrainEpoch	33	ACC	0.858757	Loss	0.295334	AUC	0.880169	AUPRC	0.608269	TN	1216	FP	0	FN	200	TP	0
Fold	5	ValEpoch	33	ACC	0.858757	Loss	0.360537	AUC	0.741250	AUPRC	0.380427	TN	304	FP	0	FN	50	TP	0
Fold	5	TestEpoch	33	ACC	0.901639	Loss	0.267168	AUC	0.815909	AUPRC	0.291521	TN	110	FP	0	FN	12	TP	0
Fold	5	TrainEpoch	34	ACC	0.858757	Loss	0.290716	AUC	0.887525	AUPRC	0.620836	TN	1216	FP	0	FN	200	TP	0
Fold	5	ValEpoch	34	ACC	0.858757	Loss	0.352673	AUC	0.760263	AUPRC	0.416623	TN	304	FP	0	FN	50	TP	0
Fold	5	TestEpoch	34	ACC	0.901639	Loss	0.257471	AUC	0.825000	AUPRC	0.326895	TN	110	FP	0	FN	12	TP	0
Fold	5	TrainEpoch	35	ACC	0.858757	Loss	0.288293	AUC	0.890518	AUPRC	0.632335	TN	1216	FP	0	FN	200	TP	0
Fold	5	ValEpoch	35	ACC	0.858757	Loss	0.355666	AUC	0.757237	AUPRC	0.389537	TN	304	FP	0	FN	50	TP	0
Fold	5	TestEpoch	35	ACC	0.901639	Loss	0.267148	AUC	0.807576	AUPRC	0.301126	TN	110	FP	0	FN	12	TP	0
Fold	5	TrainEpoch	36	ACC	0.858757	Loss	0.286405	AUC	0.892652	AUPRC	0.642686	TN	1216	FP	0	FN	200	TP	0
Fold	5	ValEpoch	36	ACC	0.858757	Loss	0.356553	AUC	0.754934	AUPRC	0.388396	TN	304	FP	0	FN	50	TP	0
Fold	5	TestEpoch	36	ACC	0.901639	Loss	0.264634	AUC	0.815152	AUPRC	0.323085	TN	110	FP	0	FN	12	TP	0
Fold	5	TrainEpoch	37	ACC	0.858757	Loss	0.283660	AUC	0.897085	AUPRC	0.635056	TN	1216	FP	0	FN	200	TP	0
Fold	5	ValEpoch	37	ACC	0.858757	Loss	0.357330	AUC	0.757500	AUPRC	0.356771	TN	304	FP	0	FN	50	TP	0
Fold	5	TestEpoch	37	ACC	0.901639	Loss	0.267044	AUC	0.813636	AUPRC	0.351827	TN	110	FP	0	FN	12	TP	0
Fold	5	TrainEpoch	38	ACC	0.858757	Loss	0.283665	AUC	0.897615	AUPRC	0.644396	TN	1216	FP	0	FN	200	TP	0
Fold	5	ValEpoch	38	ACC	0.858757	Loss	0.354813	AUC	0.756645	AUPRC	0.373771	TN	304	FP	0	FN	50	TP	0
Fold	5	TestEpoch	38	ACC	0.901639	Loss	0.265182	AUC	0.812121	AUPRC	0.319483	TN	110	FP	0	FN	12	TP	0
Fold	5	TrainEpoch	39	ACC	0.858757	Loss	0.277301	AUC	0.907640	AUPRC	0.658697	TN	1216	FP	0	FN	200	TP	0
Fold	5	ValEpoch	39	ACC	0.858757	Loss	0.357206	AUC	0.756513	AUPRC	0.385490	TN	304	FP	0	FN	50	TP	0
Fold	5	TestEpoch	39	ACC	0.901639	Loss	0.264831	AUC	0.819697	AUPRC	0.330430	TN	110	FP	0	FN	12	TP	0
Fold	5	TrainEpoch	40	ACC	0.858757	Loss	0.275822	AUC	0.910720	AUPRC	0.673410	TN	1216	FP	0	FN	200	TP	0
Fold	5	ValEpoch	40	ACC	0.858757	Loss	0.358761	AUC	0.746053	AUPRC	0.385485	TN	304	FP	0	FN	50	TP	0
Fold	5	TestEpoch	40	ACC	0.901639	Loss	0.264577	AUC	0.818182	AUPRC	0.355734	TN	110	FP	0	FN	12	TP	0
Fold	5	TrainEpoch	41	ACC	0.858757	Loss	0.274724	AUC	0.911172	AUPRC	0.672316	TN	1216	FP	0	FN	200	TP	0
Fold	5	ValEpoch	41	ACC	0.858757	Loss	0.354824	AUC	0.760789	AUPRC	0.379647	TN	304	FP	0	FN	50	TP	0
Fold	5	TestEpoch	41	ACC	0.901639	Loss	0.260224	AUC	0.821212	AUPRC	0.392415	TN	110	FP	0	FN	12	TP	0
Fold	5	TrainEpoch	42	ACC	0.858757	Loss	0.269838	AUC	0.921036	AUPRC	0.692982	TN	1216	FP	0	FN	200	TP	0
Fold	5	ValEpoch	42	ACC	0.858757	Loss	0.358189	AUC	0.751250	AUPRC	0.413154	TN	304	FP	0	FN	50	TP	0
Fold	5	TestEpoch	42	ACC	0.901639	Loss	0.262615	AUC	0.823485	AUPRC	0.333006	TN	110	FP	0	FN	12	TP	0
Fold	5	TrainEpoch	43	ACC	0.858757	Loss	0.265686	AUC	0.928129	AUPRC	0.700594	TN	1216	FP	0	FN	200	TP	0
Fold	5	ValEpoch	43	ACC	0.858757	Loss	0.359308	AUC	0.753618	AUPRC	0.371145	TN	304	FP	0	FN	50	TP	0
Fold	5	TestEpoch	43	ACC	0.901639	Loss	0.257661	AUC	0.824242	AUPRC	0.357287	TN	110	FP	0	FN	12	TP	0
Fold	5	TrainEpoch	44	ACC	0.858757	Loss	0.262588	AUC	0.930090	AUPRC	0.713284	TN	1216	FP	0	FN	200	TP	0
Fold	5	ValEpoch	44	ACC	0.858757	Loss	0.353747	AUC	0.769803	AUPRC	0.403359	TN	304	FP	0	FN	50	TP	0
Fold	5	TestEpoch	44	ACC	0.901639	Loss	0.259870	AUC	0.820455	AUPRC	0.339834	TN	110	FP	0	FN	12	TP	0
Fold	5	TrainEpoch	45	ACC	0.858757	Loss	0.259426	AUC	0.931435	AUPRC	0.721788	TN	1216	FP	0	FN	200	TP	0
Fold	5	ValEpoch	45	ACC	0.858757	Loss	0.352678	AUC	0.769474	AUPRC	0.368400	TN	304	FP	0	FN	50	TP	0
Fold	5	TestEpoch	45	ACC	0.901639	Loss	0.260103	AUC	0.825758	AUPRC	0.356043	TN	110	FP	0	FN	12	TP	0
Fold	5	TrainEpoch	46	ACC	0.858757	Loss	0.251557	AUC	0.946694	AUPRC	0.759540	TN	1216	FP	0	FN	200	TP	0
Fold	5	ValEpoch	46	ACC	0.858757	Loss	0.357705	AUC	0.761645	AUPRC	0.402536	TN	304	FP	0	FN	50	TP	0
Fold	5	TestEpoch	46	ACC	0.901639	Loss	0.264442	AUC	0.819697	AUPRC	0.368017	TN	110	FP	0	FN	12	TP	0
Fold	5	TrainEpoch	47	ACC	0.858757	Loss	0.252163	AUC	0.941822	AUPRC	0.741745	TN	1216	FP	0	FN	200	TP	0
Fold	5	ValEpoch	47	ACC	0.858757	Loss	0.360151	AUC	0.758618	AUPRC	0.391098	TN	304	FP	0	FN	50	TP	0
Fold	5	TestEpoch	47	ACC	0.901639	Loss	0.255834	AUC	0.829545	AUPRC	0.375763	TN	110	FP	0	FN	12	TP	0
Fold	5	TrainEpoch	48	ACC	0.858757	Loss	0.245075	AUC	0.947089	AUPRC	0.762895	TN	1216	FP	0	FN	200	TP	0
Fold	5	ValEpoch	48	ACC	0.858757	Loss	0.362716	AUC	0.749868	AUPRC	0.369785	TN	304	FP	0	FN	50	TP	0
Fold	5	TestEpoch	48	ACC	0.901639	Loss	0.248532	AUC	0.840152	AUPRC	0.354945	TN	110	FP	0	FN	12	TP	0
Fold	5	TrainEpoch	49	ACC	0.858757	Loss	0.241376	AUC	0.950736	AUPRC	0.774886	TN	1216	FP	0	FN	200	TP	0
Fold	5	ValEpoch	49	ACC	0.858757	Loss	0.351718	AUC	0.775132	AUPRC	0.412283	TN	304	FP	0	FN	50	TP	0
Fold	5	TestEpoch	49	ACC	0.901639	Loss	0.244961	AUC	0.851515	AUPRC	0.353533	TN	110	FP	0	FN	12	TP	0
